1>------ Build started: Project: ZERO_CHECK, Configuration: Debug x64 ------
1>  Checking Build System
1>  CMake does not need to re-run because E:/itksnap/bin/CMakeFiles/generate.stamp is up-to-date.
1>  CMake does not need to re-run because E:/itksnap/bin/Submodules/c3d/CMakeFiles/generate.stamp is up-to-date.
1>  CMake does not need to re-run because E:/itksnap/bin/Submodules/c3d/itkextras/CMakeFiles/generate.stamp is up-to-date.
1>  CMake does not need to re-run because E:/itksnap/bin/Submodules/c3d/itkextras/PovRayIO/CMakeFiles/generate.stamp is up-to-date.
1>  CMake does not need to re-run because E:/itksnap/bin/Submodules/c3d/itkextras/VoxBoIO/CMakeFiles/generate.stamp is up-to-date.
1>  CMake does not need to re-run because E:/itksnap/bin/Submodules/c3d/itkextras/RandomForest/CMakeFiles/generate.stamp is up-to-date.
1>  CMake does not need to re-run because E:/itksnap/bin/Submodules/greedy/CMakeFiles/generate.stamp is up-to-date.
2>------ Build started: Project: markdown_to_hex, Configuration: Debug x64 ------
3>------ Build started: Project: cnd_adapters, Configuration: Debug x64 ------
4>------ Build started: Project: cnd_api, Configuration: Debug x64 ------
5>------ Build started: Project: greedyapi, Configuration: Debug x64 ------
6>------ Build started: Project: ITKPovRayIO, Configuration: Debug x64 ------
7>------ Build started: Project: ITKVoxBoIO, Configuration: Debug x64 ------
8>------ Build started: Project: SlicingPerformanceTest, Configuration: Debug x64 ------
9>------ Build started: Project: iteratorTests, Configuration: Debug x64 ------
6>  Building Custom Rule E:/itksnap/src/Submodules/c3d/itkextras/PovRayIO/CMakeLists.txt
3>  Building Custom Rule E:/itksnap/src/Submodules/c3d/CMakeLists.txt
4>  Building Custom Rule E:/itksnap/src/Submodules/c3d/CMakeLists.txt
7>  Building Custom Rule E:/itksnap/src/Submodules/c3d/itkextras/VoxBoIO/CMakeLists.txt
2>  Building Custom Rule E:/itksnap/src/Submodules/c3d/CMakeLists.txt
5>  Building Custom Rule E:/itksnap/src/Submodules/greedy/CMakeLists.txt
9>  Building Custom Rule E:/itksnap/src/CMakeLists.txt
8>  Building Custom Rule E:/itksnap/src/CMakeLists.txt
4>  CMake does not need to re-run because E:\itksnap\bin\Submodules\c3d\CMakeFiles\generate.stamp is up-to-date.
7>  CMake does not need to re-run because E:\itksnap\bin\Submodules\c3d\itkextras\VoxBoIO\CMakeFiles\generate.stamp is up-to-date.
6>  CMake does not need to re-run because E:\itksnap\bin\Submodules\c3d\itkextras\PovRayIO\CMakeFiles\generate.stamp is up-to-date.
3>  CMake does not need to re-run because E:\itksnap\bin\Submodules\c3d\CMakeFiles\generate.stamp is up-to-date.
2>  CMake does not need to re-run because E:\itksnap\bin\Submodules\c3d\CMakeFiles\generate.stamp is up-to-date.
5>  CMake does not need to re-run because E:\itksnap\bin\Submodules\greedy\CMakeFiles\generate.stamp is up-to-date.
9>  CMake does not need to re-run because E:\itksnap\bin\CMakeFiles\generate.stamp is up-to-date.
8>  CMake does not need to re-run because E:\itksnap\bin\CMakeFiles\generate.stamp is up-to-date.
6>  itkPovRayDF3ImageIO.cxx
7>  itkVoxBoCUBImageIO.cxx
3>  AddImages.cxx
9>  itkRegionOfInterestImageFilterTest.cxx
8>  SlicingPerformanceTest.cxx
2>  hexdump.c
4>  ConvertAPI.cxx
5>  lddmm_data.cxx
2>E:\itksnap\src\Submodules\c3d\utilities\hexdump.c(168): error C2059: syntax error : '['
2>E:\itksnap\src\Submodules\c3d\utilities\hexdump.c(194): error C2061: syntax error : identifier 'hxd_isspace'
2>E:\itksnap\src\Submodules\c3d\utilities\hexdump.c(194): error C2059: syntax error : ';'
2>E:\itksnap\src\Submodules\c3d\utilities\hexdump.c(194): error C2059: syntax error : 'type'
2>E:\itksnap\src\Submodules\c3d\utilities\hexdump.c(203): error C2146: syntax error : missing ')' before identifier 'nlok'
2>E:\itksnap\src\Submodules\c3d\utilities\hexdump.c(203): error C2081: '_Bool' : name in formal parameter list illegal
2>E:\itksnap\src\Submodules\c3d\utilities\hexdump.c(203): error C2061: syntax error : identifier 'nlok'
2>E:\itksnap\src\Submodules\c3d\utilities\hexdump.c(203): error C2059: syntax error : ';'
2>E:\itksnap\src\Submodules\c3d\utilities\hexdump.c(203): error C2059: syntax error : ')'
2>E:\itksnap\src\Submodules\c3d\utilities\hexdump.c(203): error C2449: found '{' at file scope (missing function header?)
2>E:\itksnap\src\Submodules\c3d\utilities\hexdump.c(208): error C2059: syntax error : '}'
2>E:\itksnap\src\Submodules\c3d\utilities\hexdump.c(267): warning C4013: 'getint' undefined; assuming extern returning int
2>E:\itksnap\src\Submodules\c3d\utilities\hexdump.c(403): error C2059: syntax error : '['
2>E:\itksnap\src\Submodules\c3d\utilities\hexdump.c(438): warning C4034: sizeof returns 0
2>E:\itksnap\src\Submodules\c3d\utilities\hexdump.c(461): error C2061: syntax error : identifier '_Bool'
2>E:\itksnap\src\Submodules\c3d\utilities\hexdump.c(462): error C2059: syntax error : '}'
2>E:\itksnap\src\Submodules\c3d\utilities\hexdump.c(467): error C2059: syntax error : '}'
2>E:\itksnap\src\Submodules\c3d\utilities\hexdump.c(471): error C2037: left of 'code' specifies undefined struct/union 'vm_state'
2>E:\itksnap\src\Submodules\c3d\utilities\hexdump.c(478): error C2037: left of 'code' specifies undefined struct/union 'vm_state'
2>E:\itksnap\src\Submodules\c3d\utilities\hexdump.c(482): error C2037: left of 'code' specifies undefined struct/union 'vm_state'
2>E:\itksnap\src\Submodules\c3d\utilities\hexdump.c(483): error C2037: left of 'code' specifies undefined struct/union 'vm_state'
2>E:\itksnap\src\Submodules\c3d\utilities\hexdump.c(489): error C2037: left of 'code' specifies undefined struct/union 'vm_state'
2>E:\itksnap\src\Submodules\c3d\utilities\hexdump.c(490): error C2037: left of 'code' specifies undefined struct/union 'vm_state'
2>E:\itksnap\src\Submodules\c3d\utilities\hexdump.c(491): error C2037: left of 'code' specifies undefined struct/union 'vm_state'
2>E:\itksnap\src\Submodules\c3d\utilities\hexdump.c(492): error C2037: left of 'code' specifies undefined struct/union 'vm_state'
2>E:\itksnap\src\Submodules\c3d\utilities\hexdump.c(499): error C2037: left of 'code' specifies undefined struct/union 'vm_state'
2>E:\itksnap\src\Submodules\c3d\utilities\hexdump.c(539): error C2037: left of 'blocksize' specifies undefined struct/union 'vm_state'
2>E:\itksnap\src\Submodules\c3d\utilities\hexdump.c(542): error C2037: left of 'code' specifies undefined struct/union 'vm_state'
2>E:\itksnap\src\Submodules\c3d\utilities\hexdump.c(556): error C2037: left of 'trap' specifies undefined struct/union 'vm_state'
2>E:\itksnap\src\Submodules\c3d\utilities\hexdump.c(556): warning C4047: 'function' : '_JBTYPE *' differs in levels of indirection from 'int'
2>E:\itksnap\src\Submodules\c3d\utilities\hexdump.c(556): warning C4024: 'longjmp' : different types for formal and actual parameter 1
2>E:\itksnap\src\Submodules\c3d\utilities\hexdump.c(556): error C2198: 'longjmp' : too few arguments for call
2>E:\itksnap\src\Submodules\c3d\utilities\hexdump.c(564): error C2037: left of 'i' specifies undefined struct/union 'vm_state'
2>E:\itksnap\src\Submodules\c3d\utilities\hexdump.c(564): fatal error C1903: unable to recover from previous error(s); stopping compilation
10>------ Build started: Project: markdown_docs, Configuration: Debug x64 ------
6>  itkPovRayDF3ImageIOFactory.cxx
7>  itkVoxBoCUBImageIOFactory.cxx
9>e:\itksnap\src\logic\rleimage\RLEImage.txx(113): warning C4018: '<' : signed/unsigned mismatch
9>          e:\itksnap\src\logic\rleimage\RLEImage.txx(101) : while compiling class template member function 'int RLEImage<TPixel>::SetPixel(std::vector<_Ty> &,__int64 &,__int64 &,const TPixel &)'
9>          with
9>          [
9>              TPixel=PixelType,
9>              _Ty=std::pair<unsigned short,itk::Index<3>>
9>          ]
9>          E:\itksnap\src\Logic\RLEImage\RLEImageRegionIterator.h(71) : see reference to function template instantiation 'int RLEImage<TPixel>::SetPixel(std::vector<_Ty> &,__int64 &,__int64 &,const TPixel &)' being compiled
9>          with
9>          [
9>              TPixel=PixelType,
9>              _Ty=std::pair<unsigned short,itk::Index<3>>
9>          ]
9>          E:\itksnap\src\Testing\Logic\itkRegionOfInterestImageFilterTest.cxx(37) : see reference to class template instantiation 'RLEImage<TPixel>' being compiled
9>          with
9>          [
9>              TPixel=PixelType
9>          ]
3>  AlignByLandmarks.cxx
9>e:\itksnap\src\logic\rleimage\RLEImage.txx(131): warning C4018: '<' : signed/unsigned mismatch
9>e:\itksnap\src\logic\rleimage\RLEImage.txx(141): warning C4018: '<' : signed/unsigned mismatch
9>C:\Program Files (x86)\Microsoft Visual Studio 11.0\VC\include\utility(138): warning C4244: 'initializing' : conversion from 'itk::Index<VIndexDimension>::IndexValueType' to 'unsigned short', possible loss of data
9>          with
9>          [
9>              VIndexDimension=3
9>          ]
9>          e:\itksnap\src\logic\rleimage\RLERegionOfInterestImageFilter.txx(166) : see reference to function template instantiation 'std::pair<_Ty1,_Ty2>::pair<itk::Index<VIndexDimension>::IndexValueType,const _Ty2&>(_Other1 &&,_Other2,void **)' being compiled
9>          with
9>          [
9>              _Ty1=unsigned short,
9>              _Ty2=itk::Index<3>,
9>              VIndexDimension=3,
9>              _Other1=itk::Index<3>::IndexValueType,
9>              _Other2=const itk::Index<3> &
9>          ]
9>          e:\itksnap\src\logic\rleimage\RLERegionOfInterestImageFilter.txx(166) : see reference to function template instantiation 'std::pair<_Ty1,_Ty2>::pair<itk::Index<VIndexDimension>::IndexValueType,const _Ty2&>(_Other1 &&,_Other2,void **)' being compiled
9>          with
9>          [
9>              _Ty1=unsigned short,
9>              _Ty2=itk::Index<3>,
9>              VIndexDimension=3,
9>              _Other1=itk::Index<3>::IndexValueType,
9>              _Other2=const itk::Index<3> &
9>          ]
9>          e:\itksnap\src\logic\rleimage\RLERegionOfInterestImageFilter.txx(117) : while compiling class template member function 'void itk::RegionOfInterestImageFilter<TInputImage,TOutputImage>::ThreadedGenerateData(const itk::ImageRegion<VImageDimension> &,itk::ThreadIdType)'
9>          with
9>          [
9>              TInputImage=ImageType,
9>              TOutputImage=ImageType,
9>              VImageDimension=3
9>          ]
9>          E:\itksnap\src\Testing\Logic\itkRegionOfInterestImageFilterTest.cxx(45) : see reference to class template instantiation 'itk::RegionOfInterestImageFilter<TInputImage,TOutputImage>' being compiled
9>          with
9>          [
9>              TInputImage=ImageType,
9>              TOutputImage=ImageType
9>          ]
9>  itkIteratorTests.cxx
8>e:\itksnap\src\logic\slicing\IRISSlicer_RLE.txx(298): warning C4018: '>' : signed/unsigned mismatch
8>          e:\itksnap\src\logic\slicing\IRISSlicer_RLE.txx(205) : while compiling class template member function 'void IRISSlicer<TInputImage,TOutputImage,TPreviewImage>::GenerateData(void)'
8>          with
8>          [
8>              TInputImage=RLEImage3D,
8>              TOutputImage=Seg2DImageType,
8>              TPreviewImage=RLEImage3D
8>          ]
8>          E:\itksnap\src\Testing\Logic\SlicingPerformanceTest.cxx(166) : see reference to class template instantiation 'IRISSlicer<TInputImage,TOutputImage,TPreviewImage>' being compiled
8>          with
8>          [
8>              TInputImage=RLEImage3D,
8>              TOutputImage=Seg2DImageType,
8>              TPreviewImage=RLEImage3D
8>          ]
10>  Building Custom Rule E:/itksnap/src/Submodules/c3d/CMakeLists.txt
10>  CMake does not need to re-run because E:\itksnap\bin\Submodules\c3d\CMakeFiles\generate.stamp is up-to-date.
10>  Generating markdown_docs.h
10>  'Debug\markdown_to_hex.exe' 不是内部或外部命令，也不是可运行的程序
10>  或批处理文件。
10>C:\Program Files (x86)\MSBuild\Microsoft.Cpp\v4.0\V110\Microsoft.CppCommon.targets(172,5): error MSB6006: "cmd.exe" exited with code 9009.
11>------ Build started: Project: cnd_driver, Configuration: Debug x64 ------
4>  cnd_api.vcxproj -> E:\itksnap\bin\Submodules\c3d\Debug\cnd_api.lib
11>  Building Custom Rule E:/itksnap/src/Submodules/c3d/CMakeLists.txt
11>  CMake does not need to re-run because E:\itksnap\bin\Submodules\c3d\CMakeFiles\generate.stamp is up-to-date.
12>------ Build started: Project: testRLE, Configuration: Debug x64 ------
11>  ConvertImageND.cxx
12>  Building Custom Rule E:/itksnap/src/CMakeLists.txt
12>  CMake does not need to re-run because E:\itksnap\bin\CMakeFiles\generate.stamp is up-to-date.
6>  Generating Code...
7>  Generating Code...
12>  testRLE.cxx
6>  ITKPovRayIO.vcxproj -> E:\itksnap\bin\Submodules\c3d\itkextras\PovRayIO\Debug\ITKPovRayIO.lib
13>------ Skipped Build: Project: Continuous, Configuration: Debug x64 ------
13>Project not selected to build for this solution configuration 
14>------ Skipped Build: Project: Experimental, Configuration: Debug x64 ------
14>Project not selected to build for this solution configuration 
15>------ Skipped Build: Project: Nightly, Configuration: Debug x64 ------
15>Project not selected to build for this solution configuration 
16>------ Skipped Build: Project: NightlyMemoryCheck, Configuration: Debug x64 ------
16>Project not selected to build for this solution configuration 
17>------ Skipped Build: Project: RUN_TESTS, Configuration: Debug x64 ------
17>Project not selected to build for this solution configuration 
18>------ Skipped Build: Project: upload_experimental, Configuration: Debug x64 ------
18>Project not selected to build for this solution configuration 
19>------ Skipped Build: Project: upload_nightly, Configuration: Debug x64 ------
19>Project not selected to build for this solution configuration 
3>E:\itksnap\src\Submodules\c3d\adapters\AlignByLandmarks.cxx(143): warning C4018: '<' : signed/unsigned mismatch
3>          E:\itksnap\src\Submodules\c3d\adapters\AlignByLandmarks.cxx(82) : while compiling class template member function 'void AlignByLandmarks<TPixel,VDim>::operator ()(int,std::string)'
3>          with
3>          [
3>              TPixel=double,
3>              VDim=2
3>          ]
3>          E:\itksnap\src\Submodules\c3d\adapters\AlignByLandmarks.cxx(241) : see reference to class template instantiation 'AlignByLandmarks<TPixel,VDim>' being compiled
3>          with
3>          [
3>              TPixel=double,
3>              VDim=2
3>          ]
3>E:\itksnap\src\Submodules\c3d\adapters\AlignByLandmarks.cxx(169): warning C4018: '<' : signed/unsigned mismatch
9>e:\itksnap\src\logic\rleimage\RLEImage.txx(113): warning C4018: '<' : signed/unsigned mismatch
9>          e:\itksnap\src\logic\rleimage\RLEImage.txx(101) : while compiling class template member function 'int RLEImage<TPixel>::SetPixel(std::vector<_Ty> &,__int64 &,__int64 &,const TPixel &)'
9>          with
9>          [
9>              TPixel=unsigned short,
9>              _Ty=std::pair<unsigned short,unsigned short>
9>          ]
9>          E:\itksnap\src\Logic\RLEImage\RLEImageRegionIterator.h(71) : see reference to function template instantiation 'int RLEImage<TPixel>::SetPixel(std::vector<_Ty> &,__int64 &,__int64 &,const TPixel &)' being compiled
9>          with
9>          [
9>              TPixel=unsigned short,
9>              _Ty=std::pair<unsigned short,unsigned short>
9>          ]
9>          E:\itksnap\src\Testing\Logic\itkIteratorTests.cxx(30) : see reference to class template instantiation 'RLEImage<TPixel>' being compiled
9>          with
9>          [
9>              TPixel=unsigned short
9>          ]
9>e:\itksnap\src\logic\rleimage\RLEImage.txx(131): warning C4018: '<' : signed/unsigned mismatch
9>e:\itksnap\src\logic\rleimage\RLEImage.txx(141): warning C4018: '<' : signed/unsigned mismatch
9>  itkImageIteratorsForwardBackwardTest.cxx
3>  AntiAliasImage.cxx
9>e:\itksnap\src\logic\rleimage\RLEImage.txx(113): warning C4018: '<' : signed/unsigned mismatch
9>          e:\itksnap\src\logic\rleimage\RLEImage.txx(101) : while compiling class template member function 'int RLEImage<TPixel>::SetPixel(std::vector<_Ty> &,__int64 &,__int64 &,const TPixel &)'
9>          with
9>          [
9>              TPixel=unsigned short,
9>              _Ty=std::pair<unsigned short,unsigned short>
9>          ]
9>          E:\itksnap\src\Logic\RLEImage\RLEImageRegionIterator.h(111) : see reference to function template instantiation 'int RLEImage<TPixel>::SetPixel(std::vector<_Ty> &,__int64 &,__int64 &,const TPixel &)' being compiled
9>          with
9>          [
9>              TPixel=unsigned short,
9>              _Ty=std::pair<unsigned short,unsigned short>
9>          ]
9>          E:\itksnap\src\Testing\Logic\itkImageIteratorsForwardBackwardTest.cxx(29) : see reference to class template instantiation 'RLEImage<TPixel>' being compiled
9>          with
9>          [
9>              TPixel=unsigned short
9>          ]
9>e:\itksnap\src\logic\rleimage\RLEImage.txx(131): warning C4018: '<' : signed/unsigned mismatch
9>e:\itksnap\src\logic\rleimage\RLEImage.txx(141): warning C4018: '<' : signed/unsigned mismatch
9>  itkImageIteratorTest.cxx
12>e:\itksnap\src\logic\slicing\IRISSlicer_RLE.txx(298): warning C4018: '>' : signed/unsigned mismatch
12>          e:\itksnap\src\logic\slicing\IRISSlicer_RLE.txx(205) : while compiling class template member function 'void IRISSlicer<TInputImage,TOutputImage,TPreviewImage>::GenerateData(void)'
12>          with
12>          [
12>              TInputImage=shortRLEImage,
12>              TOutputImage=Seg2DImageType,
12>              TPreviewImage=shortRLEImage
12>          ]
12>          E:\itksnap\src\Testing\Logic\testRLE.cxx(73) : see reference to class template instantiation 'IRISSlicer<TInputImage,TOutputImage,TPreviewImage>' being compiled
12>          with
12>          [
12>              TInputImage=shortRLEImage,
12>              TOutputImage=Seg2DImageType,
12>              TPreviewImage=shortRLEImage
12>          ]
11>  Documentation.cxx
11>  Generating Code...
7>  ITKVoxBoIO.vcxproj -> E:\itksnap\bin\Submodules\c3d\itkextras\VoxBoIO\Debug\ITKVoxBoIO.lib
9>e:\itksnap\src\logic\rleimage\RLEImage.txx(113): warning C4018: '<' : signed/unsigned mismatch
11>  cnd_driver.vcxproj -> E:\itksnap\bin\Submodules\c3d\Debug\cnd_driver.lib
9>          e:\itksnap\src\logic\rleimage\RLEImage.txx(101) : while compiling class template member function 'int RLEImage<TPixel>::SetPixel(std::vector<_Ty> &,__int64 &,__int64 &,const TPixel &)'
9>          with
9>          [
9>              TPixel=itk::Vector<unsigned short,5>,
9>              _Ty=std::pair<unsigned short,itk::Vector<unsigned short,5>>
9>          ]
9>          e:\itksnap\src\logic\rleimage\RLEImageIterator.h(75) : see reference to function template instantiation 'int RLEImage<TPixel>::SetPixel(std::vector<_Ty> &,__int64 &,__int64 &,const TPixel &)' being compiled
9>          with
9>          [
9>              TPixel=itk::Vector<unsigned short,5>,
9>              _Ty=std::pair<unsigned short,itk::Vector<unsigned short,5>>
9>          ]
9>          E:\itksnap\src\Testing\Logic\itkImageIteratorTest.cxx(52) : see reference to class template instantiation 'RLEImage<TPixel>' being compiled
9>          with
9>          [
9>              TPixel=itk::Vector<unsigned short,5>
9>          ]
9>e:\itksnap\src\logic\rleimage\RLEImage.txx(131): warning C4018: '<' : signed/unsigned mismatch
9>e:\itksnap\src\logic\rleimage\RLEImage.txx(141): warning C4018: '<' : signed/unsigned mismatch
9>e:\itksnap\src\logic\rleimage\RLEImage.txx(199): warning C4018: '<' : signed/unsigned mismatch
9>          e:\itksnap\src\logic\rleimage\RLEImage.txx(190) : while compiling class template member function 'void RLEImage<TPixel>::SetPixel(const itk::Index<VIndexDimension> &,const TPixel &)'
9>          with
9>          [
9>              TPixel=itk::Vector<unsigned short,5>,
9>              VIndexDimension=3
9>          ]
9>          E:\itksnap\src\Testing\Logic\itkImageIteratorTest.cxx(85) : see reference to function template instantiation 'void RLEImage<TPixel>::SetPixel(const itk::Index<VIndexDimension> &,const TPixel &)' being compiled
9>          with
9>          [
9>              TPixel=itk::Vector<unsigned short,5>,
9>              VIndexDimension=3
9>          ]
9>e:\itksnap\src\logic\rleimage\RLEImage.txx(224): warning C4018: '<' : signed/unsigned mismatch
9>          e:\itksnap\src\logic\rleimage\RLEImage.txx(215) : while compiling class template member function 'const itk::Vector<T,NVectorDimension> &RLEImage<TPixel>::GetPixel(const itk::Index<VIndexDimension> &) const'
9>          with
9>          [
9>              T=unsigned short,
9>              NVectorDimension=5,
9>              TPixel=itk::Vector<unsigned short,5>,
9>              VIndexDimension=3
9>          ]
9>          e:\itksnap\src\logic\rleimage\RLEImage.h(163) : see reference to function template instantiation 'const itk::Vector<T,NVectorDimension> &RLEImage<TPixel>::GetPixel(const itk::Index<VIndexDimension> &) const' being compiled
9>          with
9>          [
9>              T=unsigned short,
9>              NVectorDimension=5,
9>              TPixel=itk::Vector<unsigned short,5>,
9>              VIndexDimension=3
9>          ]
9>  itkImageIteratorWithIndexTest.cxx
3>  ApplyMetric.cxx
9>e:\itksnap\src\logic\rleimage\RLEImage.txx(113): warning C4018: '<' : signed/unsigned mismatch
9>          e:\itksnap\src\logic\rleimage\RLEImage.txx(101) : while compiling class template member function 'int RLEImage<TPixel>::SetPixel(std::vector<_Ty> &,__int64 &,__int64 &,const TPixel &)'
9>          with
9>          [
9>              TPixel=char,
9>              _Ty=std::pair<unsigned short,char>
9>          ]
9>          E:\itksnap\src\Logic\RLEImage\RLEImageRegionIterator.h(111) : see reference to function template instantiation 'int RLEImage<TPixel>::SetPixel(std::vector<_Ty> &,__int64 &,__int64 &,const TPixel &)' being compiled
9>          with
9>          [
9>              TPixel=char,
9>              _Ty=std::pair<unsigned short,char>
9>          ]
9>          E:\itksnap\src\Testing\Logic\itkImageIteratorWithIndexTest.cxx(113) : see reference to class template instantiation 'RLEImage<TPixel>' being compiled
9>          with
9>          [
9>              TPixel=char
9>          ]
9>          E:\itksnap\src\Testing\Logic\itkImageIteratorWithIndexTest.cxx(126) : see reference to class template instantiation 'itkImageIteratorWithIndexTestIteratorTester<TPixelType>' being compiled
9>          with
9>          [
9>              TPixelType=char
9>          ]
9>e:\itksnap\src\logic\rleimage\RLEImage.txx(131): warning C4018: '<' : signed/unsigned mismatch
9>e:\itksnap\src\logic\rleimage\RLEImage.txx(141): warning C4018: '<' : signed/unsigned mismatch
9>  itkImageRegionConstIteratorWithOnlyIndexTest.cxx
3>  BinaryHoleFill.cxx
9>  itkImageRegionIteratorTest.cxx
5>  GreedyAPI.cxx
9>e:\itksnap\src\logic\rleimage\RLEImage.txx(199): warning C4018: '<' : signed/unsigned mismatch
9>          e:\itksnap\src\logic\rleimage\RLEImage.txx(190) : while compiling class template member function 'void RLEImage<TPixel>::SetPixel(const itk::Index<VIndexDimension> &,const TPixel &)'
9>          with
9>          [
9>              TPixel=itk::Vector<unsigned short,5>,
9>              VIndexDimension=3
9>          ]
9>          E:\itksnap\src\Testing\Logic\itkImageRegionIteratorTest.cxx(94) : see reference to function template instantiation 'void RLEImage<TPixel>::SetPixel(const itk::Index<VIndexDimension> &,const TPixel &)' being compiled
9>          with
9>          [
9>              TPixel=itk::Vector<unsigned short,5>,
9>              VIndexDimension=3
9>          ]
9>          E:\itksnap\src\Testing\Logic\itkImageRegionIteratorTest.cxx(52) : see reference to class template instantiation 'RLEImage<TPixel>' being compiled
9>          with
9>          [
9>              TPixel=itk::Vector<unsigned short,5>
9>          ]
9>e:\itksnap\src\logic\rleimage\RLEImage.txx(224): warning C4018: '<' : signed/unsigned mismatch
9>          e:\itksnap\src\logic\rleimage\RLEImage.txx(215) : while compiling class template member function 'const itk::Vector<T,NVectorDimension> &RLEImage<TPixel>::GetPixel(const itk::Index<VIndexDimension> &) const'
9>          with
9>          [
9>              T=unsigned short,
9>              NVectorDimension=5,
9>              TPixel=itk::Vector<unsigned short,5>,
9>              VIndexDimension=3
9>          ]
9>          e:\itksnap\src\logic\rleimage\RLEImage.h(163) : see reference to function template instantiation 'const itk::Vector<T,NVectorDimension> &RLEImage<TPixel>::GetPixel(const itk::Index<VIndexDimension> &) const' being compiled
9>          with
9>          [
9>              T=unsigned short,
9>              NVectorDimension=5,
9>              TPixel=itk::Vector<unsigned short,5>,
9>              VIndexDimension=3
9>          ]
9>e:\itksnap\src\logic\rleimage\RLEImage.txx(113): warning C4018: '<' : signed/unsigned mismatch
9>          e:\itksnap\src\logic\rleimage\RLEImage.txx(101) : while compiling class template member function 'int RLEImage<TPixel>::SetPixel(std::vector<_Ty> &,__int64 &,__int64 &,const TPixel &)'
9>          with
9>          [
9>              TPixel=int,
9>              _Ty=std::pair<unsigned short,int>
9>          ]
9>          E:\itksnap\src\Logic\RLEImage\RLEImageRegionIterator.h(71) : see reference to function template instantiation 'int RLEImage<TPixel>::SetPixel(std::vector<_Ty> &,__int64 &,__int64 &,const TPixel &)' being compiled
9>          with
9>          [
9>              TPixel=int,
9>              _Ty=std::pair<unsigned short,int>
9>          ]
9>          E:\itksnap\src\Testing\Logic\itkImageRegionIteratorTest.cxx(146) : see reference to class template instantiation 'RLEImage<TPixel>' being compiled
9>          with
9>          [
9>              TPixel=int
9>          ]
9>e:\itksnap\src\logic\rleimage\RLEImage.txx(131): warning C4018: '<' : signed/unsigned mismatch
9>e:\itksnap\src\logic\rleimage\RLEImage.txx(141): warning C4018: '<' : signed/unsigned mismatch
9>  itkImageScanlineIteratorTest1.cxx
5>e:\itksnap\src\submodules\greedy\src\OneDimensionalInPlaceAccumulateFilter.txx(476): warning C4068: unknown pragma
5>e:\itksnap\src\submodules\greedy\src\OneDimensionalInPlaceAccumulateFilter.txx(489): warning C4068: unknown pragma
5>e:\itksnap\src\submodules\greedy\src\OneDimensionalInPlaceAccumulateFilter.txx(503): warning C4068: unknown pragma
5>e:\itksnap\src\submodules\greedy\src\OneDimensionalInPlaceAccumulateFilter.txx(518): warning C4068: unknown pragma
3>  BiasFieldCorrectionN4.cxx
5>E:\itksnap\src\Submodules\greedy\src\GreedyAPI.cxx(1676): warning C4018: '<' : signed/unsigned mismatch
5>          E:\itksnap\src\Submodules\greedy\src\GreedyAPI.cxx(1589) : while compiling class template member function 'int GreedyApproach<VDim,TReal>::RunDeformable(GreedyParameters &)'
5>          with
5>          [
5>              VDim=2,
5>              TReal=float
5>          ]
5>          E:\itksnap\src\Submodules\greedy\src\GreedyAPI.cxx(2325) : see reference to function template instantiation 'int GreedyApproach<VDim,TReal>::RunDeformable(GreedyParameters &)' being compiled
5>          with
5>          [
5>              VDim=2,
5>              TReal=float
5>          ]
5>          E:\itksnap\src\Submodules\greedy\src\GreedyAPI.cxx(2342) : see reference to class template instantiation 'GreedyApproach<VDim,TReal>' being compiled
5>          with
5>          [
5>              VDim=2,
5>              TReal=float
5>          ]
9>e:\itksnap\src\logic\rleimage\RLEImage.txx(199): warning C4018: '<' : signed/unsigned mismatch
9>          e:\itksnap\src\logic\rleimage\RLEImage.txx(190) : while compiling class template member function 'void RLEImage<TPixel>::SetPixel(const itk::Index<VIndexDimension> &,const TPixel &)'
9>          with
9>          [
9>              TPixel=itk::Vector<unsigned short,5>,
9>              VIndexDimension=3
9>          ]
9>          E:\itksnap\src\Testing\Logic\itkImageScanlineIteratorTest1.cxx(77) : see reference to function template instantiation 'void RLEImage<TPixel>::SetPixel(const itk::Index<VIndexDimension> &,const TPixel &)' being compiled
9>          with
9>          [
9>              TPixel=itk::Vector<unsigned short,5>,
9>              VIndexDimension=3
9>          ]
9>          E:\itksnap\src\Testing\Logic\itkImageScanlineIteratorTest1.cxx(33) : see reference to class template instantiation 'RLEImage<TPixel>' being compiled
9>          with
9>          [
9>              TPixel=itk::Vector<unsigned short,5>
9>          ]
9>e:\itksnap\src\logic\rleimage\RLEImage.txx(224): warning C4018: '<' : signed/unsigned mismatch
9>          e:\itksnap\src\logic\rleimage\RLEImage.txx(215) : while compiling class template member function 'const itk::Vector<T,NVectorDimension> &RLEImage<TPixel>::GetPixel(const itk::Index<VIndexDimension> &) const'
9>          with
9>          [
9>              T=unsigned short,
9>              NVectorDimension=5,
9>              TPixel=itk::Vector<unsigned short,5>,
9>              VIndexDimension=3
9>          ]
9>          e:\itksnap\src\logic\rleimage\RLEImage.h(163) : see reference to function template instantiation 'const itk::Vector<T,NVectorDimension> &RLEImage<TPixel>::GetPixel(const itk::Index<VIndexDimension> &) const' being compiled
9>          with
9>          [
9>              T=unsigned short,
9>              NVectorDimension=5,
9>              TPixel=itk::Vector<unsigned short,5>,
9>              VIndexDimension=3
9>          ]
9>e:\itksnap\src\logic\rleimage\RLEImage.txx(113): warning C4018: '<' : signed/unsigned mismatch
9>          e:\itksnap\src\logic\rleimage\RLEImage.txx(101) : while compiling class template member function 'int RLEImage<TPixel>::SetPixel(std::vector<_Ty> &,__int64 &,__int64 &,const TPixel &)'
9>          with
9>          [
9>              TPixel=itk::Vector<unsigned short,5>,
9>              _Ty=std::pair<unsigned short,itk::Vector<unsigned short,5>>
9>          ]
9>          e:\itksnap\src\logic\rleimage\RLEImage.txx(205) : see reference to function template instantiation 'int RLEImage<TPixel>::SetPixel(std::vector<_Ty> &,__int64 &,__int64 &,const TPixel &)' being compiled
9>          with
9>          [
9>              TPixel=itk::Vector<unsigned short,5>,
9>              _Ty=std::pair<unsigned short,itk::Vector<unsigned short,5>>
9>          ]
9>          e:\itksnap\src\logic\rleimage\RLEImage.txx(42) : while compiling class template member function 'void RLEImage<TPixel>::Allocate(bool)'
9>          with
9>          [
9>              TPixel=itk::Vector<unsigned short,5>
9>          ]
9>          E:\itksnap\src\Testing\Logic\itkImageScanlineIteratorTest1.cxx(66) : see reference to function template instantiation 'void RLEImage<TPixel>::Allocate(bool)' being compiled
9>          with
9>          [
9>              TPixel=itk::Vector<unsigned short,5>
9>          ]
9>e:\itksnap\src\logic\rleimage\RLEImage.txx(131): warning C4018: '<' : signed/unsigned mismatch
9>e:\itksnap\src\logic\rleimage\RLEImage.txx(141): warning C4018: '<' : signed/unsigned mismatch
9>  iteratorTests.cxx
12>  testRLE.vcxproj -> E:\itksnap\bin\Debug\testRLE.exe
8>  SlicingPerformanceTest.vcxproj -> E:\itksnap\bin\Debug\SlicingPerformanceTest.exe
9>  Generating Code...
3>  BinaryImageCentroid.cxx
9>  iteratorTests.vcxproj -> E:\itksnap\bin\Debug\iteratorTests.exe
5>  GreedyParameters.cxx
5>  CommandLineHelper.cxx
3>  BinaryMathOperation.cxx
5>  Generating Code...
3>  Canny.cxx
3>  ClipImageIntensity.cxx
3>  ComputeFFT.cxx
3>  ComputeMoments.cxx
3>  ComputeOverlaps.cxx
3>  ConnectedComponents.cxx
3>  CoordinateMap.cxx
3>  CopyTransform.cxx
3>  CreateImage.cxx
3>  CreateInterpolator.cxx
3>  DicomSeriesList.cxx
3>  ExtractRegion.cxx
3>  Generating Code...
5>  greedyapi.vcxproj -> E:\itksnap\bin\Submodules\greedy\Debug\greedyapi.lib
3>  Compiling...
3>  ExtractSlice.cxx
3>  FlipImage.cxx
3>  HessianObjectness.cxx
3>  HistogramMatch.cxx
3>  ImageERF.cxx
3>  ImageGradient.cxx
3>  ImageLaplacian.cxx
3>  GeneralLinearModel.cxx
3>  LabelOverlapMeasures.cxx
3>  LabelStatistics.cxx
3>  LandmarksToSpheres.cxx
3>  LaplacianSharpening.cxx
3>  LevelSetSegmentation.cxx
3>  MathematicalMorphology.cxx
3>  MeanFilter.cxx
3>  MedianFilter.cxx
3>  MixtureModel.cxx
3>  MRFVote.cxx
3>  MultiplyImages.cxx
3>  NormalizeLocalWindow.cxx
3>e:\itksnap\src\submodules\greedy\src\OneDimensionalInPlaceAccumulateFilter.txx(476): warning C4068: unknown pragma
3>e:\itksnap\src\submodules\greedy\src\OneDimensionalInPlaceAccumulateFilter.txx(489): warning C4068: unknown pragma
3>e:\itksnap\src\submodules\greedy\src\OneDimensionalInPlaceAccumulateFilter.txx(503): warning C4068: unknown pragma
3>e:\itksnap\src\submodules\greedy\src\OneDimensionalInPlaceAccumulateFilter.txx(518): warning C4068: unknown pragma
3>  Generating Code...
3>  Compiling...
3>  NormalizedCrossCorrelation.cxx
3>e:\itksnap\src\submodules\greedy\src\OneDimensionalInPlaceAccumulateFilter.txx(476): warning C4068: unknown pragma
3>e:\itksnap\src\submodules\greedy\src\OneDimensionalInPlaceAccumulateFilter.txx(489): warning C4068: unknown pragma
3>e:\itksnap\src\submodules\greedy\src\OneDimensionalInPlaceAccumulateFilter.txx(503): warning C4068: unknown pragma
3>e:\itksnap\src\submodules\greedy\src\OneDimensionalInPlaceAccumulateFilter.txx(518): warning C4068: unknown pragma
3>  OverlayLabelImage.cxx
3>  PadImage.cxx
3>  PeronaMalik.cxx
3>  PrintImageInfo.cxx
3>  Rank.cxx
3>  ReadImage.cxx
3>  ReciprocalImage.cxx
3>  ReorderStack.cxx
3>  ReplaceIntensities.cxx
3>  ResampleImage.cxx
3>  ResliceImage.cxx
3>  RFApply.cxx
3>E:\itksnap\src\Logic\Preprocessing\ImageCollectionToImageFilter.h(269): warning C4018: '<' : signed/unsigned mismatch
3>          E:\itksnap\src\Logic\Preprocessing\ImageCollectionToImageFilter.h(259) : while compiling class template member function 'void ImageCollectionConstRegionIteratorWithIndex<TImage,TVectorImage>::AddVectorImage(TVectorImage *)'
3>          with
3>          [
3>              TImage=itk::OrientedRASImage<double,2>,
3>              TVectorImage=VectorImageType
3>          ]
3>          E:\itksnap\src\Logic\Preprocessing\ImageCollectionToImageFilter.h(291) : see reference to function template instantiation 'void ImageCollectionConstRegionIteratorWithIndex<TImage,TVectorImage>::AddVectorImage(TVectorImage *)' being compiled
3>          with
3>          [
3>              TImage=itk::OrientedRASImage<double,2>,
3>              TVectorImage=VectorImageType
3>          ]
3>          E:\itksnap\src\Logic\Preprocessing\ImageCollectionToImageFilter.h(229) : while compiling class template member function 'ImageCollectionConstRegionIteratorWithIndex<TImage,TVectorImage>::ImageCollectionConstRegionIteratorWithIndex(const itk::ImageRegion<VImageDimension> &)'
3>          with
3>          [
3>              TImage=itk::OrientedRASImage<double,2>,
3>              TVectorImage=VectorImageType,
3>              VImageDimension=2
3>          ]
3>          e:\itksnap\src\submodules\c3d\itkextras\randomforest\RandomForestClassifyImageFilter.txx(171) : see reference to function template instantiation 'ImageCollectionConstRegionIteratorWithIndex<TImage,TVectorImage>::ImageCollectionConstRegionIteratorWithIndex(const itk::ImageRegion<VImageDimension> &)' being compiled
3>          with
3>          [
3>              TImage=itk::OrientedRASImage<double,2>,
3>              TVectorImage=VectorImageType,
3>              VImageDimension=2
3>          ]
3>          e:\itksnap\src\submodules\c3d\itkextras\randomforest\RandomForestClassifyImageFilter.txx(171) : see reference to class template instantiation 'ImageCollectionConstRegionIteratorWithIndex<TImage,TVectorImage>' being compiled
3>          with
3>          [
3>              TImage=itk::OrientedRASImage<double,2>,
3>              TVectorImage=VectorImageType
3>          ]
3>          e:\itksnap\src\submodules\c3d\itkextras\randomforest\RandomForestClassifyImageFilter.txx(133) : while compiling class template member function 'void RandomForestClassifyImageFilter<TInputImage,TInputVectorImage,TOutputImage,TLabel>::ThreadedGenerateData(const itk::ImageRegion<VImageDimension> &,itk::ThreadIdType)'
3>          with
3>          [
3>              TInputImage=itk::OrientedRASImage<double,2>,
3>              TInputVectorImage=VectorImageType,
3>              TOutputImage=itk::OrientedRASImage<double,2>,
3>              TLabel=double,
3>              VImageDimension=2
3>          ]
3>          E:\itksnap\src\Submodules\c3d\adapters\RFApply.cxx(49) : see reference to class template instantiation 'RandomForestClassifyImageFilter<TInputImage,TInputVectorImage,TOutputImage,TLabel>' being compiled
3>          with
3>          [
3>              TInputImage=itk::OrientedRASImage<double,2>,
3>              TInputVectorImage=VectorImageType,
3>              TOutputImage=itk::OrientedRASImage<double,2>,
3>              TLabel=double
3>          ]
3>          E:\itksnap\src\Submodules\c3d\adapters\RFApply.cxx(35) : while compiling class template member function 'void RFApply<TPixel,VDim>::operator ()(const char *)'
3>          with
3>          [
3>              TPixel=double,
3>              VDim=2
3>          ]
3>          E:\itksnap\src\Submodules\c3d\adapters\RFApply.cxx(80) : see reference to class template instantiation 'RFApply<TPixel,VDim>' being compiled
3>          with
3>          [
3>              TPixel=double,
3>              VDim=2
3>          ]
3>  RFTrain.cxx
3>E:\itksnap\src\Logic\Preprocessing\ImageCollectionToImageFilter.h(269): warning C4018: '<' : signed/unsigned mismatch
3>          E:\itksnap\src\Logic\Preprocessing\ImageCollectionToImageFilter.h(259) : while compiling class template member function 'void ImageCollectionConstRegionIteratorWithIndex<TImage,TVectorImage>::AddVectorImage(TVectorImage *)'
3>          with
3>          [
3>              TImage=itk::OrientedRASImage<double,2>,
3>              TVectorImage=VectorImageType
3>          ]
3>          E:\itksnap\src\Logic\Preprocessing\ImageCollectionToImageFilter.h(291) : see reference to function template instantiation 'void ImageCollectionConstRegionIteratorWithIndex<TImage,TVectorImage>::AddVectorImage(TVectorImage *)' being compiled
3>          with
3>          [
3>              TImage=itk::OrientedRASImage<double,2>,
3>              TVectorImage=VectorImageType
3>          ]
3>          E:\itksnap\src\Logic\Preprocessing\ImageCollectionToImageFilter.h(229) : while compiling class template member function 'ImageCollectionConstRegionIteratorWithIndex<TImage,TVectorImage>::ImageCollectionConstRegionIteratorWithIndex(const itk::ImageRegion<VImageDimension> &)'
3>          with
3>          [
3>              TImage=itk::OrientedRASImage<double,2>,
3>              TVectorImage=VectorImageType,
3>              VImageDimension=2
3>          ]
3>          E:\itksnap\src\Submodules\c3d\adapters\RFTrain.cxx(66) : see reference to function template instantiation 'ImageCollectionConstRegionIteratorWithIndex<TImage,TVectorImage>::ImageCollectionConstRegionIteratorWithIndex(const itk::ImageRegion<VImageDimension> &)' being compiled
3>          with
3>          [
3>              TImage=itk::OrientedRASImage<double,2>,
3>              TVectorImage=VectorImageType,
3>              VImageDimension=2
3>          ]
3>          E:\itksnap\src\Submodules\c3d\adapters\RFTrain.cxx(66) : see reference to class template instantiation 'ImageCollectionConstRegionIteratorWithIndex<TImage,TVectorImage>' being compiled
3>          with
3>          [
3>              TImage=itk::OrientedRASImage<double,2>,
3>              TVectorImage=VectorImageType
3>          ]
3>          E:\itksnap\src\Submodules\c3d\adapters\RFTrain.cxx(38) : while compiling class template member function 'void RFTrain<TPixel,VDim>::operator ()(const char *,const RFParameters<TPixel,2> &)'
3>          with
3>          [
3>              TPixel=double,
3>              VDim=2
3>          ]
3>          E:\itksnap\src\Submodules\c3d\adapters\RFTrain.cxx(174) : see reference to class template instantiation 'RFTrain<TPixel,VDim>' being compiled
3>          with
3>          [
3>              TPixel=double,
3>              VDim=2
3>          ]
3>  SampleImage.cxx
3>  ScaleShiftImage.cxx
3>  ScalarToRGB.cxx
3>  SetSform.cxx
3>  SetOrientation.cxx
3>  SignedDistanceTransform.cxx
3>  Generating Code...
3>  Compiling...
3>  SLICSuperVoxel.cxx
3>  SmoothImage.cxx
3>  SplitMultilabelImage.cxx
3>  StapleAlgorithm.cxx
3>  TestImage.cxx
3>  ThresholdImage.cxx
3>  TileImages.cxx
3>  TrimImage.cxx
3>  UnaryMathOperation.cxx
3>  UpdateMetadataKey.cxx
3>  Vote.cxx
3>  VoxelwiseComponentFunction.cxx
3>E:\itksnap\src\Submodules\c3d\adapters\VoxelwiseComponentFunction.cxx(80): error C2065: 'NAN' : undeclared identifier
3>          E:\itksnap\src\Submodules\c3d\adapters\VoxelwiseComponentFunction.cxx(47) : while compiling class template member function 'itk::FixedArray<TValue,VLength> VoxelwiseComponentFunctionNamespace::RGB_to_HSV_Functor<TPixel,VDim>::operator ()(const itk::FixedArray<TValue,VLength> &)'
3>          with
3>          [
3>              TValue=double,
3>              VLength=3,
3>              TPixel=double,
3>              VDim=2
3>          ]
3>          e:\itk_vtk\itk\insighttoolkit-4.11.0\modules\core\common\include\itkUnaryFunctorImageFilter.hxx(183) : see reference to function template instantiation 'itk::FixedArray<TValue,VLength> VoxelwiseComponentFunctionNamespace::RGB_to_HSV_Functor<TPixel,VDim>::operator ()(const itk::FixedArray<TValue,VLength> &)' being compiled
3>          with
3>          [
3>              TValue=double,
3>              VLength=3,
3>              TPixel=double,
3>              VDim=2
3>          ]
3>          E:\itksnap\src\Submodules\c3d\adapters\VoxelwiseComponentFunction.cxx(176) : see reference to class template instantiation 'VoxelwiseComponentFunctionNamespace::RGB_to_HSV_Functor<TPixel,VDim>' being compiled
3>          with
3>          [
3>              TPixel=double,
3>              VDim=2
3>          ]
3>          E:\itksnap\src\Submodules\c3d\adapters\VoxelwiseComponentFunction.cxx(172) : while compiling class template member function 'void VoxelwiseComponentFunction<TPixel,VDim>::operator ()(const char *)'
3>          with
3>          [
3>              TPixel=double,
3>              VDim=2
3>          ]
3>          E:\itksnap\src\Submodules\c3d\adapters\VoxelwiseComponentFunction.cxx(184) : see reference to class template instantiation 'VoxelwiseComponentFunction<TPixel,VDim>' being compiled
3>          with
3>          [
3>              TPixel=double,
3>              VDim=2
3>          ]
3>  VoxelwiseRegression.cxx
3>  WarpImage.cxx
3>  WarpLabelImage.cxx
3>  WeightedSum.cxx
3>  WeightedSumVoxelwise.cxx
3>  WrapDimension.cxx
3>  WriteImage.cxx
3>  ConvertImageVersion.cxx
3>  Generating Code...
20>------ Build started: Project: itksnaplogic, Configuration: Debug x64 ------
21>------ Build started: Project: itksnapui_qt, Configuration: Debug x64 ------
20>  Building Custom Rule E:/itksnap/src/CMakeLists.txt
21>  Building Custom Rule E:/itksnap/src/CMakeLists.txt
20>  CMake does not need to re-run because E:\itksnap\bin\CMakeFiles\generate.stamp is up-to-date.
21>  CMake does not need to re-run because E:\itksnap\bin\CMakeFiles\generate.stamp is up-to-date.
21>  Generating GUI/Qt/Components/moc_AnnotationToolPanel.cpp
20>  SNAPCommon.cxx
20>E:\itksnap\bin\SNAPCommon.cxx : warning C4819: The file contains a character that cannot be represented in the current code page (936). Save the file in Unicode format to prevent data loss
20>E:\itksnap\bin\SNAPCommon.cxx(56): error C2001: newline in constant
20>E:\itksnap\bin\SNAPCommon.cxx(59): error C2143: syntax error : missing ';' before 'const'
20>E:\itksnap\bin\SNAPCommon.cxx(59): error C2059: syntax error : 'const'
20>  AbstractModel.cxx
21>  Generating GUI/Qt/Components/moc_CollapsableGroupBox.cpp
20>  AbstractPropertyContainerModel.cxx
21>  Generating GUI/Qt/Components/moc_ColorLabelQuickListWidget.cpp
20>  CommandLineArgumentParser.cxx
20>  EventBucket.cxx
20>  HistoryManager.cxx
21>  Generating GUI/Qt/Components/moc_ColorMapInspector.cpp
20>  ImageFunctions.cxx
21>  Generating GUI/Qt/Components/moc_ContrastInspector.cpp
20>  IPCHandler.cxx
21>  Generating GUI/Qt/Components/moc_CursorInspector.cpp
20>E:\itksnap\src\Common\IPCHandler.cxx(46): warning C4267: 'argument' : conversion from 'size_t' to 'DWORD', possible loss of data
20>  IRISException.cxx
20>  Rebroadcaster.cxx
21>  Generating GUI/Qt/Components/moc_DICOMListingTable.cpp
20>  Registry.cxx
21>  Generating GUI/Qt/Components/moc_DisplayLayoutInspector.cpp
20>  SNAPOpenGL.cxx
21>  Generating GUI/Qt/Components/moc_FileChooserPanelWithHistory.cpp
20>  SystemInterface.cxx
21>  Generating GUI/Qt/Components/moc_HistoryQListModel.cpp
20>  ThreadSpecificData.cxx
21>  Generating GUI/Qt/Components/moc_ImageInfoInspector.cpp
20>  itkVoxBoCUBImageIO.cxx
21>  Generating GUI/Qt/Components/moc_LabelInspector.cpp
20>  itkVoxBoCUBImageIOFactory.cxx
21>  Generating GUI/Qt/Components/moc_LabelMiniInspector.cpp
20>  Trackball.cxx
21>  Generating GUI/Qt/Components/moc_LabelSelectionButton.cpp
20>  ColorLabelTable.cxx
21>  Generating GUI/Qt/Components/moc_LatentITKEventNotifier.cpp
20>  ColorMap.cxx
21>  Generating GUI/Qt/Components/moc_LayerInspectorRowDelegate.cpp
20>  ColorMapPresetManager.cxx
21>  Generating GUI/Qt/Components/moc_MetadataInspector.cpp
20>  Generating Code...
20>  Compiling...
20>  ImageCoordinateGeometry.cxx
20>  ImageCoordinateTransform.cxx
20>  IRISDisplayGeometry.cxx
21>  Generating GUI/Qt/Components/moc_GeneralLayerInspector.cpp
20>  LabelUseHistory.cxx
21>  Generating GUI/Qt/Components/moc_PaintbrushToolPanel.cpp
20>E:\itksnap\src\Logic\Common\LabelUseHistory.cxx(61): warning C4018: '<' : signed/unsigned mismatch
20>  MetaDataAccess.cxx
21>  Generating GUI/Qt/Components/moc_PolygonToolPanel.cpp
20>  SegmentationStatistics.cxx
21>  Generating GUI/Qt/Components/moc_QActionButton.cpp
20>e:\itksnap\src\logic\rleimage\RLEImage.txx(113): warning C4018: '<' : signed/unsigned mismatch
20>          e:\itksnap\src\logic\rleimage\RLEImage.txx(101) : while compiling class template member function 'int RLEImage<TPixel>::SetPixel(std::vector<_Ty> &,__int64 &,__int64 &,const TPixel &)'
20>          with
20>          [
20>              TPixel=LabelImageWrapperTraits::ComponentType,
20>              _Ty=std::pair<unsigned short,unsigned short>
20>          ]
20>          E:\itksnap\src\Logic\RLEImage\RLEImageRegionIterator.h(71) : see reference to function template instantiation 'int RLEImage<TPixel>::SetPixel(std::vector<_Ty> &,__int64 &,__int64 &,const TPixel &)' being compiled
20>          with
20>          [
20>              TPixel=LabelImageWrapperTraits::ComponentType,
20>              _Ty=std::pair<unsigned short,unsigned short>
20>          ]
20>          e:\itksnap\src\logic\imagewrapper\ImageWrapper.h(97) : see reference to class template instantiation 'RLEImage<TPixel>' being compiled
20>          with
20>          [
20>              TPixel=LabelImageWrapperTraits::ComponentType
20>          ]
20>          e:\itksnap\src\logic\imagewrapper\ScalarImageWrapper.h(62) : see reference to class template instantiation 'ImageWrapper<TTraits,TBase>' being compiled
20>          with
20>          [
20>              TTraits=LabelImageWrapperTraits,
20>              TBase=ScalarImageWrapperBase
20>          ]
20>          E:\itksnap\src\Logic\Framework\GenericImageData.h(73) : see reference to class template instantiation 'ScalarImageWrapper<TTraits>' being compiled
20>          with
20>          [
20>              TTraits=LabelImageWrapperTraits
20>          ]
20>e:\itksnap\src\logic\rleimage\RLEImage.txx(131): warning C4018: '<' : signed/unsigned mismatch
20>e:\itksnap\src\logic\rleimage\RLEImage.txx(141): warning C4018: '<' : signed/unsigned mismatch
20>  SNAPAppearanceSettings.cxx
21>  Generating GUI/Qt/Components/moc_QColorButtonWidget.cpp
20>  SNAPRegistryIO.cxx
21>  Generating GUI/Qt/Components/moc_QDoubleSlider.cpp
21>  Generating GUI/Qt/Components/moc_QDoubleSliderWithEditor.cpp
20>e:\itksnap\src\logic\rleimage\RLEImage.txx(113): warning C4018: '<' : signed/unsigned mismatch
20>          e:\itksnap\src\logic\rleimage\RLEImage.txx(101) : while compiling class template member function 'int RLEImage<TPixel>::SetPixel(std::vector<_Ty> &,__int64 &,__int64 &,const TPixel &)'
20>          with
20>          [
20>              TPixel=LabelImageWrapperTraits::ComponentType,
20>              _Ty=std::pair<unsigned short,unsigned short>
20>          ]
20>          E:\itksnap\src\Logic\RLEImage\RLEImageRegionIterator.h(71) : see reference to function template instantiation 'int RLEImage<TPixel>::SetPixel(std::vector<_Ty> &,__int64 &,__int64 &,const TPixel &)' being compiled
20>          with
20>          [
20>              TPixel=LabelImageWrapperTraits::ComponentType,
20>              _Ty=std::pair<unsigned short,unsigned short>
20>          ]
20>          e:\itksnap\src\logic\imagewrapper\ImageWrapper.h(97) : see reference to class template instantiation 'RLEImage<TPixel>' being compiled
20>          with
20>          [
20>              TPixel=LabelImageWrapperTraits::ComponentType
20>          ]
20>          e:\itksnap\src\logic\imagewrapper\ScalarImageWrapper.h(62) : see reference to class template instantiation 'ImageWrapper<TTraits,TBase>' being compiled
20>          with
20>          [
20>              TTraits=LabelImageWrapperTraits,
20>              TBase=ScalarImageWrapperBase
20>          ]
20>          e:\itksnap\src\logic\framework\GenericImageData.h(73) : see reference to class template instantiation 'ScalarImageWrapper<TTraits>' being compiled
20>          with
20>          [
20>              TTraits=LabelImageWrapperTraits
20>          ]
20>e:\itksnap\src\logic\rleimage\RLEImage.txx(131): warning C4018: '<' : signed/unsigned mismatch
20>e:\itksnap\src\logic\rleimage\RLEImage.txx(141): warning C4018: '<' : signed/unsigned mismatch
20>  SNAPSegmentationROISettings.cxx
21>  Generating GUI/Qt/Components/moc_QtHideOnDeactivateContainer.cpp
20>  DefaultBehaviorSettings.cxx
21>  Generating GUI/Qt/Components/moc_QtIPCManager.cpp
20>  GenericImageData.cxx
21>  Generating GUI/Qt/Components/moc_QtWarningDialog.cpp
20>e:\itksnap\src\logic\rleimage\RLEImage.txx(113): warning C4018: '<' : signed/unsigned mismatch
20>          e:\itksnap\src\logic\rleimage\RLEImage.txx(101) : while compiling class template member function 'int RLEImage<TPixel>::SetPixel(std::vector<_Ty> &,__int64 &,__int64 &,const TPixel &)'
20>          with
20>          [
20>              TPixel=LabelImageWrapperTraits::ComponentType,
20>              _Ty=std::pair<unsigned short,unsigned short>
20>          ]
20>          E:\itksnap\src\Logic\RLEImage\RLEImageRegionIterator.h(71) : see reference to function template instantiation 'int RLEImage<TPixel>::SetPixel(std::vector<_Ty> &,__int64 &,__int64 &,const TPixel &)' being compiled
20>          with
20>          [
20>              TPixel=LabelImageWrapperTraits::ComponentType,
20>              _Ty=std::pair<unsigned short,unsigned short>
20>          ]
20>          e:\itksnap\src\logic\imagewrapper\ImageWrapper.h(97) : see reference to class template instantiation 'RLEImage<TPixel>' being compiled
20>          with
20>          [
20>              TPixel=LabelImageWrapperTraits::ComponentType
20>          ]
20>          e:\itksnap\src\logic\imagewrapper\ScalarImageWrapper.h(62) : see reference to class template instantiation 'ImageWrapper<TTraits,TBase>' being compiled
20>          with
20>          [
20>              TTraits=LabelImageWrapperTraits,
20>              TBase=ScalarImageWrapperBase
20>          ]
20>          e:\itksnap\src\logic\framework\GenericImageData.h(73) : see reference to class template instantiation 'ScalarImageWrapper<TTraits>' being compiled
20>          with
20>          [
20>              TTraits=LabelImageWrapperTraits
20>          ]
20>e:\itksnap\src\logic\rleimage\RLEImage.txx(131): warning C4018: '<' : signed/unsigned mismatch
20>e:\itksnap\src\logic\rleimage\RLEImage.txx(141): warning C4018: '<' : signed/unsigned mismatch
20>  GlobalState.cxx
21>  Generating GUI/Qt/Components/moc_QtWidgetActivator.cpp
21>  Generating GUI/Qt/Components/moc_RecentHistoryItemsView.cpp
20>  ImageAnnotationData.cxx
20>  ImageIODelegates.cxx
21>  Generating GUI/Qt/Components/moc_SnakeToolROIPanel.cpp
21>  Generating GUI/Qt/Components/moc_SnakeWizardPanel.cpp
20>e:\itksnap\src\logic\rleimage\RLEImage.txx(113): warning C4018: '<' : signed/unsigned mismatch
20>          e:\itksnap\src\logic\rleimage\RLEImage.txx(101) : while compiling class template member function 'int RLEImage<TPixel>::SetPixel(std::vector<_Ty> &,__int64 &,__int64 &,const TPixel &)'
20>          with
20>          [
20>              TPixel=LabelImageWrapperTraits::ComponentType,
20>              _Ty=std::pair<unsigned short,unsigned short>
20>          ]
20>          E:\itksnap\src\Logic\RLEImage\RLEImageRegionIterator.h(71) : see reference to function template instantiation 'int RLEImage<TPixel>::SetPixel(std::vector<_Ty> &,__int64 &,__int64 &,const TPixel &)' being compiled
20>          with
20>          [
20>              TPixel=LabelImageWrapperTraits::ComponentType,
20>              _Ty=std::pair<unsigned short,unsigned short>
20>          ]
20>          e:\itksnap\src\logic\imagewrapper\ImageWrapper.h(97) : see reference to class template instantiation 'RLEImage<TPixel>' being compiled
20>          with
20>          [
20>              TPixel=LabelImageWrapperTraits::ComponentType
20>          ]
20>          e:\itksnap\src\logic\imagewrapper\ScalarImageWrapper.h(62) : see reference to class template instantiation 'ImageWrapper<TTraits,TBase>' being compiled
20>          with
20>          [
20>              TTraits=LabelImageWrapperTraits,
20>              TBase=ScalarImageWrapperBase
20>          ]
20>          e:\itksnap\src\logic\framework\GenericImageData.h(73) : see reference to class template instantiation 'ScalarImageWrapper<TTraits>' being compiled
20>          with
20>          [
20>              TTraits=LabelImageWrapperTraits
20>          ]
20>e:\itksnap\src\logic\rleimage\RLEImage.txx(131): warning C4018: '<' : signed/unsigned mismatch
20>e:\itksnap\src\logic\rleimage\RLEImage.txx(141): warning C4018: '<' : signed/unsigned mismatch
20>  IRISApplication.cxx
21>  Generating GUI/Qt/Components/moc_SNAPComponent.cpp
21>  Generating GUI/Qt/Components/moc_SliceViewPanel.cpp
20>e:\itksnap\src\logic\rleimage\RLEImage.txx(113): warning C4018: '<' : signed/unsigned mismatch
20>          e:\itksnap\src\logic\rleimage\RLEImage.txx(101) : while compiling class template member function 'int RLEImage<TPixel>::SetPixel(std::vector<_Ty> &,__int64 &,__int64 &,const TPixel &)'
20>          with
20>          [
20>              TPixel=LabelImageWrapperTraits::ComponentType,
20>              _Ty=std::pair<unsigned short,unsigned short>
20>          ]
20>          E:\itksnap\src\Logic\RLEImage\RLEImageRegionIterator.h(71) : see reference to function template instantiation 'int RLEImage<TPixel>::SetPixel(std::vector<_Ty> &,__int64 &,__int64 &,const TPixel &)' being compiled
20>          with
20>          [
20>              TPixel=LabelImageWrapperTraits::ComponentType,
20>              _Ty=std::pair<unsigned short,unsigned short>
20>          ]
20>          e:\itksnap\src\logic\imagewrapper\ImageWrapper.h(97) : see reference to class template instantiation 'RLEImage<TPixel>' being compiled
20>          with
20>          [
20>              TPixel=LabelImageWrapperTraits::ComponentType
20>          ]
20>          e:\itksnap\src\logic\imagewrapper\ScalarImageWrapper.h(62) : see reference to class template instantiation 'ImageWrapper<TTraits,TBase>' being compiled
20>          with
20>          [
20>              TTraits=LabelImageWrapperTraits,
20>              TBase=ScalarImageWrapperBase
20>          ]
20>          e:\itksnap\src\logic\framework\GenericImageData.h(73) : see reference to class template instantiation 'ScalarImageWrapper<TTraits>' being compiled
20>          with
20>          [
20>              TTraits=LabelImageWrapperTraits
20>          ]
20>e:\itksnap\src\logic\rleimage\RLEImage.txx(131): warning C4018: '<' : signed/unsigned mismatch
20>e:\itksnap\src\logic\rleimage\RLEImage.txx(141): warning C4018: '<' : signed/unsigned mismatch
20>E:\itksnap\src\Logic\Preprocessing\ImageCollectionToImageFilter.h(269): warning C4018: '<' : signed/unsigned mismatch
20>          E:\itksnap\src\Logic\Preprocessing\ImageCollectionToImageFilter.h(259) : while compiling class template member function 'void ImageCollectionConstRegionIteratorWithIndex<TImage,TVectorImage>::AddVectorImage(TVectorImage *)'
20>          with
20>          [
20>              TImage=GMMPreprocessingFilterConfigTraits::GreyScalarType,
20>              TVectorImage=GMMPreprocessingFilterConfigTraits::GreyVectorType
20>          ]
20>          E:\itksnap\src\Logic\Preprocessing\ImageCollectionToImageFilter.h(291) : see reference to function template instantiation 'void ImageCollectionConstRegionIteratorWithIndex<TImage,TVectorImage>::AddVectorImage(TVectorImage *)' being compiled
20>          with
20>          [
20>              TImage=GMMPreprocessingFilterConfigTraits::GreyScalarType,
20>              TVectorImage=GMMPreprocessingFilterConfigTraits::GreyVectorType
20>          ]
20>          E:\itksnap\src\Logic\Preprocessing\ImageCollectionToImageFilter.h(229) : while compiling class template member function 'ImageCollectionConstRegionIteratorWithIndex<TImage,TVectorImage>::ImageCollectionConstRegionIteratorWithIndex(const itk::ImageRegion<VImageDimension> &)'
20>          with
20>          [
20>              TImage=GMMPreprocessingFilterConfigTraits::GreyScalarType,
20>              TVectorImage=GMMPreprocessingFilterConfigTraits::GreyVectorType,
20>              VImageDimension=3
20>          ]
20>          e:\itksnap\src\logic\preprocessing\GMMClassifyImageFilter.txx(120) : see reference to function template instantiation 'ImageCollectionConstRegionIteratorWithIndex<TImage,TVectorImage>::ImageCollectionConstRegionIteratorWithIndex(const itk::ImageRegion<VImageDimension> &)' being compiled
20>          with
20>          [
20>              TImage=GMMPreprocessingFilterConfigTraits::GreyScalarType,
20>              TVectorImage=GMMPreprocessingFilterConfigTraits::GreyVectorType,
20>              VImageDimension=3
20>          ]
20>          e:\itksnap\src\logic\preprocessing\GMMClassifyImageFilter.txx(120) : see reference to class template instantiation 'ImageCollectionConstRegionIteratorWithIndex<TImage,TVectorImage>' being compiled
20>          with
20>          [
20>              TImage=GMMPreprocessingFilterConfigTraits::GreyScalarType,
20>              TVectorImage=GMMPreprocessingFilterConfigTraits::GreyVectorType
20>          ]
20>          e:\itksnap\src\logic\preprocessing\GMMClassifyImageFilter.txx(89) : while compiling class template member function 'void GMMClassifyImageFilter<TInputImage,TInputVectorImage,TOutputImage>::ThreadedGenerateData(const itk::ImageRegion<VImageDimension> &,itk::ThreadIdType)'
20>          with
20>          [
20>              TInputImage=GMMPreprocessingFilterConfigTraits::GreyScalarType,
20>              TInputVectorImage=GMMPreprocessingFilterConfigTraits::GreyVectorType,
20>              TOutputImage=GMMPreprocessingFilterConfigTraits::SpeedType,
20>              VImageDimension=3
20>          ]
20>          E:\itksnap\src\Logic\Preprocessing\SlicePreviewFilterWrapper.h(124) : see reference to class template instantiation 'GMMClassifyImageFilter<TInputImage,TInputVectorImage,TOutputImage>' being compiled
20>          with
20>          [
20>              TInputImage=GMMPreprocessingFilterConfigTraits::GreyScalarType,
20>              TInputVectorImage=GMMPreprocessingFilterConfigTraits::GreyVectorType,
20>              TOutputImage=GMMPreprocessingFilterConfigTraits::SpeedType
20>          ]
20>          E:\itksnap\src\Logic\Framework\IRISApplication.cxx(145) : see reference to class template instantiation 'SlicePreviewFilterWrapper<TFilterConfigTraits>' being compiled
20>          with
20>          [
20>              TFilterConfigTraits=GMMPreprocessingFilterConfigTraits
20>          ]
20>  IRISImageData.cxx
21>  Generating GUI/Qt/Components/moc_SynchronizationInspector.cpp
20>e:\itksnap\src\logic\rleimage\RLEImage.txx(113): warning C4018: '<' : signed/unsigned mismatch
20>          e:\itksnap\src\logic\rleimage\RLEImage.txx(101) : while compiling class template member function 'int RLEImage<TPixel>::SetPixel(std::vector<_Ty> &,__int64 &,__int64 &,const TPixel &)'
20>          with
20>          [
20>              TPixel=LabelImageWrapperTraits::ComponentType,
20>              _Ty=std::pair<unsigned short,unsigned short>
20>          ]
20>          E:\itksnap\src\Logic\RLEImage\RLEImageRegionIterator.h(71) : see reference to function template instantiation 'int RLEImage<TPixel>::SetPixel(std::vector<_Ty> &,__int64 &,__int64 &,const TPixel &)' being compiled
20>          with
20>          [
20>              TPixel=LabelImageWrapperTraits::ComponentType,
20>              _Ty=std::pair<unsigned short,unsigned short>
20>          ]
20>          e:\itksnap\src\logic\imagewrapper\ImageWrapper.h(97) : see reference to class template instantiation 'RLEImage<TPixel>' being compiled
20>          with
20>          [
20>              TPixel=LabelImageWrapperTraits::ComponentType
20>          ]
20>          e:\itksnap\src\logic\imagewrapper\ScalarImageWrapper.h(62) : see reference to class template instantiation 'ImageWrapper<TTraits,TBase>' being compiled
20>          with
20>          [
20>              TTraits=LabelImageWrapperTraits,
20>              TBase=ScalarImageWrapperBase
20>          ]
20>          e:\itksnap\src\logic\framework\GenericImageData.h(73) : see reference to class template instantiation 'ScalarImageWrapper<TTraits>' being compiled
20>          with
20>          [
20>              TTraits=LabelImageWrapperTraits
20>          ]
20>e:\itksnap\src\logic\rleimage\RLEImage.txx(131): warning C4018: '<' : signed/unsigned mismatch
20>e:\itksnap\src\logic\rleimage\RLEImage.txx(141): warning C4018: '<' : signed/unsigned mismatch
20>  LayerIterator.cxx
21>  Generating GUI/Qt/Components/moc_ViewPanel3D.cpp
20>e:\itksnap\src\logic\rleimage\RLEImage.txx(113): warning C4018: '<' : signed/unsigned mismatch
20>          e:\itksnap\src\logic\rleimage\RLEImage.txx(101) : while compiling class template member function 'int RLEImage<TPixel>::SetPixel(std::vector<_Ty> &,__int64 &,__int64 &,const TPixel &)'
20>          with
20>          [
20>              TPixel=LabelImageWrapperTraits::ComponentType,
20>              _Ty=std::pair<unsigned short,unsigned short>
20>          ]
20>          E:\itksnap\src\Logic\RLEImage\RLEImageRegionIterator.h(71) : see reference to function template instantiation 'int RLEImage<TPixel>::SetPixel(std::vector<_Ty> &,__int64 &,__int64 &,const TPixel &)' being compiled
20>          with
20>          [
20>              TPixel=LabelImageWrapperTraits::ComponentType,
20>              _Ty=std::pair<unsigned short,unsigned short>
20>          ]
20>          e:\itksnap\src\logic\imagewrapper\ImageWrapper.h(97) : see reference to class template instantiation 'RLEImage<TPixel>' being compiled
20>          with
20>          [
20>              TPixel=LabelImageWrapperTraits::ComponentType
20>          ]
20>          e:\itksnap\src\logic\imagewrapper\ScalarImageWrapper.h(62) : see reference to class template instantiation 'ImageWrapper<TTraits,TBase>' being compiled
20>          with
20>          [
20>              TTraits=LabelImageWrapperTraits,
20>              TBase=ScalarImageWrapperBase
20>          ]
20>          e:\itksnap\src\logic\framework\GenericImageData.h(73) : see reference to class template instantiation 'ScalarImageWrapper<TTraits>' being compiled
20>          with
20>          [
20>              TTraits=LabelImageWrapperTraits
20>          ]
20>e:\itksnap\src\logic\rleimage\RLEImage.txx(131): warning C4018: '<' : signed/unsigned mismatch
20>e:\itksnap\src\logic\rleimage\RLEImage.txx(141): warning C4018: '<' : signed/unsigned mismatch
20>  SNAPImageData.cxx
21>  Generating GUI/Qt/Components/moc_VoxelIntensityQTableModel.cpp
21>  Generating GUI/Qt/Components/moc_ZoomInspector.cpp
20>e:\itksnap\src\logic\rleimage\RLEImage.txx(113): warning C4018: '<' : signed/unsigned mismatch
20>          e:\itksnap\src\logic\rleimage\RLEImage.txx(101) : while compiling class template member function 'int RLEImage<TPixel>::SetPixel(std::vector<_Ty> &,__int64 &,__int64 &,const TPixel &)'
20>          with
20>          [
20>              TPixel=LabelImageWrapperTraits::ComponentType,
20>              _Ty=std::pair<unsigned short,unsigned short>
20>          ]
20>          E:\itksnap\src\Logic\RLEImage\RLEImageRegionIterator.h(71) : see reference to function template instantiation 'int RLEImage<TPixel>::SetPixel(std::vector<_Ty> &,__int64 &,__int64 &,const TPixel &)' being compiled
20>          with
20>          [
20>              TPixel=LabelImageWrapperTraits::ComponentType,
20>              _Ty=std::pair<unsigned short,unsigned short>
20>          ]
20>          e:\itksnap\src\logic\imagewrapper\ImageWrapper.h(97) : see reference to class template instantiation 'RLEImage<TPixel>' being compiled
20>          with
20>          [
20>              TPixel=LabelImageWrapperTraits::ComponentType
20>          ]
20>          e:\itksnap\src\logic\imagewrapper\ScalarImageWrapper.h(62) : see reference to class template instantiation 'ImageWrapper<TTraits,TBase>' being compiled
20>          with
20>          [
20>              TTraits=LabelImageWrapperTraits,
20>              TBase=ScalarImageWrapperBase
20>          ]
20>          e:\itksnap\src\logic\framework\GenericImageData.h(73) : see reference to class template instantiation 'ScalarImageWrapper<TTraits>' being compiled
20>          with
20>          [
20>              TTraits=LabelImageWrapperTraits
20>          ]
20>e:\itksnap\src\logic\rleimage\RLEImage.txx(131): warning C4018: '<' : signed/unsigned mismatch
20>e:\itksnap\src\logic\rleimage\RLEImage.txx(141): warning C4018: '<' : signed/unsigned mismatch
20>  UndoDataManager_LabelType.cxx
20>  CommonRepresentationPolicy.cxx
21>  Generating GUI/Qt/Coupling/moc_QtWidgetCoupling.cpp
20>  Generating Code...
21>  Generating GUI/Qt/External/ColorWheel/moc_ColorWheel.cpp
20>  Compiling...
20>  DisplayMappingPolicy.cxx
21>  Generating GUI/Qt/ModelView/moc_GMMTableModel.cpp
20>  ImageWrapperBase.cxx
21>  Generating GUI/Qt/View/moc_AnnotationInteractionMode.cpp
20>  ImageWrapper.cxx
21>  Generating GUI/Qt/View/moc_ColorMapBox.cpp
20>e:\itksnap\src\logic\rleimage\RLEImage.txx(113): warning C4018: '<' : signed/unsigned mismatch
20>          e:\itksnap\src\logic\rleimage\RLEImage.txx(101) : while compiling class template member function 'int RLEImage<TPixel>::SetPixel(std::vector<_Ty> &,__int64 &,__int64 &,const TPixel &)'
20>          with
20>          [
20>              TPixel=LabelImageWrapperTraits::ComponentType,
20>              _Ty=std::pair<unsigned short,unsigned short>
20>          ]
20>          E:\itksnap\src\Logic\RLEImage\RLEImageRegionIterator.h(71) : see reference to function template instantiation 'int RLEImage<TPixel>::SetPixel(std::vector<_Ty> &,__int64 &,__int64 &,const TPixel &)' being compiled
20>          with
20>          [
20>              TPixel=LabelImageWrapperTraits::ComponentType,
20>              _Ty=std::pair<unsigned short,unsigned short>
20>          ]
20>          e:\itksnap\src\logic\rleimage\RLEImage.txx(42) : while compiling class template member function 'void RLEImage<TPixel>::Allocate(bool)'
20>          with
20>          [
20>              TPixel=LabelImageWrapperTraits::ComponentType
20>          ]
20>          e:\itksnap\src\logic\imagewrapper\ImageWrapper.h(97) : see reference to class template instantiation 'RLEImage<TPixel>' being compiled
20>          with
20>          [
20>              TPixel=LabelImageWrapperTraits::ComponentType
20>          ]
20>          E:\itksnap\src\Logic\ImageWrapper\ImageWrapper.cxx(1833) : see reference to class template instantiation 'ImageWrapper<TTraits,TBase>' being compiled
20>          with
20>          [
20>              TTraits=LabelImageWrapperTraits,
20>              TBase=ScalarImageWrapperBase
20>          ]
20>e:\itksnap\src\logic\rleimage\RLEImage.txx(131): warning C4018: '<' : signed/unsigned mismatch
20>e:\itksnap\src\logic\rleimage\RLEImage.txx(141): warning C4018: '<' : signed/unsigned mismatch
20>e:\itksnap\src\logic\rleimage\RLEImage.txx(199): warning C4018: '<' : signed/unsigned mismatch
20>          e:\itksnap\src\logic\rleimage\RLEImage.txx(190) : while compiling class template member function 'void RLEImage<TPixel>::SetPixel(const itk::Index<VIndexDimension> &,const TPixel &)'
20>          with
20>          [
20>              TPixel=LabelImageWrapperTraits::ComponentType,
20>              VIndexDimension=3
20>          ]
20>          E:\itksnap\src\Logic\ImageWrapper\ImageWrapper.cxx(1134) : see reference to function template instantiation 'void RLEImage<TPixel>::SetPixel(const itk::Index<VIndexDimension> &,const TPixel &)' being compiled
20>          with
20>          [
20>              TPixel=LabelImageWrapperTraits::ComponentType,
20>              VIndexDimension=3
20>          ]
20>e:\itksnap\src\logic\rleimage\RLEImage.txx(224): warning C4018: '<' : signed/unsigned mismatch
20>          e:\itksnap\src\logic\rleimage\RLEImage.txx(215) : while compiling class template member function 'const LabelImageWrapperTraits::ComponentType &RLEImage<TPixel>::GetPixel(const itk::Index<VIndexDimension> &) const'
20>          with
20>          [
20>              TPixel=LabelImageWrapperTraits::ComponentType,
20>              VIndexDimension=3
20>          ]
20>          E:\itksnap\src\Logic\ImageWrapper\ImageWrapper.cxx(1159) : see reference to function template instantiation 'const LabelImageWrapperTraits::ComponentType &RLEImage<TPixel>::GetPixel(const itk::Index<VIndexDimension> &) const' being compiled
20>          with
20>          [
20>              TPixel=LabelImageWrapperTraits::ComponentType,
20>              VIndexDimension=3
20>          ]
20>e:\itksnap\src\logic\slicing\IRISSlicer_RLE.txx(298): warning C4018: '>' : signed/unsigned mismatch
20>          e:\itksnap\src\logic\slicing\IRISSlicer_RLE.txx(205) : while compiling class template member function 'void IRISSlicer<TInputImage,TOutputImage,TPreviewImage>::GenerateData(void)'
20>          with
20>          [
20>              TInputImage=RLEImage<LabelImageWrapperTraits::ComponentType>,
20>              TOutputImage=itk::Image<LabelType,2>,
20>              TPreviewImage=itk::Image<unsigned short,3>
20>          ]
20>          E:\itksnap\src\Logic\ImageWrapper\ImageWrapper.cxx(1194) : see reference to class template instantiation 'IRISSlicer<TInputImage,TOutputImage,TPreviewImage>' being compiled
20>          with
20>          [
20>              TInputImage=RLEImage<LabelImageWrapperTraits::ComponentType>,
20>              TOutputImage=itk::Image<LabelType,2>,
20>              TPreviewImage=itk::Image<unsigned short,3>
20>          ]
20>          E:\itksnap\src\Logic\ImageWrapper\ImageWrapper.cxx(1186) : while compiling class template member function 'void ImageWrapper<TTraits,TBase>::SetSliceIndex(const Vector3ui &)'
20>          with
20>          [
20>              TTraits=LabelImageWrapperTraits,
20>              TBase=ScalarImageWrapperBase
20>          ]
20>          E:\itksnap\src\Logic\ImageWrapper\ImageWrapper.cxx(983) : see reference to function template instantiation 'void ImageWrapper<TTraits,TBase>::SetSliceIndex(const Vector3ui &)' being compiled
20>          with
20>          [
20>              TTraits=LabelImageWrapperTraits,
20>              TBase=ScalarImageWrapperBase
20>          ]
20>e:\itksnap\src\logic\rleimage\RLERegionOfInterestImageFilter.txx(496): warning C4018: '<' : signed/unsigned mismatch
20>          e:\itksnap\src\logic\rleimage\RLERegionOfInterestImageFilter.txx(456) : while compiling class template member function 'void itk::RegionOfInterestImageFilter<TInputImage,TOutputImage>::ThreadedGenerateData(const itk::ImageRegion<VImageDimension> &,itk::ThreadIdType)'
20>          with
20>          [
20>              TInputImage=RLEImage<LabelImageWrapperTraits::ComponentType>,
20>              TOutputImage=itk::Image<unsigned short,3>,
20>              VImageDimension=3
20>          ]
20>          E:\itksnap\src\Logic\ImageWrapper\ImageWrapper.cxx(373) : see reference to class template instantiation 'itk::RegionOfInterestImageFilter<TInputImage,TOutputImage>' being compiled
20>          with
20>          [
20>              TInputImage=RLEImage<LabelImageWrapperTraits::ComponentType>,
20>              TOutputImage=itk::Image<unsigned short,3>
20>          ]
20>          E:\itksnap\src\Logic\ImageWrapper\ImageWrapper.cxx(370) : while compiling class template member function 'void ImageWrapperPartialSpecializationTraits<TImage>::Write(RLEImage<TPixel> *,const char *,Registry &)'
20>          with
20>          [
20>              TImage=RLEImage<LabelImageWrapperTraits::ComponentType>,
20>              TPixel=LabelImageWrapperTraits::ComponentType
20>          ]
20>          E:\itksnap\src\Logic\ImageWrapper\ImageWrapper.cxx(1579) : see reference to function template instantiation 'void ImageWrapperPartialSpecializationTraits<TImage>::Write(RLEImage<TPixel> *,const char *,Registry &)' being compiled
20>          with
20>          [
20>              TImage=RLEImage<LabelImageWrapperTraits::ComponentType>,
20>              TPixel=LabelImageWrapperTraits::ComponentType
20>          ]
20>          E:\itksnap\src\Logic\ImageWrapper\ImageWrapper.cxx(1005) : see reference to class template instantiation 'ImageWrapperPartialSpecializationTraits<TImage>' being compiled
20>          with
20>          [
20>              TImage=RLEImage<LabelImageWrapperTraits::ComponentType>
20>          ]
20>          E:\itksnap\src\Logic\ImageWrapper\ImageWrapper.cxx(998) : while compiling class template member function 'void ImageWrapper<TTraits,TBase>::InitializeToWrapper(const ImageWrapperBase *,const unsigned short &)'
20>          with
20>          [
20>              TTraits=LabelImageWrapperTraits,
20>              TBase=ScalarImageWrapperBase
20>          ]
20>e:\itksnap\src\logic\rleimage\RLERegionOfInterestImageFilter.txx(523): warning C4018: '<' : signed/unsigned mismatch
20>  InputSelectionImageFilter.cxx
21>  Generating GUI/Qt/View/moc_CrosshairsInteractionMode.cpp
20>  GuidedNativeImageIO.cxx
21>  Generating GUI/Qt/View/moc_GenericSliceView.cpp
20>  ScalarImageHistogram.cxx
21>  Generating GUI/Qt/View/moc_GenericView3D.cpp
20>  ScalarImageWrapper.cxx
21>  Generating GUI/Qt/View/moc_QtAbstractOpenGLBox.cpp
20>  VectorImageWrapper.cxx
21>  Generating GUI/Qt/View/moc_QtInteractionDelegateWidget.cpp
20>  SnakeParameters.cxx
20>  SnakeParametersPreviewPipeline.cxx
21>  Generating GUI/Qt/View/moc_QtSimpleOpenGLBox.cpp
21>  Generating GUI/Qt/View/moc_QtVTKInteractionDelegateWidget.cpp
20>  AllPurposeProgressAccumulator.cxx
20>  GuidedMeshIO.cxx
21>  Generating GUI/Qt/View/moc_QtVTKRenderWindowBox.cpp
20>  MultiLabelMeshPipeline.cxx
21>  Generating GUI/Qt/View/moc_PaintbrushInteractionMode.cpp
20>C:\Program Files (x86)\Microsoft Visual Studio 11.0\VC\include\utility(138): warning C4244: 'initializing' : conversion from 'itk::Index<VIndexDimension>::IndexValueType' to 'unsigned short', possible loss of data
20>          with
20>          [
20>              VIndexDimension=3
20>          ]
20>          e:\itksnap\src\logic\rleimage\RLERegionOfInterestImageFilter.txx(166) : see reference to function template instantiation 'std::pair<_Ty1,_Ty2>::pair<itk::Index<VIndexDimension>::IndexValueType,const _Ty2&>(_Other1 &&,_Other2,void **)' being compiled
20>          with
20>          [
20>              _Ty1=unsigned short,
20>              _Ty2=unsigned short,
20>              VIndexDimension=3,
20>              _Other1=itk::Index<3>::IndexValueType,
20>              _Other2=const unsigned short &
20>          ]
20>          e:\itksnap\src\logic\rleimage\RLERegionOfInterestImageFilter.txx(166) : see reference to function template instantiation 'std::pair<_Ty1,_Ty2>::pair<itk::Index<VIndexDimension>::IndexValueType,const _Ty2&>(_Other1 &&,_Other2,void **)' being compiled
20>          with
20>          [
20>              _Ty1=unsigned short,
20>              _Ty2=unsigned short,
20>              VIndexDimension=3,
20>              _Other1=itk::Index<3>::IndexValueType,
20>              _Other2=const unsigned short &
20>          ]
20>          e:\itksnap\src\logic\rleimage\RLERegionOfInterestImageFilter.txx(117) : while compiling class template member function 'void itk::RegionOfInterestImageFilter<TInputImage,TOutputImage>::ThreadedGenerateData(const itk::ImageRegion<VImageDimension> &,itk::ThreadIdType)'
20>          with
20>          [
20>              TInputImage=MultiLabelMeshPipeline::InputImageType,
20>              TOutputImage=MultiLabelMeshPipeline::InputImageType,
20>              VImageDimension=3
20>          ]
20>          E:\itksnap\src\Logic\Mesh\MultiLabelMeshPipeline.cxx(57) : see reference to class template instantiation 'itk::RegionOfInterestImageFilter<TInputImage,TOutputImage>' being compiled
20>          with
20>          [
20>              TInputImage=MultiLabelMeshPipeline::InputImageType,
20>              TOutputImage=MultiLabelMeshPipeline::InputImageType
20>          ]
20>  LevelSetMeshPipeline.cxx
21>  Generating GUI/Qt/View/moc_PolygonDrawingInteractionMode.cpp
20>  MeshManager.cxx
21>  Generating GUI/Qt/View/moc_RegistrationInteractionMode.cpp
21>  Generating GUI/Qt/View/moc_SliceWindowInteractionDelegateWidget.cpp
20>e:\itksnap\src\logic\rleimage\RLEImage.txx(113): warning C4018: '<' : signed/unsigned mismatch
20>          e:\itksnap\src\logic\rleimage\RLEImage.txx(101) : while compiling class template member function 'int RLEImage<TPixel>::SetPixel(std::vector<_Ty> &,__int64 &,__int64 &,const TPixel &)'
20>          with
20>          [
20>              TPixel=LabelImageWrapperTraits::ComponentType,
20>              _Ty=std::pair<unsigned short,unsigned short>
20>          ]
20>          E:\itksnap\src\Logic\RLEImage\RLEImageRegionIterator.h(71) : see reference to function template instantiation 'int RLEImage<TPixel>::SetPixel(std::vector<_Ty> &,__int64 &,__int64 &,const TPixel &)' being compiled
20>          with
20>          [
20>              TPixel=LabelImageWrapperTraits::ComponentType,
20>              _Ty=std::pair<unsigned short,unsigned short>
20>          ]
20>          e:\itksnap\src\logic\imagewrapper\ImageWrapper.h(97) : see reference to class template instantiation 'RLEImage<TPixel>' being compiled
20>          with
20>          [
20>              TPixel=LabelImageWrapperTraits::ComponentType
20>          ]
20>          e:\itksnap\src\logic\imagewrapper\ScalarImageWrapper.h(62) : see reference to class template instantiation 'ImageWrapper<TTraits,TBase>' being compiled
20>          with
20>          [
20>              TTraits=LabelImageWrapperTraits,
20>              TBase=ScalarImageWrapperBase
20>          ]
20>          e:\itksnap\src\logic\framework\GenericImageData.h(73) : see reference to class template instantiation 'ScalarImageWrapper<TTraits>' being compiled
20>          with
20>          [
20>              TTraits=LabelImageWrapperTraits
20>          ]
20>e:\itksnap\src\logic\rleimage\RLEImage.txx(131): warning C4018: '<' : signed/unsigned mismatch
20>e:\itksnap\src\logic\rleimage\RLEImage.txx(141): warning C4018: '<' : signed/unsigned mismatch
20>  MeshOptions.cxx
20>  VTKMeshPipeline.cxx
21>  Generating GUI/Qt/View/moc_SnakeROIInteractionMode.cpp
20>  EdgePreprocessingSettings.cxx
21>  Generating GUI/Qt/View/moc_ThumbnailInteractionMode.cpp
20>  PreprocessingFilterConfigTraits.cxx
21>  Generating GUI/Qt/Windows/moc_AboutDialog.cpp
21>  Generating GUI/Qt/Windows/moc_DropActionDialog.cpp
20>e:\itksnap\src\logic\rleimage\RLEImage.txx(113): warning C4018: '<' : signed/unsigned mismatch
20>          e:\itksnap\src\logic\rleimage\RLEImage.txx(101) : while compiling class template member function 'int RLEImage<TPixel>::SetPixel(std::vector<_Ty> &,__int64 &,__int64 &,const TPixel &)'
20>          with
20>          [
20>              TPixel=LabelImageWrapperTraits::ComponentType,
20>              _Ty=std::pair<unsigned short,unsigned short>
20>          ]
20>          E:\itksnap\src\Logic\RLEImage\RLEImageRegionIterator.h(71) : see reference to function template instantiation 'int RLEImage<TPixel>::SetPixel(std::vector<_Ty> &,__int64 &,__int64 &,const TPixel &)' being compiled
20>          with
20>          [
20>              TPixel=LabelImageWrapperTraits::ComponentType,
20>              _Ty=std::pair<unsigned short,unsigned short>
20>          ]
20>          e:\itksnap\src\logic\imagewrapper\ImageWrapper.h(97) : see reference to class template instantiation 'RLEImage<TPixel>' being compiled
20>          with
20>          [
20>              TPixel=LabelImageWrapperTraits::ComponentType
20>          ]
20>          e:\itksnap\src\logic\imagewrapper\ScalarImageWrapper.h(62) : see reference to class template instantiation 'ImageWrapper<TTraits,TBase>' being compiled
20>          with
20>          [
20>              TTraits=LabelImageWrapperTraits,
20>              TBase=ScalarImageWrapperBase
20>          ]
20>          e:\itksnap\src\logic\framework\GenericImageData.h(73) : see reference to class template instantiation 'ScalarImageWrapper<TTraits>' being compiled
20>          with
20>          [
20>              TTraits=LabelImageWrapperTraits
20>          ]
20>e:\itksnap\src\logic\rleimage\RLEImage.txx(131): warning C4018: '<' : signed/unsigned mismatch
20>e:\itksnap\src\logic\rleimage\RLEImage.txx(141): warning C4018: '<' : signed/unsigned mismatch
20>e:\itksnap\src\logic\preprocessing\ImageCollectionToImageFilter.h(269): warning C4018: '<' : signed/unsigned mismatch
20>          e:\itksnap\src\logic\preprocessing\ImageCollectionToImageFilter.h(259) : while compiling class template member function 'void ImageCollectionConstRegionIteratorWithIndex<TImage,TVectorImage>::AddVectorImage(TVectorImage *)'
20>          with
20>          [
20>              TImage=GMMPreprocessingFilterConfigTraits::GreyScalarType,
20>              TVectorImage=GMMPreprocessingFilterConfigTraits::GreyVectorType
20>          ]
20>          e:\itksnap\src\logic\preprocessing\ImageCollectionToImageFilter.h(291) : see reference to function template instantiation 'void ImageCollectionConstRegionIteratorWithIndex<TImage,TVectorImage>::AddVectorImage(TVectorImage *)' being compiled
20>          with
20>          [
20>              TImage=GMMPreprocessingFilterConfigTraits::GreyScalarType,
20>              TVectorImage=GMMPreprocessingFilterConfigTraits::GreyVectorType
20>          ]
20>          e:\itksnap\src\logic\preprocessing\ImageCollectionToImageFilter.h(229) : while compiling class template member function 'ImageCollectionConstRegionIteratorWithIndex<TImage,TVectorImage>::ImageCollectionConstRegionIteratorWithIndex(const itk::ImageRegion<VImageDimension> &)'
20>          with
20>          [
20>              TImage=GMMPreprocessingFilterConfigTraits::GreyScalarType,
20>              TVectorImage=GMMPreprocessingFilterConfigTraits::GreyVectorType,
20>              VImageDimension=3
20>          ]
20>          e:\itksnap\src\logic\preprocessing\GMMClassifyImageFilter.txx(120) : see reference to function template instantiation 'ImageCollectionConstRegionIteratorWithIndex<TImage,TVectorImage>::ImageCollectionConstRegionIteratorWithIndex(const itk::ImageRegion<VImageDimension> &)' being compiled
20>          with
20>          [
20>              TImage=GMMPreprocessingFilterConfigTraits::GreyScalarType,
20>              TVectorImage=GMMPreprocessingFilterConfigTraits::GreyVectorType,
20>              VImageDimension=3
20>          ]
20>          e:\itksnap\src\logic\preprocessing\GMMClassifyImageFilter.txx(120) : see reference to class template instantiation 'ImageCollectionConstRegionIteratorWithIndex<TImage,TVectorImage>' being compiled
20>          with
20>          [
20>              TImage=GMMPreprocessingFilterConfigTraits::GreyScalarType,
20>              TVectorImage=GMMPreprocessingFilterConfigTraits::GreyVectorType
20>          ]
20>          e:\itksnap\src\logic\preprocessing\GMMClassifyImageFilter.txx(89) : while compiling class template member function 'void GMMClassifyImageFilter<TInputImage,TInputVectorImage,TOutputImage>::ThreadedGenerateData(const itk::ImageRegion<VImageDimension> &,itk::ThreadIdType)'
20>          with
20>          [
20>              TInputImage=GMMPreprocessingFilterConfigTraits::GreyScalarType,
20>              TInputVectorImage=GMMPreprocessingFilterConfigTraits::GreyVectorType,
20>              TOutputImage=GMMPreprocessingFilterConfigTraits::SpeedType,
20>              VImageDimension=3
20>          ]
20>          E:\itksnap\src\Logic\Preprocessing\PreprocessingFilterConfigTraits.cxx(151) : see reference to class template instantiation 'GMMClassifyImageFilter<TInputImage,TInputVectorImage,TOutputImage>' being compiled
20>          with
20>          [
20>              TInputImage=GMMPreprocessingFilterConfigTraits::GreyScalarType,
20>              TInputVectorImage=GMMPreprocessingFilterConfigTraits::GreyVectorType,
20>              TOutputImage=GMMPreprocessingFilterConfigTraits::SpeedType
20>          ]
20>  ThresholdSettings.cxx
21>  Generating GUI/Qt/Windows/moc_ImageIODialog.cpp
20>  Generating Code...
21>  Generating GUI/Qt/Windows/moc_ImageIOWizard.cpp
20>  Compiling...
20>  EMGaussianMixtures.cxx
21>  Generating GUI/Qt/Windows/ImageIOWizard/moc_OverlayRolePage.cpp
20>  Gaussian.cxx
20>  GaussianMixtureModel.cxx
20>  KMeansPlusPlus.cxx
21>  Generating GUI/Qt/Windows/moc_InterpolateLabelsDialog.cpp
20>  UnsupervisedClustering.cxx
21>  Generating GUI/Qt/Windows/moc_LabelEditorDialog.cpp
20>e:\itksnap\src\logic\rleimage\RLEImage.txx(113): warning C4018: '<' : signed/unsigned mismatch
20>          e:\itksnap\src\logic\rleimage\RLEImage.txx(101) : while compiling class template member function 'int RLEImage<TPixel>::SetPixel(std::vector<_Ty> &,__int64 &,__int64 &,const TPixel &)'
20>          with
20>          [
20>              TPixel=LabelImageWrapperTraits::ComponentType,
20>              _Ty=std::pair<unsigned short,unsigned short>
20>          ]
20>          E:\itksnap\src\Logic\RLEImage\RLEImageRegionIterator.h(71) : see reference to function template instantiation 'int RLEImage<TPixel>::SetPixel(std::vector<_Ty> &,__int64 &,__int64 &,const TPixel &)' being compiled
20>          with
20>          [
20>              TPixel=LabelImageWrapperTraits::ComponentType,
20>              _Ty=std::pair<unsigned short,unsigned short>
20>          ]
20>          E:\itksnap\src\Logic\ImageWrapper\ImageWrapper.h(97) : see reference to class template instantiation 'RLEImage<TPixel>' being compiled
20>          with
20>          [
20>              TPixel=LabelImageWrapperTraits::ComponentType
20>          ]
20>          e:\itksnap\src\logic\imagewrapper\ScalarImageWrapper.h(62) : see reference to class template instantiation 'ImageWrapper<TTraits,TBase>' being compiled
20>          with
20>          [
20>              TTraits=LabelImageWrapperTraits,
20>              TBase=ScalarImageWrapperBase
20>          ]
20>          e:\itksnap\src\logic\framework\GenericImageData.h(73) : see reference to class template instantiation 'ScalarImageWrapper<TTraits>' being compiled
20>          with
20>          [
20>              TTraits=LabelImageWrapperTraits
20>          ]
20>e:\itksnap\src\logic\rleimage\RLEImage.txx(131): warning C4018: '<' : signed/unsigned mismatch
20>e:\itksnap\src\logic\rleimage\RLEImage.txx(141): warning C4018: '<' : signed/unsigned mismatch
20>  RFClassificationEngine.cxx
21>  Generating GUI/Qt/Windows/moc_LayerInspectorDialog.cpp
21>  Generating GUI/Qt/Windows/moc_LabelSelectionPopup.cpp
20>e:\itksnap\src\logic\rleimage\RLEImage.txx(113): warning C4018: '<' : signed/unsigned mismatch
20>          e:\itksnap\src\logic\rleimage\RLEImage.txx(101) : while compiling class template member function 'int RLEImage<TPixel>::SetPixel(std::vector<_Ty> &,__int64 &,__int64 &,const TPixel &)'
20>          with
20>          [
20>              TPixel=LabelImageWrapperTraits::ComponentType,
20>              _Ty=std::pair<unsigned short,unsigned short>
20>          ]
20>          E:\itksnap\src\Logic\RLEImage\RLEImageRegionIterator.h(71) : see reference to function template instantiation 'int RLEImage<TPixel>::SetPixel(std::vector<_Ty> &,__int64 &,__int64 &,const TPixel &)' being compiled
20>          with
20>          [
20>              TPixel=LabelImageWrapperTraits::ComponentType,
20>              _Ty=std::pair<unsigned short,unsigned short>
20>          ]
20>          E:\itksnap\src\Logic\ImageWrapper\ImageWrapper.h(97) : see reference to class template instantiation 'RLEImage<TPixel>' being compiled
20>          with
20>          [
20>              TPixel=LabelImageWrapperTraits::ComponentType
20>          ]
20>          e:\itksnap\src\logic\imagewrapper\ScalarImageWrapper.h(62) : see reference to class template instantiation 'ImageWrapper<TTraits,TBase>' being compiled
20>          with
20>          [
20>              TTraits=LabelImageWrapperTraits,
20>              TBase=ScalarImageWrapperBase
20>          ]
20>          e:\itksnap\src\logic\framework\GenericImageData.h(73) : see reference to class template instantiation 'ScalarImageWrapper<TTraits>' being compiled
20>          with
20>          [
20>              TTraits=LabelImageWrapperTraits
20>          ]
20>e:\itksnap\src\logic\rleimage\RLEImage.txx(131): warning C4018: '<' : signed/unsigned mismatch
20>e:\itksnap\src\logic\rleimage\RLEImage.txx(141): warning C4018: '<' : signed/unsigned mismatch
20>e:\itksnap\src\logic\preprocessing\ImageCollectionToImageFilter.h(269): warning C4018: '<' : signed/unsigned mismatch
20>          e:\itksnap\src\logic\preprocessing\ImageCollectionToImageFilter.h(259) : while compiling class template member function 'void ImageCollectionConstRegionIteratorWithIndex<TImage,TVectorImage>::AddVectorImage(TVectorImage *)'
20>          with
20>          [
20>              TImage=itk::Image<short,3>,
20>              TVectorImage=itk::VectorImage<GreyType,3>
20>          ]
20>          e:\itksnap\src\logic\preprocessing\ImageCollectionToImageFilter.h(291) : see reference to function template instantiation 'void ImageCollectionConstRegionIteratorWithIndex<TImage,TVectorImage>::AddVectorImage(TVectorImage *)' being compiled
20>          with
20>          [
20>              TImage=itk::Image<short,3>,
20>              TVectorImage=itk::VectorImage<GreyType,3>
20>          ]
20>          e:\itksnap\src\logic\preprocessing\ImageCollectionToImageFilter.h(229) : while compiling class template member function 'ImageCollectionConstRegionIteratorWithIndex<TImage,TVectorImage>::ImageCollectionConstRegionIteratorWithIndex(const itk::ImageRegion<VImageDimension> &)'
20>          with
20>          [
20>              TImage=itk::Image<short,3>,
20>              TVectorImage=itk::VectorImage<GreyType,3>,
20>              VImageDimension=3
20>          ]
20>          E:\itksnap\src\Logic\Preprocessing\RFClassificationEngine.cxx(85) : see reference to function template instantiation 'ImageCollectionConstRegionIteratorWithIndex<TImage,TVectorImage>::ImageCollectionConstRegionIteratorWithIndex(const itk::ImageRegion<VImageDimension> &)' being compiled
20>          with
20>          [
20>              TImage=itk::Image<short,3>,
20>              TVectorImage=itk::VectorImage<GreyType,3>,
20>              VImageDimension=3
20>          ]
20>          E:\itksnap\src\Logic\Preprocessing\RFClassificationEngine.cxx(85) : see reference to class template instantiation 'ImageCollectionConstRegionIteratorWithIndex<TImage,TVectorImage>' being compiled
20>          with
20>          [
20>              TImage=itk::Image<short,3>,
20>              TVectorImage=itk::VectorImage<GreyType,3>
20>          ]
20>          E:\itksnap\src\Logic\Preprocessing\RFClassificationEngine.cxx(53) : while compiling class template member function 'void RFClassificationEngine<TPixel,TLabel,VDim>::TrainClassifier(void)'
20>          with
20>          [
20>              TPixel=GreyType,
20>              TLabel=LabelType,
20>              VDim=3
20>          ]
20>          E:\itksnap\src\Logic\Preprocessing\RFClassificationEngine.cxx(254) : see reference to class template instantiation 'RFClassificationEngine<TPixel,TLabel,VDim>' being compiled
20>          with
20>          [
20>              TPixel=GreyType,
20>              TLabel=LabelType,
20>              VDim=3
20>          ]
20>  MomentTextures.cxx
21>  Generating GUI/Qt/Windows/moc_MainControlPanel.cpp
20>E:\itksnap\src\Logic\Preprocessing\Texture\MomentTextures.cxx(58): warning C4018: '<' : signed/unsigned mismatch
20>          E:\itksnap\src\Logic\Preprocessing\Texture\MomentTextures.cxx(19) : while compiling class template member function 'void bilwaj::MomentTextureFilter<TInputImage,TOutputImage>::ThreadedGenerateData(const itk::ImageRegion<VImageDimension> &,itk::ThreadIdType)'
20>          with
20>          [
20>              TInputImage=itk::Image<short,3>,
20>              TOutputImage=itk::VectorImage<short,3>,
20>              VImageDimension=3
20>          ]
20>          E:\itksnap\src\Logic\Preprocessing\Texture\MomentTextures.cxx(91) : see reference to class template instantiation 'bilwaj::MomentTextureFilter<TInputImage,TOutputImage>' being compiled
20>          with
20>          [
20>              TInputImage=itk::Image<short,3>,
20>              TOutputImage=itk::VectorImage<short,3>
20>          ]
20>E:\itksnap\src\Logic\Preprocessing\Texture\MomentTextures.cxx(72): warning C4018: '<' : signed/unsigned mismatch
20>  IntensityCurveVTK.cxx
21>  Generating GUI/Qt/Windows/moc_MainImageWindow.cpp
20>  IntensityToColorLookupTableImageFilter.cxx
20>  LookupTableIntensityMappingFilter.cxx
21>  Generating GUI/Qt/Windows/moc_PreferencesDialog.cpp
20>  RGBALookupTableIntensityMappingFilter.cxx
21>  Generating GUI/Qt/Windows/moc_ReorientImageDialog.cpp
20>  Generating Code...
21>  Generating GUI/Qt/Windows/moc_ResampleDialog.cpp
22>------ Build started: Project: itksnapui_model, Configuration: Debug x64 ------
21>  Generating GUI/Qt/Windows/moc_SaveModifiedLayersDialog.cpp
22>  Building Custom Rule E:/itksnap/src/CMakeLists.txt
22>  CMake does not need to re-run because E:\itksnap\bin\CMakeFiles\generate.stamp is up-to-date.
22>  AnnotationModel.cxx
21>  Generating GUI/Qt/Windows/moc_SimpleFileDialogWithHistory.cpp
22>E:\itksnap\src\GUI\Model\AnnotationModel.cxx(573): warning C4018: '>=' : signed/unsigned mismatch
22>E:\itksnap\src\GUI\Model\AnnotationModel.cxx(587): warning C4018: '<=' : signed/unsigned mismatch
22>e:\itksnap\src\logic\rleimage\RLEImage.txx(113): warning C4018: '<' : signed/unsigned mismatch
22>          e:\itksnap\src\logic\rleimage\RLEImage.txx(101) : while compiling class template member function 'int RLEImage<TPixel>::SetPixel(std::vector<_Ty> &,__int64 &,__int64 &,const TPixel &)'
22>          with
22>          [
22>              TPixel=LabelImageWrapperTraits::ComponentType,
22>              _Ty=std::pair<unsigned short,unsigned short>
22>          ]
22>          E:\itksnap\src\Logic\RLEImage\RLEImageRegionIterator.h(71) : see reference to function template instantiation 'int RLEImage<TPixel>::SetPixel(std::vector<_Ty> &,__int64 &,__int64 &,const TPixel &)' being compiled
22>          with
22>          [
22>              TPixel=LabelImageWrapperTraits::ComponentType,
22>              _Ty=std::pair<unsigned short,unsigned short>
22>          ]
22>          e:\itksnap\src\logic\imagewrapper\ImageWrapper.h(97) : see reference to class template instantiation 'RLEImage<TPixel>' being compiled
22>          with
22>          [
22>              TPixel=LabelImageWrapperTraits::ComponentType
22>          ]
22>          e:\itksnap\src\logic\imagewrapper\ScalarImageWrapper.h(62) : see reference to class template instantiation 'ImageWrapper<TTraits,TBase>' being compiled
22>          with
22>          [
22>              TTraits=LabelImageWrapperTraits,
22>              TBase=ScalarImageWrapperBase
22>          ]
22>          E:\itksnap\src\Logic\Framework\GenericImageData.h(73) : see reference to class template instantiation 'ScalarImageWrapper<TTraits>' being compiled
22>          with
22>          [
22>              TTraits=LabelImageWrapperTraits
22>          ]
22>e:\itksnap\src\logic\rleimage\RLEImage.txx(131): warning C4018: '<' : signed/unsigned mismatch
22>e:\itksnap\src\logic\rleimage\RLEImage.txx(141): warning C4018: '<' : signed/unsigned mismatch
22>  ColorLabelQuickListModel.cxx
21>  Generating GUI/Qt/Windows/moc_SnakeParameterDialog.cpp
22>  ColorLabelPropertyModel.cxx
21>  Generating GUI/Qt/Windows/moc_SpeedImageDialog.cpp
22>  ColorMapModel.cxx
21>  Generating GUI/Qt/Windows/moc_SplashPanel.cpp
22>e:\itksnap\src\logic\rleimage\RLEImage.txx(113): warning C4018: '<' : signed/unsigned mismatch
22>          e:\itksnap\src\logic\rleimage\RLEImage.txx(101) : while compiling class template member function 'int RLEImage<TPixel>::SetPixel(std::vector<_Ty> &,__int64 &,__int64 &,const TPixel &)'
22>          with
22>          [
22>              TPixel=LabelImageWrapperTraits::ComponentType,
22>              _Ty=std::pair<unsigned short,unsigned short>
22>          ]
22>          E:\itksnap\src\Logic\RLEImage\RLEImageRegionIterator.h(71) : see reference to function template instantiation 'int RLEImage<TPixel>::SetPixel(std::vector<_Ty> &,__int64 &,__int64 &,const TPixel &)' being compiled
22>          with
22>          [
22>              TPixel=LabelImageWrapperTraits::ComponentType,
22>              _Ty=std::pair<unsigned short,unsigned short>
22>          ]
22>          e:\itksnap\src\logic\imagewrapper\ImageWrapper.h(97) : see reference to class template instantiation 'RLEImage<TPixel>' being compiled
22>          with
22>          [
22>              TPixel=LabelImageWrapperTraits::ComponentType
22>          ]
22>          e:\itksnap\src\logic\imagewrapper\ScalarImageWrapper.h(62) : see reference to class template instantiation 'ImageWrapper<TTraits,TBase>' being compiled
22>          with
22>          [
22>              TTraits=LabelImageWrapperTraits,
22>              TBase=ScalarImageWrapperBase
22>          ]
22>          e:\itksnap\src\logic\framework\GenericImageData.h(73) : see reference to class template instantiation 'ScalarImageWrapper<TTraits>' being compiled
22>          with
22>          [
22>              TTraits=LabelImageWrapperTraits
22>          ]
22>e:\itksnap\src\logic\rleimage\RLEImage.txx(131): warning C4018: '<' : signed/unsigned mismatch
22>e:\itksnap\src\logic\rleimage\RLEImage.txx(141): warning C4018: '<' : signed/unsigned mismatch
22>  CursorInspectionModel.cxx
21>  Generating GUI/Qt/Windows/moc_StatisticsDialog.cpp
21>  Generating GUI/Qt/Windows/MeshExportWizard/moc_MeshExportWizard.cpp
22>e:\itksnap\src\logic\rleimage\RLEImage.txx(113): warning C4018: '<' : signed/unsigned mismatch
22>          e:\itksnap\src\logic\rleimage\RLEImage.txx(101) : while compiling class template member function 'int RLEImage<TPixel>::SetPixel(std::vector<_Ty> &,__int64 &,__int64 &,const TPixel &)'
22>          with
22>          [
22>              TPixel=LabelImageWrapperTraits::ComponentType,
22>              _Ty=std::pair<unsigned short,unsigned short>
22>          ]
22>          E:\itksnap\src\Logic\RLEImage\RLEImageRegionIterator.h(71) : see reference to function template instantiation 'int RLEImage<TPixel>::SetPixel(std::vector<_Ty> &,__int64 &,__int64 &,const TPixel &)' being compiled
22>          with
22>          [
22>              TPixel=LabelImageWrapperTraits::ComponentType,
22>              _Ty=std::pair<unsigned short,unsigned short>
22>          ]
22>          e:\itksnap\src\logic\imagewrapper\ImageWrapper.h(97) : see reference to class template instantiation 'RLEImage<TPixel>' being compiled
22>          with
22>          [
22>              TPixel=LabelImageWrapperTraits::ComponentType
22>          ]
22>          e:\itksnap\src\logic\imagewrapper\ScalarImageWrapper.h(62) : see reference to class template instantiation 'ImageWrapper<TTraits,TBase>' being compiled
22>          with
22>          [
22>              TTraits=LabelImageWrapperTraits,
22>              TBase=ScalarImageWrapperBase
22>          ]
22>          E:\itksnap\src\Logic\Framework\GenericImageData.h(73) : see reference to class template instantiation 'ScalarImageWrapper<TTraits>' being compiled
22>          with
22>          [
22>              TTraits=LabelImageWrapperTraits
22>          ]
22>e:\itksnap\src\logic\rleimage\RLEImage.txx(131): warning C4018: '<' : signed/unsigned mismatch
22>e:\itksnap\src\logic\rleimage\RLEImage.txx(141): warning C4018: '<' : signed/unsigned mismatch
21>  Generating GUI/Qt/Windows/MeshExportWizard/moc_MeshExportModePage.cpp
22>  DisplayLayoutModel.cxx
21>  Generating GUI/Qt/Windows/MeshExportWizard/moc_MeshExportBrowsePage.cpp
22>E:\itksnap\src\GUI\Model\DisplayLayoutModel.cxx(240): warning C4018: '<=' : signed/unsigned mismatch
22>E:\itksnap\src\GUI\Model\DisplayLayoutModel.cxx(245): warning C4018: '>=' : signed/unsigned mismatch
22>e:\itksnap\src\logic\rleimage\RLEImage.txx(113): warning C4018: '<' : signed/unsigned mismatch
22>          e:\itksnap\src\logic\rleimage\RLEImage.txx(101) : while compiling class template member function 'int RLEImage<TPixel>::SetPixel(std::vector<_Ty> &,__int64 &,__int64 &,const TPixel &)'
22>          with
22>          [
22>              TPixel=LabelImageWrapperTraits::ComponentType,
22>              _Ty=std::pair<unsigned short,unsigned short>
22>          ]
22>          E:\itksnap\src\Logic\RLEImage\RLEImageRegionIterator.h(71) : see reference to function template instantiation 'int RLEImage<TPixel>::SetPixel(std::vector<_Ty> &,__int64 &,__int64 &,const TPixel &)' being compiled
22>          with
22>          [
22>              TPixel=LabelImageWrapperTraits::ComponentType,
22>              _Ty=std::pair<unsigned short,unsigned short>
22>          ]
22>          e:\itksnap\src\logic\imagewrapper\ImageWrapper.h(97) : see reference to class template instantiation 'RLEImage<TPixel>' being compiled
22>          with
22>          [
22>              TPixel=LabelImageWrapperTraits::ComponentType
22>          ]
22>          e:\itksnap\src\logic\imagewrapper\ScalarImageWrapper.h(62) : see reference to class template instantiation 'ImageWrapper<TTraits,TBase>' being compiled
22>          with
22>          [
22>              TTraits=LabelImageWrapperTraits,
22>              TBase=ScalarImageWrapperBase
22>          ]
22>          E:\itksnap\src\Logic\Framework\GenericImageData.h(73) : see reference to class template instantiation 'ScalarImageWrapper<TTraits>' being compiled
22>          with
22>          [
22>              TTraits=LabelImageWrapperTraits
22>          ]
22>e:\itksnap\src\logic\rleimage\RLEImage.txx(131): warning C4018: '<' : signed/unsigned mismatch
22>e:\itksnap\src\logic\rleimage\RLEImage.txx(141): warning C4018: '<' : signed/unsigned mismatch
22>  Generic3DModel.cxx
21>  Generating GUI/Qt/Windows/Registration/moc_RegistrationDialog.cpp
22>e:\itksnap\src\logic\rleimage\RLEImage.txx(113): warning C4018: '<' : signed/unsigned mismatch
22>          e:\itksnap\src\logic\rleimage\RLEImage.txx(101) : while compiling class template member function 'int RLEImage<TPixel>::SetPixel(std::vector<_Ty> &,__int64 &,__int64 &,const TPixel &)'
22>          with
22>          [
22>              TPixel=LabelImageWrapperTraits::ComponentType,
22>              _Ty=std::pair<unsigned short,unsigned short>
22>          ]
22>          E:\itksnap\src\Logic\RLEImage\RLEImageRegionIterator.h(71) : see reference to function template instantiation 'int RLEImage<TPixel>::SetPixel(std::vector<_Ty> &,__int64 &,__int64 &,const TPixel &)' being compiled
22>          with
22>          [
22>              TPixel=LabelImageWrapperTraits::ComponentType,
22>              _Ty=std::pair<unsigned short,unsigned short>
22>          ]
22>          e:\itksnap\src\logic\imagewrapper\ImageWrapper.h(97) : see reference to class template instantiation 'RLEImage<TPixel>' being compiled
22>          with
22>          [
22>              TPixel=LabelImageWrapperTraits::ComponentType
22>          ]
22>          e:\itksnap\src\logic\imagewrapper\ScalarImageWrapper.h(62) : see reference to class template instantiation 'ImageWrapper<TTraits,TBase>' being compiled
22>          with
22>          [
22>              TTraits=LabelImageWrapperTraits,
22>              TBase=ScalarImageWrapperBase
22>          ]
22>          e:\itksnap\src\logic\framework\GenericImageData.h(73) : see reference to class template instantiation 'ScalarImageWrapper<TTraits>' being compiled
22>          with
22>          [
22>              TTraits=LabelImageWrapperTraits
22>          ]
22>e:\itksnap\src\logic\rleimage\RLEImage.txx(131): warning C4018: '<' : signed/unsigned mismatch
22>e:\itksnap\src\logic\rleimage\RLEImage.txx(141): warning C4018: '<' : signed/unsigned mismatch
22>e:\itksnap\src\logic\rleimage\RLEImage.txx(224): warning C4018: '<' : signed/unsigned mismatch
22>          e:\itksnap\src\logic\rleimage\RLEImage.txx(215) : while compiling class template member function 'const LabelImageWrapperTraits::ComponentType &RLEImage<TPixel>::GetPixel(const itk::Index<VIndexDimension> &) const'
22>          with
22>          [
22>              TPixel=LabelImageWrapperTraits::ComponentType,
22>              VIndexDimension=3
22>          ]
22>          e:\itksnap\src\logic\common\ImageRayIntersectionFinder.txx(102) : see reference to function template instantiation 'const LabelImageWrapperTraits::ComponentType &RLEImage<TPixel>::GetPixel(const itk::Index<VIndexDimension> &) const' being compiled
22>          with
22>          [
22>              TPixel=LabelImageWrapperTraits::ComponentType,
22>              VIndexDimension=3
22>          ]
22>          e:\itksnap\src\logic\rleimage\RLEImage.txx(42) : while compiling class template member function 'void RLEImage<TPixel>::Allocate(bool)'
22>          with
22>          [
22>              TPixel=LabelImageWrapperTraits::ComponentType
22>          ]
21>  Generating Testing/GUI/Qt/moc_SNAPTestQt.cpp
22>  GenericSliceModel.cxx
21>  Generating ui_AnnotationToolPanel.h
21>  Generating ui_CollapsableGroupBox.h
21>  Generating ui_ColorMapInspector.h
21>  Generating ui_ContrastInspector.h
21>  Generating ui_CursorInspector.h
21>  Generating ui_DisplayLayoutInspector.h
21>  Generating ui_FileChooserPanelWithHistory.h
21>  Generating ui_ImageInfoInspector.h
21>  Generating ui_LabelInspector.h
21>  Generating ui_LabelMiniInspector.h
21>  Generating ui_LayerInspectorRowDelegate.h
21>  Generating ui_MetadataInspector.h
21>  Generating ui_GeneralLayerInspector.h
21>  Generating ui_PaintbrushToolPanel.h
21>  Generating ui_PolygonToolPanel.h
21>  Generating ui_QDoubleSliderWithEditor.h
22>E:\itksnap\src\GUI\Model\GenericSliceModel.cxx(72): warning C4146: unary minus operator applied to unsigned type, result still unsigned
22>E:\itksnap\src\GUI\Model\GenericSliceModel.cxx(740): warning C4018: '>=' : signed/unsigned mismatch
22>E:\itksnap\src\GUI\Model\GenericSliceModel.cxx(741): warning C4018: '>=' : signed/unsigned mismatch
22>E:\itksnap\src\GUI\Model\GenericSliceModel.cxx(741): warning C4018: '<' : signed/unsigned mismatch
21>  Generating ui_QtWarningDialog.h
21>  Generating ui_RecentHistoryItemsView.h
21>  Generating ui_SliceViewPanel.h
22>e:\itksnap\src\logic\rleimage\RLEImage.txx(113): warning C4018: '<' : signed/unsigned mismatch
22>          e:\itksnap\src\logic\rleimage\RLEImage.txx(101) : while compiling class template member function 'int RLEImage<TPixel>::SetPixel(std::vector<_Ty> &,__int64 &,__int64 &,const TPixel &)'
22>          with
22>          [
22>              TPixel=LabelImageWrapperTraits::ComponentType,
22>              _Ty=std::pair<unsigned short,unsigned short>
22>          ]
22>          E:\itksnap\src\Logic\RLEImage\RLEImageRegionIterator.h(71) : see reference to function template instantiation 'int RLEImage<TPixel>::SetPixel(std::vector<_Ty> &,__int64 &,__int64 &,const TPixel &)' being compiled
22>          with
22>          [
22>              TPixel=LabelImageWrapperTraits::ComponentType,
22>              _Ty=std::pair<unsigned short,unsigned short>
22>          ]
22>          e:\itksnap\src\logic\imagewrapper\ImageWrapper.h(97) : see reference to class template instantiation 'RLEImage<TPixel>' being compiled
22>          with
22>          [
22>              TPixel=LabelImageWrapperTraits::ComponentType
22>          ]
22>          e:\itksnap\src\logic\imagewrapper\ScalarImageWrapper.h(62) : see reference to class template instantiation 'ImageWrapper<TTraits,TBase>' being compiled
22>          with
22>          [
22>              TTraits=LabelImageWrapperTraits,
22>              TBase=ScalarImageWrapperBase
22>          ]
22>          E:\itksnap\src\Logic\Framework\GenericImageData.h(73) : see reference to class template instantiation 'ScalarImageWrapper<TTraits>' being compiled
22>          with
22>          [
22>              TTraits=LabelImageWrapperTraits
22>          ]
22>e:\itksnap\src\logic\rleimage\RLEImage.txx(131): warning C4018: '<' : signed/unsigned mismatch
22>e:\itksnap\src\logic\rleimage\RLEImage.txx(141): warning C4018: '<' : signed/unsigned mismatch
21>  Generating ui_SnakeToolROIPanel.h
21>  Generating ui_SnakeWizardPanel.h
22>  GlobalPreferencesModel.cxx
21>  Generating ui_SynchronizationInspector.h
21>  Generating ui_ViewPanel3D.h
21>  Generating ui_ZoomInspector.h
21>  Generating ui_AboutDialog.h
21>  Generating ui_DropActionDialog.h
21>  Generating ui_ImageIODialog.h
21>  Generating ui_OverlayRolePage.h
21>  Generating ui_InterpolateLabelsDialog.h
21>  Generating ui_LabelEditorDialog.h
21>  Generating ui_LayerInspectorDialog.h
21>  Generating ui_LabelSelectionPopup.h
21>  Generating ui_MainControlPanel.h
21>  Generating ui_MainImageWindow.h
21>  Generating ui_PreferencesDialog.h
21>  Generating ui_ReorientImageDialog.h
21>  Generating ui_ResampleDialog.h
21>  Generating ui_SaveModifiedLayersDialog.h
21>  Generating ui_SimpleFileDialogWithHistory.h
21>  Generating ui_SnakeParameterDialog.h
21>  Generating ui_SpeedImageDialog.h
21>  Generating ui_SplashPanel.h
21>  Generating ui_StatisticsDialog.h
21>  Generating ui_MeshExportWizard.h
21>  Generating ui_MeshExportModePage.h
21>  Generating ui_MeshExportBrowsePage.h
21>  Generating ui_RegistrationDialog.h
21>  Generating qrc_SNAPResources.cpp
22>  GlobalUIModel.cxx
21>  Generating qrc_SNAPResources_Linux.cpp
21>RCC : warning : No resources in 'E:/itksnap/src/GUI/Qt/Resources/SNAPResources_Linux.qrc'.
21>  
21>  Generating qrc_SNAPResources_MacOS.cpp
21>RCC : warning : No resources in 'E:/itksnap/src/GUI/Qt/Resources/SNAPResources_MacOS.qrc'.
21>  
21>  Generating qrc_SNAPResources_Windows.cpp
21>RCC : warning : No resources in 'E:/itksnap/src/GUI/Qt/Resources/SNAPResources_Windows.qrc'.
21>  
21>  Generating qrc_TestingScripts.cpp
21>  AnnotationToolPanel.cxx
22>e:\itksnap\src\logic\rleimage\RLEImage.txx(113): warning C4018: '<' : signed/unsigned mismatch
22>          e:\itksnap\src\logic\rleimage\RLEImage.txx(101) : while compiling class template member function 'int RLEImage<TPixel>::SetPixel(std::vector<_Ty> &,__int64 &,__int64 &,const TPixel &)'
22>          with
22>          [
22>              TPixel=LabelImageWrapperTraits::ComponentType,
22>              _Ty=std::pair<unsigned short,unsigned short>
22>          ]
22>          E:\itksnap\src\Logic\RLEImage\RLEImageRegionIterator.h(71) : see reference to function template instantiation 'int RLEImage<TPixel>::SetPixel(std::vector<_Ty> &,__int64 &,__int64 &,const TPixel &)' being compiled
22>          with
22>          [
22>              TPixel=LabelImageWrapperTraits::ComponentType,
22>              _Ty=std::pair<unsigned short,unsigned short>
22>          ]
22>          E:\itksnap\src\Logic\ImageWrapper\ImageWrapper.h(97) : see reference to class template instantiation 'RLEImage<TPixel>' being compiled
22>          with
22>          [
22>              TPixel=LabelImageWrapperTraits::ComponentType
22>          ]
22>          e:\itksnap\src\logic\imagewrapper\ScalarImageWrapper.h(62) : see reference to class template instantiation 'ImageWrapper<TTraits,TBase>' being compiled
22>          with
22>          [
22>              TTraits=LabelImageWrapperTraits,
22>              TBase=ScalarImageWrapperBase
22>          ]
22>          E:\itksnap\src\Logic\Framework\GenericImageData.h(73) : see reference to class template instantiation 'ScalarImageWrapper<TTraits>' being compiled
22>          with
22>          [
22>              TTraits=LabelImageWrapperTraits
22>          ]
22>e:\itksnap\src\logic\rleimage\RLEImage.txx(131): warning C4018: '<' : signed/unsigned mismatch
22>e:\itksnap\src\logic\rleimage\RLEImage.txx(141): warning C4018: '<' : signed/unsigned mismatch
22>  ImageIOWizardModel.cxx
21>  CollapsableGroupBox.cxx
22>e:\itksnap\src\logic\rleimage\RLEImage.txx(113): warning C4018: '<' : signed/unsigned mismatch
22>          e:\itksnap\src\logic\rleimage\RLEImage.txx(101) : while compiling class template member function 'int RLEImage<TPixel>::SetPixel(std::vector<_Ty> &,__int64 &,__int64 &,const TPixel &)'
22>          with
22>          [
22>              TPixel=LabelImageWrapperTraits::ComponentType,
22>              _Ty=std::pair<unsigned short,unsigned short>
22>          ]
22>          E:\itksnap\src\Logic\RLEImage\RLEImageRegionIterator.h(71) : see reference to function template instantiation 'int RLEImage<TPixel>::SetPixel(std::vector<_Ty> &,__int64 &,__int64 &,const TPixel &)' being compiled
22>          with
22>          [
22>              TPixel=LabelImageWrapperTraits::ComponentType,
22>              _Ty=std::pair<unsigned short,unsigned short>
22>          ]
22>          e:\itksnap\src\logic\imagewrapper\ImageWrapper.h(97) : see reference to class template instantiation 'RLEImage<TPixel>' being compiled
22>          with
22>          [
22>              TPixel=LabelImageWrapperTraits::ComponentType
22>          ]
22>          e:\itksnap\src\logic\imagewrapper\ScalarImageWrapper.h(62) : see reference to class template instantiation 'ImageWrapper<TTraits,TBase>' being compiled
22>          with
22>          [
22>              TTraits=LabelImageWrapperTraits,
22>              TBase=ScalarImageWrapperBase
22>          ]
22>          E:\itksnap\src\Logic\Framework\GenericImageData.h(73) : see reference to class template instantiation 'ScalarImageWrapper<TTraits>' being compiled
22>          with
22>          [
22>              TTraits=LabelImageWrapperTraits
22>          ]
22>e:\itksnap\src\logic\rleimage\RLEImage.txx(131): warning C4018: '<' : signed/unsigned mismatch
22>e:\itksnap\src\logic\rleimage\RLEImage.txx(141): warning C4018: '<' : signed/unsigned mismatch
22>  ImageInfoModel.cxx
21>  ColorLabelQuickListWidget.cxx
22>e:\itksnap\src\logic\rleimage\RLEImage.txx(113): warning C4018: '<' : signed/unsigned mismatch
22>          e:\itksnap\src\logic\rleimage\RLEImage.txx(101) : while compiling class template member function 'int RLEImage<TPixel>::SetPixel(std::vector<_Ty> &,__int64 &,__int64 &,const TPixel &)'
22>          with
22>          [
22>              TPixel=LabelImageWrapperTraits::ComponentType,
22>              _Ty=std::pair<unsigned short,unsigned short>
22>          ]
22>          E:\itksnap\src\Logic\RLEImage\RLEImageRegionIterator.h(71) : see reference to function template instantiation 'int RLEImage<TPixel>::SetPixel(std::vector<_Ty> &,__int64 &,__int64 &,const TPixel &)' being compiled
22>          with
22>          [
22>              TPixel=LabelImageWrapperTraits::ComponentType,
22>              _Ty=std::pair<unsigned short,unsigned short>
22>          ]
22>          e:\itksnap\src\logic\imagewrapper\ImageWrapper.h(97) : see reference to class template instantiation 'RLEImage<TPixel>' being compiled
22>          with
22>          [
22>              TPixel=LabelImageWrapperTraits::ComponentType
22>          ]
22>          e:\itksnap\src\logic\imagewrapper\ScalarImageWrapper.h(62) : see reference to class template instantiation 'ImageWrapper<TTraits,TBase>' being compiled
22>          with
22>          [
22>              TTraits=LabelImageWrapperTraits,
22>              TBase=ScalarImageWrapperBase
22>          ]
22>          e:\itksnap\src\logic\framework\GenericImageData.h(73) : see reference to class template instantiation 'ScalarImageWrapper<TTraits>' being compiled
22>          with
22>          [
22>              TTraits=LabelImageWrapperTraits
22>          ]
22>e:\itksnap\src\logic\rleimage\RLEImage.txx(131): warning C4018: '<' : signed/unsigned mismatch
22>e:\itksnap\src\logic\rleimage\RLEImage.txx(141): warning C4018: '<' : signed/unsigned mismatch
22>  IntensityCurveModel.cxx
21>  ColorMapInspector.cxx
22>e:\itksnap\src\logic\rleimage\RLEImage.txx(113): warning C4018: '<' : signed/unsigned mismatch
22>          e:\itksnap\src\logic\rleimage\RLEImage.txx(101) : while compiling class template member function 'int RLEImage<TPixel>::SetPixel(std::vector<_Ty> &,__int64 &,__int64 &,const TPixel &)'
22>          with
22>          [
22>              TPixel=LabelImageWrapperTraits::ComponentType,
22>              _Ty=std::pair<unsigned short,unsigned short>
22>          ]
22>          E:\itksnap\src\Logic\RLEImage\RLEImageRegionIterator.h(71) : see reference to function template instantiation 'int RLEImage<TPixel>::SetPixel(std::vector<_Ty> &,__int64 &,__int64 &,const TPixel &)' being compiled
22>          with
22>          [
22>              TPixel=LabelImageWrapperTraits::ComponentType,
22>              _Ty=std::pair<unsigned short,unsigned short>
22>          ]
22>          e:\itksnap\src\logic\imagewrapper\ImageWrapper.h(97) : see reference to class template instantiation 'RLEImage<TPixel>' being compiled
22>          with
22>          [
22>              TPixel=LabelImageWrapperTraits::ComponentType
22>          ]
22>          e:\itksnap\src\logic\imagewrapper\ScalarImageWrapper.h(62) : see reference to class template instantiation 'ImageWrapper<TTraits,TBase>' being compiled
22>          with
22>          [
22>              TTraits=LabelImageWrapperTraits,
22>              TBase=ScalarImageWrapperBase
22>          ]
22>          e:\itksnap\src\logic\framework\GenericImageData.h(73) : see reference to class template instantiation 'ScalarImageWrapper<TTraits>' being compiled
22>          with
22>          [
22>              TTraits=LabelImageWrapperTraits
22>          ]
22>e:\itksnap\src\logic\rleimage\RLEImage.txx(131): warning C4018: '<' : signed/unsigned mismatch
22>e:\itksnap\src\logic\rleimage\RLEImage.txx(141): warning C4018: '<' : signed/unsigned mismatch
22>  InteractiveRegistrationModel.cxx
22>e:\itksnap\src\logic\rleimage\RLEImage.txx(113): warning C4018: '<' : signed/unsigned mismatch
22>          e:\itksnap\src\logic\rleimage\RLEImage.txx(101) : while compiling class template member function 'int RLEImage<TPixel>::SetPixel(std::vector<_Ty> &,__int64 &,__int64 &,const TPixel &)'
22>          with
22>          [
22>              TPixel=LabelImageWrapperTraits::ComponentType,
22>              _Ty=std::pair<unsigned short,unsigned short>
22>          ]
22>          E:\itksnap\src\Logic\RLEImage\RLEImageRegionIterator.h(71) : see reference to function template instantiation 'int RLEImage<TPixel>::SetPixel(std::vector<_Ty> &,__int64 &,__int64 &,const TPixel &)' being compiled
22>          with
22>          [
22>              TPixel=LabelImageWrapperTraits::ComponentType,
22>              _Ty=std::pair<unsigned short,unsigned short>
22>          ]
22>          e:\itksnap\src\logic\imagewrapper\ImageWrapper.h(97) : see reference to class template instantiation 'RLEImage<TPixel>' being compiled
22>          with
22>          [
22>              TPixel=LabelImageWrapperTraits::ComponentType
22>          ]
22>          e:\itksnap\src\logic\imagewrapper\ScalarImageWrapper.h(62) : see reference to class template instantiation 'ImageWrapper<TTraits,TBase>' being compiled
22>          with
22>          [
22>              TTraits=LabelImageWrapperTraits,
22>              TBase=ScalarImageWrapperBase
22>          ]
22>          E:\itksnap\src\Logic\Framework\GenericImageData.h(73) : see reference to class template instantiation 'ScalarImageWrapper<TTraits>' being compiled
22>          with
22>          [
22>              TTraits=LabelImageWrapperTraits
22>          ]
22>e:\itksnap\src\logic\rleimage\RLEImage.txx(131): warning C4018: '<' : signed/unsigned mismatch
22>e:\itksnap\src\logic\rleimage\RLEImage.txx(141): warning C4018: '<' : signed/unsigned mismatch
22>  InterpolateLabelModel.cxx
21>  ContrastInspector.cxx
22>e:\itksnap\src\logic\rleimage\RLEImage.txx(113): warning C4018: '<' : signed/unsigned mismatch
22>          e:\itksnap\src\logic\rleimage\RLEImage.txx(101) : while compiling class template member function 'int RLEImage<TPixel>::SetPixel(std::vector<_Ty> &,__int64 &,__int64 &,const TPixel &)'
22>          with
22>          [
22>              TPixel=LabelImageWrapperTraits::ComponentType,
22>              _Ty=std::pair<unsigned short,unsigned short>
22>          ]
22>          E:\itksnap\src\Logic\RLEImage\RLEImageRegionIterator.h(71) : see reference to function template instantiation 'int RLEImage<TPixel>::SetPixel(std::vector<_Ty> &,__int64 &,__int64 &,const TPixel &)' being compiled
22>          with
22>          [
22>              TPixel=LabelImageWrapperTraits::ComponentType,
22>              _Ty=std::pair<unsigned short,unsigned short>
22>          ]
22>          e:\itksnap\src\logic\imagewrapper\ImageWrapper.h(97) : see reference to class template instantiation 'RLEImage<TPixel>' being compiled
22>          with
22>          [
22>              TPixel=LabelImageWrapperTraits::ComponentType
22>          ]
22>          E:\itksnap\src\Logic\ImageWrapper\ScalarImageWrapper.h(62) : see reference to class template instantiation 'ImageWrapper<TTraits,TBase>' being compiled
22>          with
22>          [
22>              TTraits=LabelImageWrapperTraits,
22>              TBase=ScalarImageWrapperBase
22>          ]
22>          E:\itksnap\src\Logic\Framework\GenericImageData.h(73) : see reference to class template instantiation 'ScalarImageWrapper<TTraits>' being compiled
22>          with
22>          [
22>              TTraits=LabelImageWrapperTraits
22>          ]
22>e:\itksnap\src\logic\rleimage\RLEImage.txx(131): warning C4018: '<' : signed/unsigned mismatch
22>e:\itksnap\src\logic\rleimage\RLEImage.txx(141): warning C4018: '<' : signed/unsigned mismatch
22>e:\itksnap\src\common\itkextras\itkMorphologicalContourInterpolator.hxx(1539): warning C4018: '>' : signed/unsigned mismatch
22>          e:\itksnap\src\common\itkextras\itkMorphologicalContourInterpolator.hxx(1504) : while compiling class template member function 'void itk::MorphologicalContourInterpolator<TImage>::InterpolateAlong(int,TImage *)'
22>          with
22>          [
22>              TImage=GenericImageData::LabelImageType
22>          ]
22>          e:\itksnap\src\common\itkextras\itkMorphologicalContourInterpolator.hxx(1660) : see reference to function template instantiation 'void itk::MorphologicalContourInterpolator<TImage>::InterpolateAlong(int,TImage *)' being compiled
22>          with
22>          [
22>              TImage=GenericImageData::LabelImageType
22>          ]
22>          e:\itksnap\src\common\itkextras\itkMorphologicalContourInterpolator.hxx(151) : while compiling class template member function 'itk::MorphologicalContourInterpolator<TImage>::MorphologicalContourInterpolator(void)'
22>          with
22>          [
22>              TImage=GenericImageData::LabelImageType
22>          ]
22>          e:\itksnap\src\common\itkextras\itkMorphologicalContourInterpolator.h(79) : see reference to function template instantiation 'itk::MorphologicalContourInterpolator<TImage>::MorphologicalContourInterpolator(void)' being compiled
22>          with
22>          [
22>              TImage=GenericImageData::LabelImageType
22>          ]
22>          E:\itksnap\src\GUI\Model\InterpolateLabelModel.cxx(63) : see reference to class template instantiation 'itk::MorphologicalContourInterpolator<TImage>' being compiled
22>          with
22>          [
22>              TImage=GenericImageData::LabelImageType
22>          ]
22>e:\itksnap\src\common\itkextras\itkMorphologicalContourInterpolator.hxx(1549): warning C4018: '>' : signed/unsigned mismatch
22>e:\itksnap\src\common\itkextras\itkMorphologicalContourInterpolator.hxx(99): warning C4018: '<' : signed/unsigned mismatch
22>          e:\itksnap\src\common\itkextras\itkMorphologicalContourInterpolator.hxx(96) : while compiling class template member function 'void itk::MorphologicalContourInterpolatorParallelInvoker<TImage>::ThreadedExecution(const itk::Index<VIndexDimension> &,const itk::ThreadIdType)'
22>          with
22>          [
22>              TImage=GenericImageData::LabelImageType,
22>              VIndexDimension=2
22>          ]
22>          e:\itksnap\src\common\itkextras\itkMorphologicalContourInterpolator.hxx(1573) : see reference to class template instantiation 'itk::MorphologicalContourInterpolatorParallelInvoker<TImage>' being compiled
22>          with
22>          [
22>              TImage=GenericImageData::LabelImageType
22>          ]
22>          e:\itksnap\src\common\itkextras\itkMorphologicalContourInterpolator.hxx(1504) : while compiling class template member function 'void itk::MorphologicalContourInterpolator<TImage>::InterpolateAlong(int,TImage *)'
22>          with
22>          [
22>              TImage=GenericImageData::LabelImageType
22>          ]
22>          e:\itksnap\src\common\itkextras\itkMorphologicalContourInterpolator.hxx(1660) : see reference to function template instantiation 'void itk::MorphologicalContourInterpolator<TImage>::InterpolateAlong(int,TImage *)' being compiled
22>          with
22>          [
22>              TImage=GenericImageData::LabelImageType
22>          ]
22>e:\itksnap\src\logic\rleimage\RLEImage.txx(224): warning C4018: '<' : signed/unsigned mismatch
22>          e:\itksnap\src\logic\rleimage\RLEImage.txx(215) : while compiling class template member function 'const LabelImageWrapperTraits::ComponentType &RLEImage<TPixel>::GetPixel(const itk::Index<VIndexDimension> &) const'
22>          with
22>          [
22>              TPixel=LabelImageWrapperTraits::ComponentType,
22>              VIndexDimension=3
22>          ]
22>          e:\itksnap\src\common\itkextras\itkMorphologicalContourInterpolator.hxx(216) : see reference to function template instantiation 'const LabelImageWrapperTraits::ComponentType &RLEImage<TPixel>::GetPixel(const itk::Index<VIndexDimension> &) const' being compiled
22>          with
22>          [
22>              TPixel=LabelImageWrapperTraits::ComponentType,
22>              VIndexDimension=3
22>          ]
22>          e:\itksnap\src\logic\rleimage\RLEImage.txx(11) : while compiling class template member function 'itk::Index<VIndexDimension> RLEImage<TPixel>::truncateIndex(const itk::Index<3> &)'
22>          with
22>          [
22>              VIndexDimension=2,
22>              TPixel=LabelImageWrapperTraits::ComponentType
22>          ]
22>          e:\itksnap\src\logic\rleimage\RLEImage.txx(35) : see reference to function template instantiation 'itk::Index<VIndexDimension> RLEImage<TPixel>::truncateIndex(const itk::Index<3> &)' being compiled
22>          with
22>          [
22>              VIndexDimension=2,
22>              TPixel=LabelImageWrapperTraits::ComponentType
22>          ]
22>          e:\itksnap\src\logic\rleimage\RLEImage.txx(42) : while compiling class template member function 'void RLEImage<TPixel>::Allocate(bool)'
22>          with
22>          [
22>              TPixel=LabelImageWrapperTraits::ComponentType
22>          ]
22>e:\itksnap\src\common\itkextras\itkMorphologicalContourInterpolator.hxx(866): warning C4018: '>' : signed/unsigned mismatch
22>          e:\itksnap\src\common\itkextras\itkMorphologicalContourInterpolator.hxx(658) : while compiling class template member function 'void itk::MorphologicalContourInterpolator<TImage>::Interpolate1to1(int,TImage *,unsigned short,__int64,__int64,itk::SmartPointer<TObjectType> &,unsigned short,itk::SmartPointer<TObjectType> &,unsigned short,const itk::Index<VIndexDimension> &,bool,itk::ThreadIdType)'
22>          with
22>          [
22>              TImage=GenericImageData::LabelImageType,
22>              TObjectType=itk::Image<LabelType,2>,
22>              VIndexDimension=2
22>          ]
22>          e:\itksnap\src\common\itkextras\itkMorphologicalContourInterpolator.hxx(1377) : see reference to function template instantiation 'void itk::MorphologicalContourInterpolator<TImage>::Interpolate1to1(int,TImage *,unsigned short,__int64,__int64,itk::SmartPointer<TObjectType> &,unsigned short,itk::SmartPointer<TObjectType> &,unsigned short,const itk::Index<VIndexDimension> &,bool,itk::ThreadIdType)' being compiled
22>          with
22>          [
22>              TImage=GenericImageData::LabelImageType,
22>              TObjectType=itk::Image<LabelType,2>,
22>              VIndexDimension=2
22>          ]
22>          e:\itksnap\src\common\itkextras\itkMorphologicalContourInterpolator.hxx(1312) : while compiling class template member function 'void itk::MorphologicalContourInterpolator<TImage>::InterpolateBetweenTwo(int,TImage *,unsigned short,__int64,__int64,itk::SmartPointer<TObjectType> &,itk::SmartPointer<TObjectType> &,itk::ThreadIdType)'
22>          with
22>          [
22>              TImage=GenericImageData::LabelImageType,
22>              TObjectType=itk::Image<LabelType,2>
22>          ]
22>          e:\itksnap\src\common\itkextras\itkMorphologicalContourInterpolator.hxx(111) : see reference to function template instantiation 'void itk::MorphologicalContourInterpolator<TImage>::InterpolateBetweenTwo(int,TImage *,unsigned short,__int64,__int64,itk::SmartPointer<TObjectType> &,itk::SmartPointer<TObjectType> &,itk::ThreadIdType)' being compiled
22>          with
22>          [
22>              TImage=GenericImageData::LabelImageType,
22>              TObjectType=itk::Image<LabelType,2>
22>          ]
22>          e:\itksnap\src\common\itkextras\itkMorphologicalContourInterpolator.hxx(201) : while compiling class template member function 'void itk::MorphologicalContourInterpolator<TImage>::DetermineSliceOrientations(void)'
22>          with
22>          [
22>              TImage=GenericImageData::LabelImageType
22>          ]
22>          e:\itksnap\src\common\itkextras\itkMorphologicalContourInterpolator.hxx(1614) : see reference to function template instantiation 'void itk::MorphologicalContourInterpolator<TImage>::DetermineSliceOrientations(void)' being compiled
22>          with
22>          [
22>              TImage=GenericImageData::LabelImageType
22>          ]
22>e:\itksnap\src\common\itkextras\itkMorphologicalContourInterpolator.hxx(868): warning C4018: '>' : signed/unsigned mismatch
22>e:\itksnap\src\common\itkextras\itkMorphologicalContourInterpolator.hxx(870): warning C4018: '>' : signed/unsigned mismatch
22>  LabelEditorModel.cxx
21>e:\itksnap\src\logic\rleimage\RLEImage.txx(113): warning C4018: '<' : signed/unsigned mismatch
21>          e:\itksnap\src\logic\rleimage\RLEImage.txx(101) : while compiling class template member function 'int RLEImage<TPixel>::SetPixel(std::vector<_Ty> &,__int64 &,__int64 &,const TPixel &)'
21>          with
21>          [
21>              TPixel=LabelImageWrapperTraits::ComponentType,
21>              _Ty=std::pair<unsigned short,unsigned short>
21>          ]
21>          E:\itksnap\src\Logic\RLEImage\RLEImageRegionIterator.h(71) : see reference to function template instantiation 'int RLEImage<TPixel>::SetPixel(std::vector<_Ty> &,__int64 &,__int64 &,const TPixel &)' being compiled
21>          with
21>          [
21>              TPixel=LabelImageWrapperTraits::ComponentType,
21>              _Ty=std::pair<unsigned short,unsigned short>
21>          ]
21>          e:\itksnap\src\logic\imagewrapper\ImageWrapper.h(97) : see reference to class template instantiation 'RLEImage<TPixel>' being compiled
21>          with
21>          [
21>              TPixel=LabelImageWrapperTraits::ComponentType
21>          ]
21>          e:\itksnap\src\logic\imagewrapper\ScalarImageWrapper.h(62) : see reference to class template instantiation 'ImageWrapper<TTraits,TBase>' being compiled
21>          with
21>          [
21>              TTraits=LabelImageWrapperTraits,
21>              TBase=ScalarImageWrapperBase
21>          ]
21>          E:\itksnap\src\Logic\Framework\GenericImageData.h(73) : see reference to class template instantiation 'ScalarImageWrapper<TTraits>' being compiled
21>          with
21>          [
21>              TTraits=LabelImageWrapperTraits
21>          ]
21>e:\itksnap\src\logic\rleimage\RLEImage.txx(131): warning C4018: '<' : signed/unsigned mismatch
21>e:\itksnap\src\logic\rleimage\RLEImage.txx(141): warning C4018: '<' : signed/unsigned mismatch
21>  CursorInspector.cxx
22>  LayerGeneralPropertiesModel.cxx
22>e:\itksnap\src\logic\rleimage\RLEImage.txx(113): warning C4018: '<' : signed/unsigned mismatch
22>          e:\itksnap\src\logic\rleimage\RLEImage.txx(101) : while compiling class template member function 'int RLEImage<TPixel>::SetPixel(std::vector<_Ty> &,__int64 &,__int64 &,const TPixel &)'
22>          with
22>          [
22>              TPixel=LabelImageWrapperTraits::ComponentType,
22>              _Ty=std::pair<unsigned short,unsigned short>
22>          ]
22>          E:\itksnap\src\Logic\RLEImage\RLEImageRegionIterator.h(71) : see reference to function template instantiation 'int RLEImage<TPixel>::SetPixel(std::vector<_Ty> &,__int64 &,__int64 &,const TPixel &)' being compiled
22>          with
22>          [
22>              TPixel=LabelImageWrapperTraits::ComponentType,
22>              _Ty=std::pair<unsigned short,unsigned short>
22>          ]
22>          e:\itksnap\src\logic\imagewrapper\ImageWrapper.h(97) : see reference to class template instantiation 'RLEImage<TPixel>' being compiled
22>          with
22>          [
22>              TPixel=LabelImageWrapperTraits::ComponentType
22>          ]
22>          e:\itksnap\src\logic\imagewrapper\ScalarImageWrapper.h(62) : see reference to class template instantiation 'ImageWrapper<TTraits,TBase>' being compiled
22>          with
22>          [
22>              TTraits=LabelImageWrapperTraits,
22>              TBase=ScalarImageWrapperBase
22>          ]
22>          e:\itksnap\src\logic\framework\GenericImageData.h(73) : see reference to class template instantiation 'ScalarImageWrapper<TTraits>' being compiled
22>          with
22>          [
22>              TTraits=LabelImageWrapperTraits
22>          ]
22>e:\itksnap\src\logic\rleimage\RLEImage.txx(131): warning C4018: '<' : signed/unsigned mismatch
22>e:\itksnap\src\logic\rleimage\RLEImage.txx(141): warning C4018: '<' : signed/unsigned mismatch
21>e:\itksnap\src\logic\rleimage\RLEImage.txx(113): warning C4018: '<' : signed/unsigned mismatch
21>          e:\itksnap\src\logic\rleimage\RLEImage.txx(101) : while compiling class template member function 'int RLEImage<TPixel>::SetPixel(std::vector<_Ty> &,__int64 &,__int64 &,const TPixel &)'
21>          with
21>          [
21>              TPixel=LabelImageWrapperTraits::ComponentType,
21>              _Ty=std::pair<unsigned short,unsigned short>
21>          ]
21>          E:\itksnap\src\Logic\RLEImage\RLEImageRegionIterator.h(71) : see reference to function template instantiation 'int RLEImage<TPixel>::SetPixel(std::vector<_Ty> &,__int64 &,__int64 &,const TPixel &)' being compiled
21>          with
21>          [
21>              TPixel=LabelImageWrapperTraits::ComponentType,
21>              _Ty=std::pair<unsigned short,unsigned short>
21>          ]
21>          e:\itksnap\src\logic\imagewrapper\ImageWrapper.h(97) : see reference to class template instantiation 'RLEImage<TPixel>' being compiled
21>          with
21>          [
21>              TPixel=LabelImageWrapperTraits::ComponentType
21>          ]
21>          e:\itksnap\src\logic\imagewrapper\ScalarImageWrapper.h(62) : see reference to class template instantiation 'ImageWrapper<TTraits,TBase>' being compiled
21>          with
21>          [
21>              TTraits=LabelImageWrapperTraits,
21>              TBase=ScalarImageWrapperBase
21>          ]
21>          E:\itksnap\src\Logic\Framework\GenericImageData.h(73) : see reference to class template instantiation 'ScalarImageWrapper<TTraits>' being compiled
21>          with
21>          [
21>              TTraits=LabelImageWrapperTraits
21>          ]
21>e:\itksnap\src\logic\rleimage\RLEImage.txx(131): warning C4018: '<' : signed/unsigned mismatch
21>e:\itksnap\src\logic\rleimage\RLEImage.txx(141): warning C4018: '<' : signed/unsigned mismatch
22>  LayerTableRowModel.cxx
21>  DisplayLayoutInspector.cxx
22>e:\itksnap\src\logic\rleimage\RLEImage.txx(113): warning C4018: '<' : signed/unsigned mismatch
22>          e:\itksnap\src\logic\rleimage\RLEImage.txx(101) : while compiling class template member function 'int RLEImage<TPixel>::SetPixel(std::vector<_Ty> &,__int64 &,__int64 &,const TPixel &)'
22>          with
22>          [
22>              TPixel=LabelImageWrapperTraits::ComponentType,
22>              _Ty=std::pair<unsigned short,unsigned short>
22>          ]
22>          E:\itksnap\src\Logic\RLEImage\RLEImageRegionIterator.h(71) : see reference to function template instantiation 'int RLEImage<TPixel>::SetPixel(std::vector<_Ty> &,__int64 &,__int64 &,const TPixel &)' being compiled
22>          with
22>          [
22>              TPixel=LabelImageWrapperTraits::ComponentType,
22>              _Ty=std::pair<unsigned short,unsigned short>
22>          ]
22>          e:\itksnap\src\logic\imagewrapper\ImageWrapper.h(97) : see reference to class template instantiation 'RLEImage<TPixel>' being compiled
22>          with
22>          [
22>              TPixel=LabelImageWrapperTraits::ComponentType
22>          ]
22>          e:\itksnap\src\logic\imagewrapper\ScalarImageWrapper.h(62) : see reference to class template instantiation 'ImageWrapper<TTraits,TBase>' being compiled
22>          with
22>          [
22>              TTraits=LabelImageWrapperTraits,
22>              TBase=ScalarImageWrapperBase
22>          ]
22>          e:\itksnap\src\logic\framework\GenericImageData.h(73) : see reference to class template instantiation 'ScalarImageWrapper<TTraits>' being compiled
22>          with
22>          [
22>              TTraits=LabelImageWrapperTraits
22>          ]
22>e:\itksnap\src\logic\rleimage\RLEImage.txx(131): warning C4018: '<' : signed/unsigned mismatch
22>e:\itksnap\src\logic\rleimage\RLEImage.txx(141): warning C4018: '<' : signed/unsigned mismatch
21>  DICOMListingTable.cxx
22>  LayerSelectionModel.cxx
22>e:\itksnap\src\logic\rleimage\RLEImage.txx(113): warning C4018: '<' : signed/unsigned mismatch
22>          e:\itksnap\src\logic\rleimage\RLEImage.txx(101) : while compiling class template member function 'int RLEImage<TPixel>::SetPixel(std::vector<_Ty> &,__int64 &,__int64 &,const TPixel &)'
22>          with
22>          [
22>              TPixel=LabelImageWrapperTraits::ComponentType,
22>              _Ty=std::pair<unsigned short,unsigned short>
22>          ]
22>          E:\itksnap\src\Logic\RLEImage\RLEImageRegionIterator.h(71) : see reference to function template instantiation 'int RLEImage<TPixel>::SetPixel(std::vector<_Ty> &,__int64 &,__int64 &,const TPixel &)' being compiled
22>          with
22>          [
22>              TPixel=LabelImageWrapperTraits::ComponentType,
22>              _Ty=std::pair<unsigned short,unsigned short>
22>          ]
22>          e:\itksnap\src\logic\imagewrapper\ImageWrapper.h(97) : see reference to class template instantiation 'RLEImage<TPixel>' being compiled
22>          with
22>          [
22>              TPixel=LabelImageWrapperTraits::ComponentType
22>          ]
22>          e:\itksnap\src\logic\imagewrapper\ScalarImageWrapper.h(62) : see reference to class template instantiation 'ImageWrapper<TTraits,TBase>' being compiled
22>          with
22>          [
22>              TTraits=LabelImageWrapperTraits,
22>              TBase=ScalarImageWrapperBase
22>          ]
22>          E:\itksnap\src\Logic\Framework\GenericImageData.h(73) : see reference to class template instantiation 'ScalarImageWrapper<TTraits>' being compiled
22>          with
22>          [
22>              TTraits=LabelImageWrapperTraits
22>          ]
22>e:\itksnap\src\logic\rleimage\RLEImage.txx(131): warning C4018: '<' : signed/unsigned mismatch
22>e:\itksnap\src\logic\rleimage\RLEImage.txx(141): warning C4018: '<' : signed/unsigned mismatch
22>  MeshExportModel.cxx
21>  FileChooserPanelWithHistory.cxx
22>  Generating Code...
21>  HistoryQListModel.cxx
22>  Compiling...
22>  OrthogonalSliceCursorNavigationModel.cxx
22>e:\itksnap\src\logic\rleimage\RLEImage.txx(113): warning C4018: '<' : signed/unsigned mismatch
22>          e:\itksnap\src\logic\rleimage\RLEImage.txx(101) : while compiling class template member function 'int RLEImage<TPixel>::SetPixel(std::vector<_Ty> &,__int64 &,__int64 &,const TPixel &)'
22>          with
22>          [
22>              TPixel=LabelImageWrapperTraits::ComponentType,
22>              _Ty=std::pair<unsigned short,unsigned short>
22>          ]
22>          E:\itksnap\src\Logic\RLEImage\RLEImageRegionIterator.h(71) : see reference to function template instantiation 'int RLEImage<TPixel>::SetPixel(std::vector<_Ty> &,__int64 &,__int64 &,const TPixel &)' being compiled
22>          with
22>          [
22>              TPixel=LabelImageWrapperTraits::ComponentType,
22>              _Ty=std::pair<unsigned short,unsigned short>
22>          ]
22>          e:\itksnap\src\logic\imagewrapper\ImageWrapper.h(97) : see reference to class template instantiation 'RLEImage<TPixel>' being compiled
22>          with
22>          [
22>              TPixel=LabelImageWrapperTraits::ComponentType
22>          ]
22>          e:\itksnap\src\logic\imagewrapper\ScalarImageWrapper.h(62) : see reference to class template instantiation 'ImageWrapper<TTraits,TBase>' being compiled
22>          with
22>          [
22>              TTraits=LabelImageWrapperTraits,
22>              TBase=ScalarImageWrapperBase
22>          ]
22>          E:\itksnap\src\Logic\Framework\GenericImageData.h(73) : see reference to class template instantiation 'ScalarImageWrapper<TTraits>' being compiled
22>          with
22>          [
22>              TTraits=LabelImageWrapperTraits
22>          ]
22>e:\itksnap\src\logic\rleimage\RLEImage.txx(131): warning C4018: '<' : signed/unsigned mismatch
22>e:\itksnap\src\logic\rleimage\RLEImage.txx(141): warning C4018: '<' : signed/unsigned mismatch
22>  PaintbrushModel.cxx
21>  ImageInfoInspector.cxx
22>e:\itksnap\src\logic\rleimage\RLEImage.txx(113): warning C4018: '<' : signed/unsigned mismatch
22>          e:\itksnap\src\logic\rleimage\RLEImage.txx(101) : while compiling class template member function 'int RLEImage<TPixel>::SetPixel(std::vector<_Ty> &,__int64 &,__int64 &,const TPixel &)'
22>          with
22>          [
22>              TPixel=LabelImageWrapperTraits::ComponentType,
22>              _Ty=std::pair<unsigned short,unsigned short>
22>          ]
22>          E:\itksnap\src\Logic\RLEImage\RLEImageRegionIterator.h(71) : see reference to function template instantiation 'int RLEImage<TPixel>::SetPixel(std::vector<_Ty> &,__int64 &,__int64 &,const TPixel &)' being compiled
22>          with
22>          [
22>              TPixel=LabelImageWrapperTraits::ComponentType,
22>              _Ty=std::pair<unsigned short,unsigned short>
22>          ]
22>          e:\itksnap\src\logic\imagewrapper\ImageWrapper.h(97) : see reference to class template instantiation 'RLEImage<TPixel>' being compiled
22>          with
22>          [
22>              TPixel=LabelImageWrapperTraits::ComponentType
22>          ]
22>          e:\itksnap\src\logic\imagewrapper\ScalarImageWrapper.h(62) : see reference to class template instantiation 'ImageWrapper<TTraits,TBase>' being compiled
22>          with
22>          [
22>              TTraits=LabelImageWrapperTraits,
22>              TBase=ScalarImageWrapperBase
22>          ]
22>          E:\itksnap\src\Logic\Framework\GenericImageData.h(73) : see reference to class template instantiation 'ScalarImageWrapper<TTraits>' being compiled
22>          with
22>          [
22>              TTraits=LabelImageWrapperTraits
22>          ]
22>e:\itksnap\src\logic\rleimage\RLEImage.txx(131): warning C4018: '<' : signed/unsigned mismatch
22>e:\itksnap\src\logic\rleimage\RLEImage.txx(141): warning C4018: '<' : signed/unsigned mismatch
22>  PaintbrushSettingsModel.cxx
21>  LabelInspector.cxx
22>  PolygonDrawingModel.cxx
22>  PolygonSettingsModel.cxx
21>  LabelMiniInspector.cxx
22>  RegistrationModel.cxx
22>E:\itksnap\src\GUI\Model\RegistrationModel.cxx(123): error C3861: 'log2': identifier not found
22>E:\itksnap\src\GUI\Model\RegistrationModel.cxx(129): error C3861: 'log2': identifier not found
22>  ReorientImageModel.cxx
21>  LabelSelectionButton.cxx
22>e:\itksnap\src\logic\rleimage\RLEImage.txx(113): warning C4018: '<' : signed/unsigned mismatch
22>          e:\itksnap\src\logic\rleimage\RLEImage.txx(101) : while compiling class template member function 'int RLEImage<TPixel>::SetPixel(std::vector<_Ty> &,__int64 &,__int64 &,const TPixel &)'
22>          with
22>          [
22>              TPixel=LabelImageWrapperTraits::ComponentType,
22>              _Ty=std::pair<unsigned short,unsigned short>
22>          ]
22>          E:\itksnap\src\Logic\RLEImage\RLEImageRegionIterator.h(71) : see reference to function template instantiation 'int RLEImage<TPixel>::SetPixel(std::vector<_Ty> &,__int64 &,__int64 &,const TPixel &)' being compiled
22>          with
22>          [
22>              TPixel=LabelImageWrapperTraits::ComponentType,
22>              _Ty=std::pair<unsigned short,unsigned short>
22>          ]
22>          E:\itksnap\src\Logic\ImageWrapper\ImageWrapper.h(97) : see reference to class template instantiation 'RLEImage<TPixel>' being compiled
22>          with
22>          [
22>              TPixel=LabelImageWrapperTraits::ComponentType
22>          ]
22>          e:\itksnap\src\logic\imagewrapper\ScalarImageWrapper.h(62) : see reference to class template instantiation 'ImageWrapper<TTraits,TBase>' being compiled
22>          with
22>          [
22>              TTraits=LabelImageWrapperTraits,
22>              TBase=ScalarImageWrapperBase
22>          ]
22>          E:\itksnap\src\Logic\Framework\GenericImageData.h(73) : see reference to class template instantiation 'ScalarImageWrapper<TTraits>' being compiled
22>          with
22>          [
22>              TTraits=LabelImageWrapperTraits
22>          ]
22>e:\itksnap\src\logic\rleimage\RLEImage.txx(131): warning C4018: '<' : signed/unsigned mismatch
22>e:\itksnap\src\logic\rleimage\RLEImage.txx(141): warning C4018: '<' : signed/unsigned mismatch
22>  SaveModifiedLayersModel.cxx
21>  LatentITKEventNotifier.cxx
22>e:\itksnap\src\logic\rleimage\RLEImage.txx(113): warning C4018: '<' : signed/unsigned mismatch
22>          e:\itksnap\src\logic\rleimage\RLEImage.txx(101) : while compiling class template member function 'int RLEImage<TPixel>::SetPixel(std::vector<_Ty> &,__int64 &,__int64 &,const TPixel &)'
22>          with
22>          [
22>              TPixel=LabelImageWrapperTraits::ComponentType,
22>              _Ty=std::pair<unsigned short,unsigned short>
22>          ]
22>          E:\itksnap\src\Logic\RLEImage\RLEImageRegionIterator.h(71) : see reference to function template instantiation 'int RLEImage<TPixel>::SetPixel(std::vector<_Ty> &,__int64 &,__int64 &,const TPixel &)' being compiled
22>          with
22>          [
22>              TPixel=LabelImageWrapperTraits::ComponentType,
22>              _Ty=std::pair<unsigned short,unsigned short>
22>          ]
22>          e:\itksnap\src\logic\imagewrapper\ImageWrapper.h(97) : see reference to class template instantiation 'RLEImage<TPixel>' being compiled
22>          with
22>          [
22>              TPixel=LabelImageWrapperTraits::ComponentType
22>          ]
22>          e:\itksnap\src\logic\imagewrapper\ScalarImageWrapper.h(62) : see reference to class template instantiation 'ImageWrapper<TTraits,TBase>' being compiled
22>          with
22>          [
22>              TTraits=LabelImageWrapperTraits,
22>              TBase=ScalarImageWrapperBase
22>          ]
22>          e:\itksnap\src\logic\framework\GenericImageData.h(73) : see reference to class template instantiation 'ScalarImageWrapper<TTraits>' being compiled
22>          with
22>          [
22>              TTraits=LabelImageWrapperTraits
22>          ]
22>e:\itksnap\src\logic\rleimage\RLEImage.txx(131): warning C4018: '<' : signed/unsigned mismatch
22>e:\itksnap\src\logic\rleimage\RLEImage.txx(141): warning C4018: '<' : signed/unsigned mismatch
22>  SliceWindowCoordinator.cxx
21>  LayerInspectorRowDelegate.cxx
22>e:\itksnap\src\logic\rleimage\RLEImage.txx(113): warning C4018: '<' : signed/unsigned mismatch
22>          e:\itksnap\src\logic\rleimage\RLEImage.txx(101) : while compiling class template member function 'int RLEImage<TPixel>::SetPixel(std::vector<_Ty> &,__int64 &,__int64 &,const TPixel &)'
22>          with
22>          [
22>              TPixel=LabelImageWrapperTraits::ComponentType,
22>              _Ty=std::pair<unsigned short,unsigned short>
22>          ]
22>          E:\itksnap\src\Logic\RLEImage\RLEImageRegionIterator.h(71) : see reference to function template instantiation 'int RLEImage<TPixel>::SetPixel(std::vector<_Ty> &,__int64 &,__int64 &,const TPixel &)' being compiled
22>          with
22>          [
22>              TPixel=LabelImageWrapperTraits::ComponentType,
22>              _Ty=std::pair<unsigned short,unsigned short>
22>          ]
22>          e:\itksnap\src\logic\imagewrapper\ImageWrapper.h(97) : see reference to class template instantiation 'RLEImage<TPixel>' being compiled
22>          with
22>          [
22>              TPixel=LabelImageWrapperTraits::ComponentType
22>          ]
22>          e:\itksnap\src\logic\imagewrapper\ScalarImageWrapper.h(62) : see reference to class template instantiation 'ImageWrapper<TTraits,TBase>' being compiled
22>          with
22>          [
22>              TTraits=LabelImageWrapperTraits,
22>              TBase=ScalarImageWrapperBase
22>          ]
22>          e:\itksnap\src\logic\framework\GenericImageData.h(73) : see reference to class template instantiation 'ScalarImageWrapper<TTraits>' being compiled
22>          with
22>          [
22>              TTraits=LabelImageWrapperTraits
22>          ]
22>e:\itksnap\src\logic\rleimage\RLEImage.txx(131): warning C4018: '<' : signed/unsigned mismatch
22>e:\itksnap\src\logic\rleimage\RLEImage.txx(141): warning C4018: '<' : signed/unsigned mismatch
22>  SnakeParameterModel.cxx
21>e:\itksnap\src\logic\rleimage\RLEImage.txx(113): warning C4018: '<' : signed/unsigned mismatch
21>          e:\itksnap\src\logic\rleimage\RLEImage.txx(101) : while compiling class template member function 'int RLEImage<TPixel>::SetPixel(std::vector<_Ty> &,__int64 &,__int64 &,const TPixel &)'
21>          with
21>          [
21>              TPixel=LabelImageWrapperTraits::ComponentType,
21>              _Ty=std::pair<unsigned short,unsigned short>
21>          ]
21>          E:\itksnap\src\Logic\RLEImage\RLEImageRegionIterator.h(71) : see reference to function template instantiation 'int RLEImage<TPixel>::SetPixel(std::vector<_Ty> &,__int64 &,__int64 &,const TPixel &)' being compiled
21>          with
21>          [
21>              TPixel=LabelImageWrapperTraits::ComponentType,
21>              _Ty=std::pair<unsigned short,unsigned short>
21>          ]
21>          e:\itksnap\src\logic\imagewrapper\ImageWrapper.h(97) : see reference to class template instantiation 'RLEImage<TPixel>' being compiled
21>          with
21>          [
21>              TPixel=LabelImageWrapperTraits::ComponentType
21>          ]
21>          e:\itksnap\src\logic\imagewrapper\ScalarImageWrapper.h(62) : see reference to class template instantiation 'ImageWrapper<TTraits,TBase>' being compiled
21>          with
21>          [
21>              TTraits=LabelImageWrapperTraits,
21>              TBase=ScalarImageWrapperBase
21>          ]
21>          E:\itksnap\src\Logic\Framework\GenericImageData.h(73) : see reference to class template instantiation 'ScalarImageWrapper<TTraits>' being compiled
21>          with
21>          [
21>              TTraits=LabelImageWrapperTraits
21>          ]
21>e:\itksnap\src\logic\rleimage\RLEImage.txx(131): warning C4018: '<' : signed/unsigned mismatch
21>e:\itksnap\src\logic\rleimage\RLEImage.txx(141): warning C4018: '<' : signed/unsigned mismatch
21>  MetadataInspector.cxx
22>e:\itksnap\src\logic\rleimage\RLEImage.txx(113): warning C4018: '<' : signed/unsigned mismatch
22>          e:\itksnap\src\logic\rleimage\RLEImage.txx(101) : while compiling class template member function 'int RLEImage<TPixel>::SetPixel(std::vector<_Ty> &,__int64 &,__int64 &,const TPixel &)'
22>          with
22>          [
22>              TPixel=LabelImageWrapperTraits::ComponentType,
22>              _Ty=std::pair<unsigned short,unsigned short>
22>          ]
22>          E:\itksnap\src\Logic\RLEImage\RLEImageRegionIterator.h(71) : see reference to function template instantiation 'int RLEImage<TPixel>::SetPixel(std::vector<_Ty> &,__int64 &,__int64 &,const TPixel &)' being compiled
22>          with
22>          [
22>              TPixel=LabelImageWrapperTraits::ComponentType,
22>              _Ty=std::pair<unsigned short,unsigned short>
22>          ]
22>          e:\itksnap\src\logic\imagewrapper\ImageWrapper.h(97) : see reference to class template instantiation 'RLEImage<TPixel>' being compiled
22>          with
22>          [
22>              TPixel=LabelImageWrapperTraits::ComponentType
22>          ]
22>          e:\itksnap\src\logic\imagewrapper\ScalarImageWrapper.h(62) : see reference to class template instantiation 'ImageWrapper<TTraits,TBase>' being compiled
22>          with
22>          [
22>              TTraits=LabelImageWrapperTraits,
22>              TBase=ScalarImageWrapperBase
22>          ]
22>          e:\itksnap\src\logic\framework\GenericImageData.h(73) : see reference to class template instantiation 'ScalarImageWrapper<TTraits>' being compiled
22>          with
22>          [
22>              TTraits=LabelImageWrapperTraits
22>          ]
22>e:\itksnap\src\logic\rleimage\RLEImage.txx(131): warning C4018: '<' : signed/unsigned mismatch
22>e:\itksnap\src\logic\rleimage\RLEImage.txx(141): warning C4018: '<' : signed/unsigned mismatch
22>  SnakeROIModel.cxx
22>e:\itksnap\src\logic\rleimage\RLEImage.txx(113): warning C4018: '<' : signed/unsigned mismatch
22>          e:\itksnap\src\logic\rleimage\RLEImage.txx(101) : while compiling class template member function 'int RLEImage<TPixel>::SetPixel(std::vector<_Ty> &,__int64 &,__int64 &,const TPixel &)'
22>          with
22>          [
22>              TPixel=LabelImageWrapperTraits::ComponentType,
22>              _Ty=std::pair<unsigned short,unsigned short>
22>          ]
22>          E:\itksnap\src\Logic\RLEImage\RLEImageRegionIterator.h(71) : see reference to function template instantiation 'int RLEImage<TPixel>::SetPixel(std::vector<_Ty> &,__int64 &,__int64 &,const TPixel &)' being compiled
22>          with
22>          [
22>              TPixel=LabelImageWrapperTraits::ComponentType,
22>              _Ty=std::pair<unsigned short,unsigned short>
22>          ]
22>          e:\itksnap\src\logic\imagewrapper\ImageWrapper.h(97) : see reference to class template instantiation 'RLEImage<TPixel>' being compiled
22>          with
22>          [
22>              TPixel=LabelImageWrapperTraits::ComponentType
22>          ]
22>          e:\itksnap\src\logic\imagewrapper\ScalarImageWrapper.h(62) : see reference to class template instantiation 'ImageWrapper<TTraits,TBase>' being compiled
22>          with
22>          [
22>              TTraits=LabelImageWrapperTraits,
22>              TBase=ScalarImageWrapperBase
22>          ]
22>          E:\itksnap\src\Logic\Framework\GenericImageData.h(73) : see reference to class template instantiation 'ScalarImageWrapper<TTraits>' being compiled
22>          with
22>          [
22>              TTraits=LabelImageWrapperTraits
22>          ]
22>e:\itksnap\src\logic\rleimage\RLEImage.txx(131): warning C4018: '<' : signed/unsigned mismatch
22>e:\itksnap\src\logic\rleimage\RLEImage.txx(141): warning C4018: '<' : signed/unsigned mismatch
22>C:\Program Files (x86)\Microsoft Visual Studio 11.0\VC\include\xutility(2089): warning C4244: '=' : conversion from 'const itk::Index<VIndexDimension>::IndexValueType' to 'long', possible loss of data
22>          with
22>          [
22>              VIndexDimension=3
22>          ]
22>          C:\Program Files (x86)\Microsoft Visual Studio 11.0\VC\include\xutility(2110) : see reference to function template instantiation '_OutIt std::_Copy_impl<_Iter,_OutIt>(_InIt,_InIt,_OutIt,std::_Nonscalar_ptr_iterator_tag)' being compiled
22>          with
22>          [
22>              _OutIt=long *,
22>              _Iter=const itk::Index<3>::IndexValueType *,
22>              _InIt=const itk::Index<3>::IndexValueType *
22>          ]
22>          C:\Program Files (x86)\Microsoft Visual Studio 11.0\VC\include\xutility(2141) : see reference to function template instantiation '_OutIt std::_Copy_impl<_InIt,_Iter>(_InIt,_InIt,_OutIt)' being compiled
22>          with
22>          [
22>              _OutIt=long *,
22>              _InIt=const itk::Index<3>::IndexValueType *,
22>              _Iter=long *
22>          ]
22>          C:\Program Files (x86)\Microsoft Visual Studio 11.0\VC\include\xutility(2161) : see reference to function template instantiation '_OutIt std::_Copy_impl<_InIt,_OutIt>(_InIt,_InIt,_OutIt,std::random_access_iterator_tag,std::random_access_iterator_tag)' being compiled
22>          with
22>          [
22>              _OutIt=long *,
22>              _InIt=const itk::Index<3>::IndexValueType *
22>          ]
22>          C:\Program Files (x86)\Microsoft Visual Studio 11.0\VC\include\xutility(2176) : see reference to function template instantiation '_OutIt std::_Copy_impl<_Iter,_OutIt>(_InIt,_InIt,_OutIt,std::false_type)' being compiled
22>          with
22>          [
22>              _OutIt=long *,
22>              _Iter=const itk::Index<3>::IndexValueType *,
22>              _InIt=const itk::Index<3>::IndexValueType *
22>          ]
22>          e:\itk_vtk\itk\insighttoolkit-4.11.0\modules\core\common\include\itkFixedArray.h(152) : see reference to function template instantiation '_OutIt std::copy<const TScalarValue*,long*>(_InIt,_InIt,_OutIt)' being compiled
22>          with
22>          [
22>              _OutIt=long *,
22>              TScalarValue=itk::Index<3>::IndexValueType,
22>              _InIt=const itk::Index<3>::IndexValueType *
22>          ]
22>          E:\itksnap\src\GUI\Model\SnakeROIModel.cxx(189) : see reference to function template instantiation 'itk::FixedArray<TValue,VLength>::FixedArray<itk::Index<VIndexDimension>::IndexValueType>(const TScalarValue *)' being compiled
22>          with
22>          [
22>              TValue=long,
22>              VLength=3,
22>              VIndexDimension=3,
22>              TScalarValue=itk::Index<3>::IndexValueType
22>          ]
22>          E:\itksnap\src\GUI\Model\SnakeROIModel.cxx(189) : see reference to function template instantiation 'itk::FixedArray<TValue,VLength>::FixedArray<itk::Index<VIndexDimension>::IndexValueType>(const TScalarValue *)' being compiled
22>          with
22>          [
22>              TValue=long,
22>              VLength=3,
22>              VIndexDimension=3,
22>              TScalarValue=itk::Index<3>::IndexValueType
22>          ]
22>C:\Program Files (x86)\Microsoft Visual Studio 11.0\VC\include\xutility(2089): warning C4244: '=' : conversion from 'const itk::Size<VDimension>::SizeValueType' to 'unsigned long', possible loss of data
22>          with
22>          [
22>              VDimension=3
22>          ]
22>          C:\Program Files (x86)\Microsoft Visual Studio 11.0\VC\include\xutility(2110) : see reference to function template instantiation '_OutIt std::_Copy_impl<_Iter,_OutIt>(_InIt,_InIt,_OutIt,std::_Nonscalar_ptr_iterator_tag)' being compiled
22>          with
22>          [
22>              _OutIt=unsigned long *,
22>              _Iter=const itk::Size<3>::SizeValueType *,
22>              _InIt=const itk::Size<3>::SizeValueType *
22>          ]
22>          C:\Program Files (x86)\Microsoft Visual Studio 11.0\VC\include\xutility(2141) : see reference to function template instantiation '_OutIt std::_Copy_impl<_InIt,_Iter>(_InIt,_InIt,_OutIt)' being compiled
22>          with
22>          [
22>              _OutIt=unsigned long *,
22>              _InIt=const itk::Size<3>::SizeValueType *,
22>              _Iter=unsigned long *
22>          ]
22>          C:\Program Files (x86)\Microsoft Visual Studio 11.0\VC\include\xutility(2161) : see reference to function template instantiation '_OutIt std::_Copy_impl<_InIt,_OutIt>(_InIt,_InIt,_OutIt,std::random_access_iterator_tag,std::random_access_iterator_tag)' being compiled
22>          with
22>          [
22>              _OutIt=unsigned long *,
22>              _InIt=const itk::Size<3>::SizeValueType *
22>          ]
22>          C:\Program Files (x86)\Microsoft Visual Studio 11.0\VC\include\xutility(2176) : see reference to function template instantiation '_OutIt std::_Copy_impl<_Iter,_OutIt>(_InIt,_InIt,_OutIt,std::false_type)' being compiled
22>          with
22>          [
22>              _OutIt=unsigned long *,
22>              _Iter=const itk::Size<3>::SizeValueType *,
22>              _InIt=const itk::Size<3>::SizeValueType *
22>          ]
22>          e:\itk_vtk\itk\insighttoolkit-4.11.0\modules\core\common\include\itkFixedArray.h(152) : see reference to function template instantiation '_OutIt std::copy<const TScalarValue*,unsigned long*>(_InIt,_InIt,_OutIt)' being compiled
22>          with
22>          [
22>              _OutIt=unsigned long *,
22>              TScalarValue=itk::Size<3>::SizeValueType,
22>              _InIt=const itk::Size<3>::SizeValueType *
22>          ]
22>          E:\itksnap\src\GUI\Model\SnakeROIModel.cxx(192) : see reference to function template instantiation 'itk::FixedArray<TValue,VLength>::FixedArray<itk::Size<VDimension>::SizeValueType>(const TScalarValue *)' being compiled
22>          with
22>          [
22>              TValue=unsigned long,
22>              VLength=3,
22>              VDimension=3,
22>              TScalarValue=itk::Size<3>::SizeValueType
22>          ]
22>          E:\itksnap\src\GUI\Model\SnakeROIModel.cxx(192) : see reference to function template instantiation 'itk::FixedArray<TValue,VLength>::FixedArray<itk::Size<VDimension>::SizeValueType>(const TScalarValue *)' being compiled
22>          with
22>          [
22>              TValue=unsigned long,
22>              VLength=3,
22>              VDimension=3,
22>              TScalarValue=itk::Size<3>::SizeValueType
22>          ]
22>  SnakeROIResampleModel.cxx
21>  GeneralLayerInspector.cxx
22>e:\itksnap\src\logic\rleimage\RLEImage.txx(113): warning C4018: '<' : signed/unsigned mismatch
22>          e:\itksnap\src\logic\rleimage\RLEImage.txx(101) : while compiling class template member function 'int RLEImage<TPixel>::SetPixel(std::vector<_Ty> &,__int64 &,__int64 &,const TPixel &)'
22>          with
22>          [
22>              TPixel=LabelImageWrapperTraits::ComponentType,
22>              _Ty=std::pair<unsigned short,unsigned short>
22>          ]
22>          E:\itksnap\src\Logic\RLEImage\RLEImageRegionIterator.h(71) : see reference to function template instantiation 'int RLEImage<TPixel>::SetPixel(std::vector<_Ty> &,__int64 &,__int64 &,const TPixel &)' being compiled
22>          with
22>          [
22>              TPixel=LabelImageWrapperTraits::ComponentType,
22>              _Ty=std::pair<unsigned short,unsigned short>
22>          ]
22>          e:\itksnap\src\logic\imagewrapper\ImageWrapper.h(97) : see reference to class template instantiation 'RLEImage<TPixel>' being compiled
22>          with
22>          [
22>              TPixel=LabelImageWrapperTraits::ComponentType
22>          ]
22>          e:\itksnap\src\logic\imagewrapper\ScalarImageWrapper.h(62) : see reference to class template instantiation 'ImageWrapper<TTraits,TBase>' being compiled
22>          with
22>          [
22>              TTraits=LabelImageWrapperTraits,
22>              TBase=ScalarImageWrapperBase
22>          ]
22>          E:\itksnap\src\Logic\Framework\GenericImageData.h(73) : see reference to class template instantiation 'ScalarImageWrapper<TTraits>' being compiled
22>          with
22>          [
22>              TTraits=LabelImageWrapperTraits
22>          ]
22>e:\itksnap\src\logic\rleimage\RLEImage.txx(131): warning C4018: '<' : signed/unsigned mismatch
22>e:\itksnap\src\logic\rleimage\RLEImage.txx(141): warning C4018: '<' : signed/unsigned mismatch
22>  SnakeWizardModel.cxx
21>  PaintbrushToolPanel.cxx
22>E:\itksnap\src\GUI\Model\SnakeWizardModel.cxx(1008): warning C4018: '<' : signed/unsigned mismatch
22>E:\itksnap\src\GUI\Model\SnakeWizardModel.cxx(1111): warning C4018: '<' : signed/unsigned mismatch
22>e:\itksnap\src\logic\rleimage\RLEImage.txx(113): warning C4018: '<' : signed/unsigned mismatch
22>          e:\itksnap\src\logic\rleimage\RLEImage.txx(101) : while compiling class template member function 'int RLEImage<TPixel>::SetPixel(std::vector<_Ty> &,__int64 &,__int64 &,const TPixel &)'
22>          with
22>          [
22>              TPixel=LabelImageWrapperTraits::ComponentType,
22>              _Ty=std::pair<unsigned short,unsigned short>
22>          ]
22>          E:\itksnap\src\Logic\RLEImage\RLEImageRegionIterator.h(71) : see reference to function template instantiation 'int RLEImage<TPixel>::SetPixel(std::vector<_Ty> &,__int64 &,__int64 &,const TPixel &)' being compiled
22>          with
22>          [
22>              TPixel=LabelImageWrapperTraits::ComponentType,
22>              _Ty=std::pair<unsigned short,unsigned short>
22>          ]
22>          e:\itksnap\src\logic\imagewrapper\ImageWrapper.h(97) : see reference to class template instantiation 'RLEImage<TPixel>' being compiled
22>          with
22>          [
22>              TPixel=LabelImageWrapperTraits::ComponentType
22>          ]
22>          e:\itksnap\src\logic\imagewrapper\ScalarImageWrapper.h(62) : see reference to class template instantiation 'ImageWrapper<TTraits,TBase>' being compiled
22>          with
22>          [
22>              TTraits=LabelImageWrapperTraits,
22>              TBase=ScalarImageWrapperBase
22>          ]
22>          e:\itksnap\src\logic\framework\GenericImageData.h(73) : see reference to class template instantiation 'ScalarImageWrapper<TTraits>' being compiled
22>          with
22>          [
22>              TTraits=LabelImageWrapperTraits
22>          ]
22>e:\itksnap\src\logic\rleimage\RLEImage.txx(131): warning C4018: '<' : signed/unsigned mismatch
22>e:\itksnap\src\logic\rleimage\RLEImage.txx(141): warning C4018: '<' : signed/unsigned mismatch
22>E:\itksnap\src\Logic\Preprocessing\ImageCollectionToImageFilter.h(269): warning C4018: '<' : signed/unsigned mismatch
22>          E:\itksnap\src\Logic\Preprocessing\ImageCollectionToImageFilter.h(259) : while compiling class template member function 'void ImageCollectionConstRegionIteratorWithIndex<TImage,TVectorImage>::AddVectorImage(TVectorImage *)'
22>          with
22>          [
22>              TImage=GMMPreprocessingFilterConfigTraits::GreyScalarType,
22>              TVectorImage=GMMPreprocessingFilterConfigTraits::GreyVectorType
22>          ]
22>          E:\itksnap\src\Logic\Preprocessing\ImageCollectionToImageFilter.h(291) : see reference to function template instantiation 'void ImageCollectionConstRegionIteratorWithIndex<TImage,TVectorImage>::AddVectorImage(TVectorImage *)' being compiled
22>          with
22>          [
22>              TImage=GMMPreprocessingFilterConfigTraits::GreyScalarType,
22>              TVectorImage=GMMPreprocessingFilterConfigTraits::GreyVectorType
22>          ]
22>          E:\itksnap\src\Logic\Preprocessing\ImageCollectionToImageFilter.h(229) : while compiling class template member function 'ImageCollectionConstRegionIteratorWithIndex<TImage,TVectorImage>::ImageCollectionConstRegionIteratorWithIndex(const itk::ImageRegion<VImageDimension> &)'
22>          with
22>          [
22>              TImage=GMMPreprocessingFilterConfigTraits::GreyScalarType,
22>              TVectorImage=GMMPreprocessingFilterConfigTraits::GreyVectorType,
22>              VImageDimension=3
22>          ]
22>          e:\itksnap\src\logic\preprocessing\GMMClassifyImageFilter.txx(120) : see reference to function template instantiation 'ImageCollectionConstRegionIteratorWithIndex<TImage,TVectorImage>::ImageCollectionConstRegionIteratorWithIndex(const itk::ImageRegion<VImageDimension> &)' being compiled
22>          with
22>          [
22>              TImage=GMMPreprocessingFilterConfigTraits::GreyScalarType,
22>              TVectorImage=GMMPreprocessingFilterConfigTraits::GreyVectorType,
22>              VImageDimension=3
22>          ]
22>          e:\itksnap\src\logic\preprocessing\GMMClassifyImageFilter.txx(120) : see reference to class template instantiation 'ImageCollectionConstRegionIteratorWithIndex<TImage,TVectorImage>' being compiled
22>          with
22>          [
22>              TImage=GMMPreprocessingFilterConfigTraits::GreyScalarType,
22>              TVectorImage=GMMPreprocessingFilterConfigTraits::GreyVectorType
22>          ]
22>          e:\itksnap\src\logic\preprocessing\GMMClassifyImageFilter.txx(89) : while compiling class template member function 'void GMMClassifyImageFilter<TInputImage,TInputVectorImage,TOutputImage>::ThreadedGenerateData(const itk::ImageRegion<VImageDimension> &,itk::ThreadIdType)'
22>          with
22>          [
22>              TInputImage=GMMPreprocessingFilterConfigTraits::GreyScalarType,
22>              TInputVectorImage=GMMPreprocessingFilterConfigTraits::GreyVectorType,
22>              TOutputImage=GMMPreprocessingFilterConfigTraits::SpeedType,
22>              VImageDimension=3
22>          ]
22>          E:\itksnap\src\Logic\Preprocessing\SlicePreviewFilterWrapper.h(124) : see reference to class template instantiation 'GMMClassifyImageFilter<TInputImage,TInputVectorImage,TOutputImage>' being compiled
22>          with
22>          [
22>              TInputImage=GMMPreprocessingFilterConfigTraits::GreyScalarType,
22>              TInputVectorImage=GMMPreprocessingFilterConfigTraits::GreyVectorType,
22>              TOutputImage=GMMPreprocessingFilterConfigTraits::SpeedType
22>          ]
22>          E:\itksnap\src\GUI\Model\SnakeWizardModel.cxx(1615) : see reference to class template instantiation 'SlicePreviewFilterWrapper<TFilterConfigTraits>' being compiled
22>          with
22>          [
22>              TFilterConfigTraits=GMMPreprocessingFilterConfigTraits
22>          ]
22>  StateManagement.cxx
22>  SynchronizationModel.cxx
21>  PolygonToolPanel.cxx
22>e:\itksnap\src\logic\rleimage\RLEImage.txx(113): warning C4018: '<' : signed/unsigned mismatch
22>          e:\itksnap\src\logic\rleimage\RLEImage.txx(101) : while compiling class template member function 'int RLEImage<TPixel>::SetPixel(std::vector<_Ty> &,__int64 &,__int64 &,const TPixel &)'
22>          with
22>          [
22>              TPixel=LabelImageWrapperTraits::ComponentType,
22>              _Ty=std::pair<unsigned short,unsigned short>
22>          ]
22>          E:\itksnap\src\Logic\RLEImage\RLEImageRegionIterator.h(71) : see reference to function template instantiation 'int RLEImage<TPixel>::SetPixel(std::vector<_Ty> &,__int64 &,__int64 &,const TPixel &)' being compiled
22>          with
22>          [
22>              TPixel=LabelImageWrapperTraits::ComponentType,
22>              _Ty=std::pair<unsigned short,unsigned short>
22>          ]
22>          E:\itksnap\src\Logic\ImageWrapper\ImageWrapper.h(97) : see reference to class template instantiation 'RLEImage<TPixel>' being compiled
22>          with
22>          [
22>              TPixel=LabelImageWrapperTraits::ComponentType
22>          ]
22>          e:\itksnap\src\logic\imagewrapper\ScalarImageWrapper.h(62) : see reference to class template instantiation 'ImageWrapper<TTraits,TBase>' being compiled
22>          with
22>          [
22>              TTraits=LabelImageWrapperTraits,
22>              TBase=ScalarImageWrapperBase
22>          ]
22>          E:\itksnap\src\Logic\Framework\GenericImageData.h(73) : see reference to class template instantiation 'ScalarImageWrapper<TTraits>' being compiled
22>          with
22>          [
22>              TTraits=LabelImageWrapperTraits
22>          ]
22>e:\itksnap\src\logic\rleimage\RLEImage.txx(131): warning C4018: '<' : signed/unsigned mismatch
22>e:\itksnap\src\logic\rleimage\RLEImage.txx(141): warning C4018: '<' : signed/unsigned mismatch
22>  UIAction.cxx
21>  Generating Code...
22>  AbstractRenderer.cxx
21>  Compiling...
21>  QActionButton.cxx
22>  AbstractVTKRenderer.cxx
21>  QColorButtonWidget.cxx
22>  AbstractVTKSceneRenderer.cxx
21>  QDoubleSlider.cxx
22>  AnnotationRenderer.cxx
21>  QDoubleSliderWithEditor.cxx
22>  Generating Code...
22>e:\itksnap\src\gui\model\snakewizardmodel.cxx(680): warning C4715: 'SnakeWizardModel::CanGenerateSpeedVolume' : not all control paths return a value
21>  QtHideOnDeactivateContainer.cxx
22>  Compiling...
22>  ColorMapRenderer.cxx
21>  QtIPCManager.cxx
22>  CrosshairsRenderer.cxx
21>  QtRendererPlatformSupport.cxx
22>  EdgePreprocessingSettingsRenderer.cxx
21>  QtReporterDelegates.cxx
22>  GenericSliceRenderer.cxx
21>  QtWarningDialog.cxx
22>e:\itksnap\src\logic\rleimage\RLEImage.txx(113): warning C4018: '<' : signed/unsigned mismatch
22>          e:\itksnap\src\logic\rleimage\RLEImage.txx(101) : while compiling class template member function 'int RLEImage<TPixel>::SetPixel(std::vector<_Ty> &,__int64 &,__int64 &,const TPixel &)'
22>          with
22>          [
22>              TPixel=LabelImageWrapperTraits::ComponentType,
22>              _Ty=std::pair<unsigned short,unsigned short>
22>          ]
22>          E:\itksnap\src\Logic\RLEImage\RLEImageRegionIterator.h(71) : see reference to function template instantiation 'int RLEImage<TPixel>::SetPixel(std::vector<_Ty> &,__int64 &,__int64 &,const TPixel &)' being compiled
22>          with
22>          [
22>              TPixel=LabelImageWrapperTraits::ComponentType,
22>              _Ty=std::pair<unsigned short,unsigned short>
22>          ]
22>          E:\itksnap\src\Logic\ImageWrapper\ImageWrapper.h(97) : see reference to class template instantiation 'RLEImage<TPixel>' being compiled
22>          with
22>          [
22>              TPixel=LabelImageWrapperTraits::ComponentType
22>          ]
22>          e:\itksnap\src\logic\imagewrapper\ScalarImageWrapper.h(62) : see reference to class template instantiation 'ImageWrapper<TTraits,TBase>' being compiled
22>          with
22>          [
22>              TTraits=LabelImageWrapperTraits,
22>              TBase=ScalarImageWrapperBase
22>          ]
22>          e:\itksnap\src\logic\framework\GenericImageData.h(73) : see reference to class template instantiation 'ScalarImageWrapper<TTraits>' being compiled
22>          with
22>          [
22>              TTraits=LabelImageWrapperTraits
22>          ]
22>e:\itksnap\src\logic\rleimage\RLEImage.txx(131): warning C4018: '<' : signed/unsigned mismatch
22>e:\itksnap\src\logic\rleimage\RLEImage.txx(141): warning C4018: '<' : signed/unsigned mismatch
22>  Generic3DRenderer.cxx
21>  QtWidgetActivator.cxx
22>e:\itksnap\src\logic\rleimage\RLEImage.txx(113): warning C4018: '<' : signed/unsigned mismatch
22>          e:\itksnap\src\logic\rleimage\RLEImage.txx(101) : while compiling class template member function 'int RLEImage<TPixel>::SetPixel(std::vector<_Ty> &,__int64 &,__int64 &,const TPixel &)'
22>          with
22>          [
22>              TPixel=LabelImageWrapperTraits::ComponentType,
22>              _Ty=std::pair<unsigned short,unsigned short>
22>          ]
22>          E:\itksnap\src\Logic\RLEImage\RLEImageRegionIterator.h(71) : see reference to function template instantiation 'int RLEImage<TPixel>::SetPixel(std::vector<_Ty> &,__int64 &,__int64 &,const TPixel &)' being compiled
22>          with
22>          [
22>              TPixel=LabelImageWrapperTraits::ComponentType,
22>              _Ty=std::pair<unsigned short,unsigned short>
22>          ]
22>          e:\itksnap\src\logic\imagewrapper\ImageWrapper.h(97) : see reference to class template instantiation 'RLEImage<TPixel>' being compiled
22>          with
22>          [
22>              TPixel=LabelImageWrapperTraits::ComponentType
22>          ]
22>          e:\itksnap\src\logic\imagewrapper\ScalarImageWrapper.h(62) : see reference to class template instantiation 'ImageWrapper<TTraits,TBase>' being compiled
22>          with
22>          [
22>              TTraits=LabelImageWrapperTraits,
22>              TBase=ScalarImageWrapperBase
22>          ]
22>          E:\itksnap\src\Logic\Framework\GenericImageData.h(73) : see reference to class template instantiation 'ScalarImageWrapper<TTraits>' being compiled
22>          with
22>          [
22>              TTraits=LabelImageWrapperTraits
22>          ]
22>e:\itksnap\src\logic\rleimage\RLEImage.txx(131): warning C4018: '<' : signed/unsigned mismatch
22>e:\itksnap\src\logic\rleimage\RLEImage.txx(141): warning C4018: '<' : signed/unsigned mismatch
21>  RecentHistoryItemsView.cxx
22>  GLToPNG.cxx
22>  GMMRenderer.cxx
21>  SnakeToolROIPanel.cxx
22>E:\itksnap\src\GUI\Renderer\GMMRenderer.cxx(149): warning C4018: '<' : signed/unsigned mismatch
22>e:\itksnap\src\common\IRISVectorTypes.h(166): warning C4018: '<' : signed/unsigned mismatch
22>          E:\itksnap\src\GUI\Renderer\GMMRenderer.cxx(118) : see reference to function template instantiation 'vnl_vector<T> linspace<double>(T,T,unsigned int)' being compiled
22>          with
22>          [
22>              T=double
22>          ]
22>  IntensityCurveVTKRenderer.cxx
21>  SnakeWizardPanel.cxx
22>E:\itksnap\src\GUI\Renderer\IntensityCurveVTKRenderer.cxx(366): error C2555: 'IntensityCurveControlPointsContextItem::GetControlPointsMTime': overriding virtual function return type differs and is not covariant from 'vtkControlPointsItem::GetControlPointsMTime'
22>          e:\itk_vtk\vtk\vtk-7.1.0\charts\core\vtkControlPointsItem.h(387) : see declaration of 'vtkControlPointsItem::GetControlPointsMTime'
22>  LayerHistogramPlotAssembly.cxx
22>  OpenGLSliceTexture.cxx
21>  SNAPComponent.cxx
22>  OptimizationProgressRenderer.cxx
21>  SNAPQtCommon.cxx
21>E:\itksnap\src\GUI\Qt\Components\SNAPQtCommon.cxx : warning C4819: The file contains a character that cannot be represented in the current code page (936). Save the file in Unicode format to prevent data loss
22>  OrientationGraphicRenderer.cxx
22>  PaintbrushRenderer.cxx
21>E:\itksnap\src\GUI\Qt\Components\SNAPQtCommon.cxx(560): error C2146: syntax error : missing ')' before identifier 'Ctrl'
21>E:\itksnap\src\GUI\Qt\Components\SNAPQtCommon.cxx(560): error C2661: 'QString::replace' : no overloaded function takes 1 arguments
21>E:\itksnap\src\GUI\Qt\Components\SNAPQtCommon.cxx(560): error C2001: newline in constant
21>  SliceViewPanel.cxx
22>  PolygonDrawingRenderer.cxx
22>  PolygonScanConvert.cxx
22>  RegistrationRenderer.cxx
21>e:\itksnap\src\logic\rleimage\RLEImage.txx(113): warning C4018: '<' : signed/unsigned mismatch
21>          e:\itksnap\src\logic\rleimage\RLEImage.txx(101) : while compiling class template member function 'int RLEImage<TPixel>::SetPixel(std::vector<_Ty> &,__int64 &,__int64 &,const TPixel &)'
21>          with
21>          [
21>              TPixel=LabelImageWrapperTraits::ComponentType,
21>              _Ty=std::pair<unsigned short,unsigned short>
21>          ]
21>          E:\itksnap\src\Logic\RLEImage\RLEImageRegionIterator.h(71) : see reference to function template instantiation 'int RLEImage<TPixel>::SetPixel(std::vector<_Ty> &,__int64 &,__int64 &,const TPixel &)' being compiled
21>          with
21>          [
21>              TPixel=LabelImageWrapperTraits::ComponentType,
21>              _Ty=std::pair<unsigned short,unsigned short>
21>          ]
21>          e:\itksnap\src\logic\imagewrapper\ImageWrapper.h(97) : see reference to class template instantiation 'RLEImage<TPixel>' being compiled
21>          with
21>          [
21>              TPixel=LabelImageWrapperTraits::ComponentType
21>          ]
21>          e:\itksnap\src\logic\imagewrapper\ScalarImageWrapper.h(62) : see reference to class template instantiation 'ImageWrapper<TTraits,TBase>' being compiled
21>          with
21>          [
21>              TTraits=LabelImageWrapperTraits,
21>              TBase=ScalarImageWrapperBase
21>          ]
21>          E:\itksnap\src\Logic\Framework\GenericImageData.h(73) : see reference to class template instantiation 'ScalarImageWrapper<TTraits>' being compiled
21>          with
21>          [
21>              TTraits=LabelImageWrapperTraits
21>          ]
21>e:\itksnap\src\logic\rleimage\RLEImage.txx(131): warning C4018: '<' : signed/unsigned mismatch
21>e:\itksnap\src\logic\rleimage\RLEImage.txx(141): warning C4018: '<' : signed/unsigned mismatch
21>  SynchronizationInspector.cxx
22>E:\itksnap\src\GUI\Renderer\RegistrationRenderer.cxx(83): warning C4018: '<=' : signed/unsigned mismatch
22>E:\itksnap\src\GUI\Renderer\RegistrationRenderer.cxx(89): warning C4018: '<=' : signed/unsigned mismatch
22>e:\itksnap\src\logic\rleimage\RLEImage.txx(113): warning C4018: '<' : signed/unsigned mismatch
22>          e:\itksnap\src\logic\rleimage\RLEImage.txx(101) : while compiling class template member function 'int RLEImage<TPixel>::SetPixel(std::vector<_Ty> &,__int64 &,__int64 &,const TPixel &)'
22>          with
22>          [
22>              TPixel=LabelImageWrapperTraits::ComponentType,
22>              _Ty=std::pair<unsigned short,unsigned short>
22>          ]
22>          E:\itksnap\src\Logic\RLEImage\RLEImageRegionIterator.h(71) : see reference to function template instantiation 'int RLEImage<TPixel>::SetPixel(std::vector<_Ty> &,__int64 &,__int64 &,const TPixel &)' being compiled
22>          with
22>          [
22>              TPixel=LabelImageWrapperTraits::ComponentType,
22>              _Ty=std::pair<unsigned short,unsigned short>
22>          ]
22>          e:\itksnap\src\logic\imagewrapper\ImageWrapper.h(97) : see reference to class template instantiation 'RLEImage<TPixel>' being compiled
22>          with
22>          [
22>              TPixel=LabelImageWrapperTraits::ComponentType
22>          ]
22>          e:\itksnap\src\logic\imagewrapper\ScalarImageWrapper.h(62) : see reference to class template instantiation 'ImageWrapper<TTraits,TBase>' being compiled
22>          with
22>          [
22>              TTraits=LabelImageWrapperTraits,
22>              TBase=ScalarImageWrapperBase
22>          ]
22>          E:\itksnap\src\Logic\Framework\GenericImageData.h(73) : see reference to class template instantiation 'ScalarImageWrapper<TTraits>' being compiled
22>          with
22>          [
22>              TTraits=LabelImageWrapperTraits
22>          ]
22>e:\itksnap\src\logic\rleimage\RLEImage.txx(131): warning C4018: '<' : signed/unsigned mismatch
22>e:\itksnap\src\logic\rleimage\RLEImage.txx(141): warning C4018: '<' : signed/unsigned mismatch
22>  SliceWindowDecorationRenderer.cxx
21>  ViewPanel3D.cxx
22>  SnakeParameterPreviewRenderer.cxx
22>  SnakeROIRenderer.cxx
21>E:\itksnap\src\GUI\Qt\Components\ViewPanel3D.cxx(13): fatal error C1083: Cannot open include file: 'qtconcurrentrun.h': No such file or directory
21>  VoxelIntensityQTableModel.cxx
22>  SnakeModeRenderer.cxx
22>e:\itksnap\src\logic\rleimage\RLEImage.txx(113): warning C4018: '<' : signed/unsigned mismatch
22>          e:\itksnap\src\logic\rleimage\RLEImage.txx(101) : while compiling class template member function 'int RLEImage<TPixel>::SetPixel(std::vector<_Ty> &,__int64 &,__int64 &,const TPixel &)'
22>          with
22>          [
22>              TPixel=LabelImageWrapperTraits::ComponentType,
22>              _Ty=std::pair<unsigned short,unsigned short>
22>          ]
22>          E:\itksnap\src\Logic\RLEImage\RLEImageRegionIterator.h(71) : see reference to function template instantiation 'int RLEImage<TPixel>::SetPixel(std::vector<_Ty> &,__int64 &,__int64 &,const TPixel &)' being compiled
22>          with
22>          [
22>              TPixel=LabelImageWrapperTraits::ComponentType,
22>              _Ty=std::pair<unsigned short,unsigned short>
22>          ]
22>          e:\itksnap\src\logic\imagewrapper\ImageWrapper.h(97) : see reference to class template instantiation 'RLEImage<TPixel>' being compiled
22>          with
22>          [
22>              TPixel=LabelImageWrapperTraits::ComponentType
22>          ]
22>          e:\itksnap\src\logic\imagewrapper\ScalarImageWrapper.h(62) : see reference to class template instantiation 'ImageWrapper<TTraits,TBase>' being compiled
22>          with
22>          [
22>              TTraits=LabelImageWrapperTraits,
22>              TBase=ScalarImageWrapperBase
22>          ]
22>          e:\itksnap\src\logic\framework\GenericImageData.h(73) : see reference to class template instantiation 'ScalarImageWrapper<TTraits>' being compiled
22>          with
22>          [
22>              TTraits=LabelImageWrapperTraits
22>          ]
22>e:\itksnap\src\logic\rleimage\RLEImage.txx(131): warning C4018: '<' : signed/unsigned mismatch
22>e:\itksnap\src\logic\rleimage\RLEImage.txx(141): warning C4018: '<' : signed/unsigned mismatch
21>e:\itksnap\src\logic\rleimage\RLEImage.txx(113): warning C4018: '<' : signed/unsigned mismatch
21>          e:\itksnap\src\logic\rleimage\RLEImage.txx(101) : while compiling class template member function 'int RLEImage<TPixel>::SetPixel(std::vector<_Ty> &,__int64 &,__int64 &,const TPixel &)'
21>          with
21>          [
21>              TPixel=LabelImageWrapperTraits::ComponentType,
21>              _Ty=std::pair<unsigned short,unsigned short>
21>          ]
21>          E:\itksnap\src\Logic\RLEImage\RLEImageRegionIterator.h(71) : see reference to function template instantiation 'int RLEImage<TPixel>::SetPixel(std::vector<_Ty> &,__int64 &,__int64 &,const TPixel &)' being compiled
21>          with
21>          [
21>              TPixel=LabelImageWrapperTraits::ComponentType,
21>              _Ty=std::pair<unsigned short,unsigned short>
21>          ]
21>          e:\itksnap\src\logic\imagewrapper\ImageWrapper.h(97) : see reference to class template instantiation 'RLEImage<TPixel>' being compiled
21>          with
21>          [
21>              TPixel=LabelImageWrapperTraits::ComponentType
21>          ]
21>          e:\itksnap\src\logic\imagewrapper\ScalarImageWrapper.h(62) : see reference to class template instantiation 'ImageWrapper<TTraits,TBase>' being compiled
21>          with
21>          [
21>              TTraits=LabelImageWrapperTraits,
21>              TBase=ScalarImageWrapperBase
21>          ]
21>          E:\itksnap\src\Logic\Framework\GenericImageData.h(73) : see reference to class template instantiation 'ScalarImageWrapper<TTraits>' being compiled
21>          with
21>          [
21>              TTraits=LabelImageWrapperTraits
21>          ]
21>e:\itksnap\src\logic\rleimage\RLEImage.txx(131): warning C4018: '<' : signed/unsigned mismatch
21>e:\itksnap\src\logic\rleimage\RLEImage.txx(141): warning C4018: '<' : signed/unsigned mismatch
21>  ZoomInspector.cxx
22>  Generating Code...
22>  Compiling...
22>  ThresholdSettingsRenderer.cxx
22>  Window3DPicker.cxx
21>  Generating Code...
21>  Compiling...
21>  ColorWheel.cxx
22>e:\itksnap\src\logic\rleimage\RLEImage.txx(113): warning C4018: '<' : signed/unsigned mismatch
22>          e:\itksnap\src\logic\rleimage\RLEImage.txx(101) : while compiling class template member function 'int RLEImage<TPixel>::SetPixel(std::vector<_Ty> &,__int64 &,__int64 &,const TPixel &)'
22>          with
22>          [
22>              TPixel=LabelImageWrapperTraits::ComponentType,
22>              _Ty=std::pair<unsigned short,unsigned short>
22>          ]
22>          E:\itksnap\src\Logic\RLEImage\RLEImageRegionIterator.h(71) : see reference to function template instantiation 'int RLEImage<TPixel>::SetPixel(std::vector<_Ty> &,__int64 &,__int64 &,const TPixel &)' being compiled
22>          with
22>          [
22>              TPixel=LabelImageWrapperTraits::ComponentType,
22>              _Ty=std::pair<unsigned short,unsigned short>
22>          ]
22>          e:\itksnap\src\logic\imagewrapper\ImageWrapper.h(97) : see reference to class template instantiation 'RLEImage<TPixel>' being compiled
22>          with
22>          [
22>              TPixel=LabelImageWrapperTraits::ComponentType
22>          ]
22>          e:\itksnap\src\logic\imagewrapper\ScalarImageWrapper.h(62) : see reference to class template instantiation 'ImageWrapper<TTraits,TBase>' being compiled
22>          with
22>          [
22>              TTraits=LabelImageWrapperTraits,
22>              TBase=ScalarImageWrapperBase
22>          ]
22>          e:\itksnap\src\logic\framework\GenericImageData.h(73) : see reference to class template instantiation 'ScalarImageWrapper<TTraits>' being compiled
22>          with
22>          [
22>              TTraits=LabelImageWrapperTraits
22>          ]
22>e:\itksnap\src\logic\rleimage\RLEImage.txx(131): warning C4018: '<' : signed/unsigned mismatch
22>e:\itksnap\src\logic\rleimage\RLEImage.txx(141): warning C4018: '<' : signed/unsigned mismatch
22>e:\itksnap\src\logic\rleimage\RLEImage.txx(224): warning C4018: '<' : signed/unsigned mismatch
22>          e:\itksnap\src\logic\rleimage\RLEImage.txx(215) : while compiling class template member function 'const LabelImageWrapperTraits::ComponentType &RLEImage<TPixel>::GetPixel(const itk::Index<VIndexDimension> &) const'
22>          with
22>          [
22>              TPixel=LabelImageWrapperTraits::ComponentType,
22>              VIndexDimension=3
22>          ]
22>          e:\itksnap\src\logic\common\ImageRayIntersectionFinder.txx(102) : see reference to function template instantiation 'const LabelImageWrapperTraits::ComponentType &RLEImage<TPixel>::GetPixel(const itk::Index<VIndexDimension> &) const' being compiled
22>          with
22>          [
22>              TPixel=LabelImageWrapperTraits::ComponentType,
22>              VIndexDimension=3
22>          ]
22>          e:\itksnap\src\logic\rleimage\RLEImage.txx(42) : while compiling class template member function 'void RLEImage<TPixel>::Allocate(bool)'
22>          with
22>          [
22>              TPixel=LabelImageWrapperTraits::ComponentType
22>          ]
21>  GMMTableModel.cxx
22>  AbstractScannerHelper.cxx
22>  AxesWidget.cxx
22>  ScannedHuman.cxx
22>  ScanningROI.cxx
22>E:\itksnap\src\GUI\Renderer\OrientationWidget\Reorient\ScanningROI.cxx(93): warning C4267: 'initializing' : conversion from 'size_t' to 'int', possible loss of data
22>E:\itksnap\src\GUI\Renderer\OrientationWidget\Reorient\ScanningROI.cxx(145): warning C4267: 'return' : conversion from 'size_t' to 'int', possible loss of data
22>  ReorientProps.cxx
21>  AnnotationInteractionMode.cxx
22>  PolyDataAlgorithm2ActorPipe.cxx
22>  Generating Code...
21>  ColorMapBox.cxx
21>  CrosshairsInteractionMode.cxx
21>  GenericSliceView.cxx
21>e:\itksnap\src\logic\rleimage\RLEImage.txx(113): warning C4018: '<' : signed/unsigned mismatch
21>          e:\itksnap\src\logic\rleimage\RLEImage.txx(101) : while compiling class template member function 'int RLEImage<TPixel>::SetPixel(std::vector<_Ty> &,__int64 &,__int64 &,const TPixel &)'
21>          with
21>          [
21>              TPixel=LabelImageWrapperTraits::ComponentType,
21>              _Ty=std::pair<unsigned short,unsigned short>
21>          ]
21>          E:\itksnap\src\Logic\RLEImage\RLEImageRegionIterator.h(71) : see reference to function template instantiation 'int RLEImage<TPixel>::SetPixel(std::vector<_Ty> &,__int64 &,__int64 &,const TPixel &)' being compiled
21>          with
21>          [
21>              TPixel=LabelImageWrapperTraits::ComponentType,
21>              _Ty=std::pair<unsigned short,unsigned short>
21>          ]
21>          e:\itksnap\src\logic\imagewrapper\ImageWrapper.h(97) : see reference to class template instantiation 'RLEImage<TPixel>' being compiled
21>          with
21>          [
21>              TPixel=LabelImageWrapperTraits::ComponentType
21>          ]
21>          e:\itksnap\src\logic\imagewrapper\ScalarImageWrapper.h(62) : see reference to class template instantiation 'ImageWrapper<TTraits,TBase>' being compiled
21>          with
21>          [
21>              TTraits=LabelImageWrapperTraits,
21>              TBase=ScalarImageWrapperBase
21>          ]
21>          E:\itksnap\src\Logic\Framework\GenericImageData.h(73) : see reference to class template instantiation 'ScalarImageWrapper<TTraits>' being compiled
21>          with
21>          [
21>              TTraits=LabelImageWrapperTraits
21>          ]
21>e:\itksnap\src\logic\rleimage\RLEImage.txx(131): warning C4018: '<' : signed/unsigned mismatch
21>e:\itksnap\src\logic\rleimage\RLEImage.txx(141): warning C4018: '<' : signed/unsigned mismatch
21>  GenericView3D.cxx
21>  InteractionModeClient.cxx
21>  QtAbstractOpenGLBox.cxx
21>  QtInteractionDelegateWidget.cxx
21>  QtSimpleOpenGLBox.cxx
21>  QtVTKInteractionDelegateWidget.cxx
21>  QtVTKRenderWindowBox.cxx
21>  PaintbrushInteractionMode.cxx
21>  PolygonDrawingInteractionMode.cxx
21>  RegistrationInteractionMode.cxx
21>  SliceWindowInteractionDelegateWidget.cxx
21>  SnakeROIInteractionMode.cxx
21>  ThumbnailInteractionMode.cxx
21>E:\itksnap\src\GUI\Qt\View\ThumbnailInteractionMode.cxx(100): warning C4146: unary minus operator applied to unsigned type, result still unsigned
21>E:\itksnap\src\GUI\Qt\View\ThumbnailInteractionMode.cxx(157): warning C4146: unary minus operator applied to unsigned type, result still unsigned
21>E:\itksnap\src\GUI\Qt\View\ThumbnailInteractionMode.cxx(174): warning C4146: unary minus operator applied to unsigned type, result still unsigned
21>e:\itksnap\src\logic\rleimage\RLEImage.txx(113): warning C4018: '<' : signed/unsigned mismatch
21>          e:\itksnap\src\logic\rleimage\RLEImage.txx(101) : while compiling class template member function 'int RLEImage<TPixel>::SetPixel(std::vector<_Ty> &,__int64 &,__int64 &,const TPixel &)'
21>          with
21>          [
21>              TPixel=LabelImageWrapperTraits::ComponentType,
21>              _Ty=std::pair<unsigned short,unsigned short>
21>          ]
21>          E:\itksnap\src\Logic\RLEImage\RLEImageRegionIterator.h(71) : see reference to function template instantiation 'int RLEImage<TPixel>::SetPixel(std::vector<_Ty> &,__int64 &,__int64 &,const TPixel &)' being compiled
21>          with
21>          [
21>              TPixel=LabelImageWrapperTraits::ComponentType,
21>              _Ty=std::pair<unsigned short,unsigned short>
21>          ]
21>          E:\itksnap\src\Logic\ImageWrapper\ImageWrapper.h(97) : see reference to class template instantiation 'RLEImage<TPixel>' being compiled
21>          with
21>          [
21>              TPixel=LabelImageWrapperTraits::ComponentType
21>          ]
21>          e:\itksnap\src\logic\imagewrapper\ScalarImageWrapper.h(62) : see reference to class template instantiation 'ImageWrapper<TTraits,TBase>' being compiled
21>          with
21>          [
21>              TTraits=LabelImageWrapperTraits,
21>              TBase=ScalarImageWrapperBase
21>          ]
21>          E:\itksnap\src\Logic\Framework\GenericImageData.h(73) : see reference to class template instantiation 'ScalarImageWrapper<TTraits>' being compiled
21>          with
21>          [
21>              TTraits=LabelImageWrapperTraits
21>          ]
21>e:\itksnap\src\logic\rleimage\RLEImage.txx(131): warning C4018: '<' : signed/unsigned mismatch
21>e:\itksnap\src\logic\rleimage\RLEImage.txx(141): warning C4018: '<' : signed/unsigned mismatch
21>  AboutDialog.cxx
21>  Generating Code...
21>  Compiling...
21>  DropActionDialog.cxx
21>e:\itksnap\src\logic\rleimage\RLEImage.txx(113): warning C4018: '<' : signed/unsigned mismatch
21>          e:\itksnap\src\logic\rleimage\RLEImage.txx(101) : while compiling class template member function 'int RLEImage<TPixel>::SetPixel(std::vector<_Ty> &,__int64 &,__int64 &,const TPixel &)'
21>          with
21>          [
21>              TPixel=LabelImageWrapperTraits::ComponentType,
21>              _Ty=std::pair<unsigned short,unsigned short>
21>          ]
21>          E:\itksnap\src\Logic\RLEImage\RLEImageRegionIterator.h(71) : see reference to function template instantiation 'int RLEImage<TPixel>::SetPixel(std::vector<_Ty> &,__int64 &,__int64 &,const TPixel &)' being compiled
21>          with
21>          [
21>              TPixel=LabelImageWrapperTraits::ComponentType,
21>              _Ty=std::pair<unsigned short,unsigned short>
21>          ]
21>          e:\itksnap\src\logic\imagewrapper\ImageWrapper.h(97) : see reference to class template instantiation 'RLEImage<TPixel>' being compiled
21>          with
21>          [
21>              TPixel=LabelImageWrapperTraits::ComponentType
21>          ]
21>          e:\itksnap\src\logic\imagewrapper\ScalarImageWrapper.h(62) : see reference to class template instantiation 'ImageWrapper<TTraits,TBase>' being compiled
21>          with
21>          [
21>              TTraits=LabelImageWrapperTraits,
21>              TBase=ScalarImageWrapperBase
21>          ]
21>          e:\itksnap\src\logic\framework\GenericImageData.h(73) : see reference to class template instantiation 'ScalarImageWrapper<TTraits>' being compiled
21>          with
21>          [
21>              TTraits=LabelImageWrapperTraits
21>          ]
21>e:\itksnap\src\logic\rleimage\RLEImage.txx(131): warning C4018: '<' : signed/unsigned mismatch
21>e:\itksnap\src\logic\rleimage\RLEImage.txx(141): warning C4018: '<' : signed/unsigned mismatch
21>  ImageIODialog.cxx
21>  ImageIOWizard.cxx
21>  OverlayRolePage.cxx
21>  InterpolateLabelsDialog.cxx
21>  LabelEditorDialog.cxx
21>  LayerInspectorDialog.cxx
21>e:\itksnap\src\logic\rleimage\RLEImage.txx(113): warning C4018: '<' : signed/unsigned mismatch
21>          e:\itksnap\src\logic\rleimage\RLEImage.txx(101) : while compiling class template member function 'int RLEImage<TPixel>::SetPixel(std::vector<_Ty> &,__int64 &,__int64 &,const TPixel &)'
21>          with
21>          [
21>              TPixel=LabelImageWrapperTraits::ComponentType,
21>              _Ty=std::pair<unsigned short,unsigned short>
21>          ]
21>          E:\itksnap\src\Logic\RLEImage\RLEImageRegionIterator.h(71) : see reference to function template instantiation 'int RLEImage<TPixel>::SetPixel(std::vector<_Ty> &,__int64 &,__int64 &,const TPixel &)' being compiled
21>          with
21>          [
21>              TPixel=LabelImageWrapperTraits::ComponentType,
21>              _Ty=std::pair<unsigned short,unsigned short>
21>          ]
21>          E:\itksnap\src\Logic\ImageWrapper\ImageWrapper.h(97) : see reference to class template instantiation 'RLEImage<TPixel>' being compiled
21>          with
21>          [
21>              TPixel=LabelImageWrapperTraits::ComponentType
21>          ]
21>          e:\itksnap\src\logic\imagewrapper\ScalarImageWrapper.h(62) : see reference to class template instantiation 'ImageWrapper<TTraits,TBase>' being compiled
21>          with
21>          [
21>              TTraits=LabelImageWrapperTraits,
21>              TBase=ScalarImageWrapperBase
21>          ]
21>          E:\itksnap\src\Logic\Framework\GenericImageData.h(73) : see reference to class template instantiation 'ScalarImageWrapper<TTraits>' being compiled
21>          with
21>          [
21>              TTraits=LabelImageWrapperTraits
21>          ]
21>e:\itksnap\src\logic\rleimage\RLEImage.txx(131): warning C4018: '<' : signed/unsigned mismatch
21>e:\itksnap\src\logic\rleimage\RLEImage.txx(141): warning C4018: '<' : signed/unsigned mismatch
21>  LabelSelectionPopup.cxx
21>  MainControlPanel.cxx
21>  MainImageWindow.cxx
21>e:\itksnap\src\logic\rleimage\RLEImage.txx(113): warning C4018: '<' : signed/unsigned mismatch
21>          e:\itksnap\src\logic\rleimage\RLEImage.txx(101) : while compiling class template member function 'int RLEImage<TPixel>::SetPixel(std::vector<_Ty> &,__int64 &,__int64 &,const TPixel &)'
21>          with
21>          [
21>              TPixel=LabelImageWrapperTraits::ComponentType,
21>              _Ty=std::pair<unsigned short,unsigned short>
21>          ]
21>          E:\itksnap\src\Logic\RLEImage\RLEImageRegionIterator.h(71) : see reference to function template instantiation 'int RLEImage<TPixel>::SetPixel(std::vector<_Ty> &,__int64 &,__int64 &,const TPixel &)' being compiled
21>          with
21>          [
21>              TPixel=LabelImageWrapperTraits::ComponentType,
21>              _Ty=std::pair<unsigned short,unsigned short>
21>          ]
21>          E:\itksnap\src\Logic\ImageWrapper\ImageWrapper.h(97) : see reference to class template instantiation 'RLEImage<TPixel>' being compiled
21>          with
21>          [
21>              TPixel=LabelImageWrapperTraits::ComponentType
21>          ]
21>          e:\itksnap\src\logic\imagewrapper\ScalarImageWrapper.h(62) : see reference to class template instantiation 'ImageWrapper<TTraits,TBase>' being compiled
21>          with
21>          [
21>              TTraits=LabelImageWrapperTraits,
21>              TBase=ScalarImageWrapperBase
21>          ]
21>          e:\itksnap\src\logic\framework\GenericImageData.h(73) : see reference to class template instantiation 'ScalarImageWrapper<TTraits>' being compiled
21>          with
21>          [
21>              TTraits=LabelImageWrapperTraits
21>          ]
21>e:\itksnap\src\logic\rleimage\RLEImage.txx(131): warning C4018: '<' : signed/unsigned mismatch
21>e:\itksnap\src\logic\rleimage\RLEImage.txx(141): warning C4018: '<' : signed/unsigned mismatch
21>  PreferencesDialog.cxx
21>  QtStyles.cxx
21>  ReorientImageDialog.cxx
21>  ResampleDialog.cxx
21>  SaveModifiedLayersDialog.cxx
21>e:\itksnap\src\logic\rleimage\RLEImage.txx(113): warning C4018: '<' : signed/unsigned mismatch
21>          e:\itksnap\src\logic\rleimage\RLEImage.txx(101) : while compiling class template member function 'int RLEImage<TPixel>::SetPixel(std::vector<_Ty> &,__int64 &,__int64 &,const TPixel &)'
21>          with
21>          [
21>              TPixel=LabelImageWrapperTraits::ComponentType,
21>              _Ty=std::pair<unsigned short,unsigned short>
21>          ]
21>          E:\itksnap\src\Logic\RLEImage\RLEImageRegionIterator.h(71) : see reference to function template instantiation 'int RLEImage<TPixel>::SetPixel(std::vector<_Ty> &,__int64 &,__int64 &,const TPixel &)' being compiled
21>          with
21>          [
21>              TPixel=LabelImageWrapperTraits::ComponentType,
21>              _Ty=std::pair<unsigned short,unsigned short>
21>          ]
21>          e:\itksnap\src\logic\imagewrapper\ImageWrapper.h(97) : see reference to class template instantiation 'RLEImage<TPixel>' being compiled
21>          with
21>          [
21>              TPixel=LabelImageWrapperTraits::ComponentType
21>          ]
21>          e:\itksnap\src\logic\imagewrapper\ScalarImageWrapper.h(62) : see reference to class template instantiation 'ImageWrapper<TTraits,TBase>' being compiled
21>          with
21>          [
21>              TTraits=LabelImageWrapperTraits,
21>              TBase=ScalarImageWrapperBase
21>          ]
21>          e:\itksnap\src\logic\framework\GenericImageData.h(73) : see reference to class template instantiation 'ScalarImageWrapper<TTraits>' being compiled
21>          with
21>          [
21>              TTraits=LabelImageWrapperTraits
21>          ]
21>e:\itksnap\src\logic\rleimage\RLEImage.txx(131): warning C4018: '<' : signed/unsigned mismatch
21>e:\itksnap\src\logic\rleimage\RLEImage.txx(141): warning C4018: '<' : signed/unsigned mismatch
21>  SimpleFileDialogWithHistory.cxx
21>  SnakeParameterDialog.cxx
21>  SpeedImageDialog.cxx
21>e:\itksnap\src\logic\rleimage\RLEImage.txx(113): warning C4018: '<' : signed/unsigned mismatch
21>          e:\itksnap\src\logic\rleimage\RLEImage.txx(101) : while compiling class template member function 'int RLEImage<TPixel>::SetPixel(std::vector<_Ty> &,__int64 &,__int64 &,const TPixel &)'
21>          with
21>          [
21>              TPixel=LabelImageWrapperTraits::ComponentType,
21>              _Ty=std::pair<unsigned short,unsigned short>
21>          ]
21>          E:\itksnap\src\Logic\RLEImage\RLEImageRegionIterator.h(71) : see reference to function template instantiation 'int RLEImage<TPixel>::SetPixel(std::vector<_Ty> &,__int64 &,__int64 &,const TPixel &)' being compiled
21>          with
21>          [
21>              TPixel=LabelImageWrapperTraits::ComponentType,
21>              _Ty=std::pair<unsigned short,unsigned short>
21>          ]
21>          e:\itksnap\src\logic\imagewrapper\ImageWrapper.h(97) : see reference to class template instantiation 'RLEImage<TPixel>' being compiled
21>          with
21>          [
21>              TPixel=LabelImageWrapperTraits::ComponentType
21>          ]
21>          e:\itksnap\src\logic\imagewrapper\ScalarImageWrapper.h(62) : see reference to class template instantiation 'ImageWrapper<TTraits,TBase>' being compiled
21>          with
21>          [
21>              TTraits=LabelImageWrapperTraits,
21>              TBase=ScalarImageWrapperBase
21>          ]
21>          E:\itksnap\src\Logic\Framework\GenericImageData.h(73) : see reference to class template instantiation 'ScalarImageWrapper<TTraits>' being compiled
21>          with
21>          [
21>              TTraits=LabelImageWrapperTraits
21>          ]
21>e:\itksnap\src\logic\rleimage\RLEImage.txx(131): warning C4018: '<' : signed/unsigned mismatch
21>e:\itksnap\src\logic\rleimage\RLEImage.txx(141): warning C4018: '<' : signed/unsigned mismatch
21>  SplashPanel.cxx
21>  StatisticsDialog.cxx
21>  Generating Code...
21>  Compiling...
21>  MeshExportWizard.cxx
21>  MeshExportModePage.cxx
21>  MeshExportBrowsePage.cxx
21>  RegistrationDialog.cxx
21>  SNAPTestQt.cxx
21>  moc_AnnotationToolPanel.cpp
21>  moc_CollapsableGroupBox.cpp
21>  moc_ColorLabelQuickListWidget.cpp
21>  moc_ColorMapInspector.cpp
21>  moc_ContrastInspector.cpp
21>  moc_CursorInspector.cpp
21>  moc_DICOMListingTable.cpp
21>  moc_DisplayLayoutInspector.cpp
21>  moc_FileChooserPanelWithHistory.cpp
21>  moc_HistoryQListModel.cpp
21>  moc_ImageInfoInspector.cpp
21>  moc_LabelInspector.cpp
21>  moc_LabelMiniInspector.cpp
21>  moc_LabelSelectionButton.cpp
21>  moc_LatentITKEventNotifier.cpp
21>  Generating Code...
21>  Compiling...
21>  moc_LayerInspectorRowDelegate.cpp
21>  moc_MetadataInspector.cpp
21>  moc_GeneralLayerInspector.cpp
21>  moc_PaintbrushToolPanel.cpp
21>  moc_PolygonToolPanel.cpp
21>  moc_QActionButton.cpp
21>  moc_QColorButtonWidget.cpp
21>  moc_QDoubleSlider.cpp
21>  moc_QDoubleSliderWithEditor.cpp
21>  moc_QtHideOnDeactivateContainer.cpp
21>  moc_QtIPCManager.cpp
21>  moc_QtWarningDialog.cpp
21>  moc_QtWidgetActivator.cpp
21>  moc_RecentHistoryItemsView.cpp
21>  moc_SnakeToolROIPanel.cpp
21>  moc_SnakeWizardPanel.cpp
21>  moc_SNAPComponent.cpp
21>  moc_SliceViewPanel.cpp
21>  moc_SynchronizationInspector.cpp
21>  moc_ViewPanel3D.cpp
21>  Generating Code...
21>  Compiling...
21>  moc_VoxelIntensityQTableModel.cpp
21>  moc_ZoomInspector.cpp
21>  moc_QtWidgetCoupling.cpp
21>  moc_ColorWheel.cpp
21>  moc_GMMTableModel.cpp
21>  moc_AnnotationInteractionMode.cpp
21>  moc_ColorMapBox.cpp
21>  moc_CrosshairsInteractionMode.cpp
21>  moc_GenericSliceView.cpp
21>  moc_GenericView3D.cpp
21>  moc_QtAbstractOpenGLBox.cpp
21>  moc_QtInteractionDelegateWidget.cpp
21>  moc_QtSimpleOpenGLBox.cpp
21>  moc_QtVTKInteractionDelegateWidget.cpp
21>  moc_QtVTKRenderWindowBox.cpp
21>  moc_PaintbrushInteractionMode.cpp
21>  moc_PolygonDrawingInteractionMode.cpp
21>  moc_RegistrationInteractionMode.cpp
21>  moc_SliceWindowInteractionDelegateWidget.cpp
21>  moc_SnakeROIInteractionMode.cpp
21>  Generating Code...
21>  Compiling...
21>  moc_ThumbnailInteractionMode.cpp
21>  moc_AboutDialog.cpp
21>  moc_DropActionDialog.cpp
21>  moc_ImageIODialog.cpp
21>  moc_ImageIOWizard.cpp
21>  moc_OverlayRolePage.cpp
21>  moc_InterpolateLabelsDialog.cpp
21>  moc_LabelEditorDialog.cpp
21>  moc_LayerInspectorDialog.cpp
21>  moc_LabelSelectionPopup.cpp
21>  moc_MainControlPanel.cpp
21>  moc_MainImageWindow.cpp
21>  moc_PreferencesDialog.cpp
21>  moc_ReorientImageDialog.cpp
21>  moc_ResampleDialog.cpp
21>  moc_SaveModifiedLayersDialog.cpp
21>  moc_SimpleFileDialogWithHistory.cpp
21>  moc_SnakeParameterDialog.cpp
21>  moc_SpeedImageDialog.cpp
21>  moc_SplashPanel.cpp
21>  Generating Code...
21>  Compiling...
21>  moc_StatisticsDialog.cpp
21>  moc_MeshExportWizard.cpp
21>  moc_MeshExportModePage.cpp
21>  moc_MeshExportBrowsePage.cpp
21>  moc_RegistrationDialog.cpp
21>  moc_SNAPTestQt.cpp
21>  qrc_SNAPResources.cpp
21>  qrc_SNAPResources_Linux.cpp
21>  qrc_SNAPResources_MacOS.cpp
21>  qrc_SNAPResources_Windows.cpp
21>  qrc_TestingScripts.cpp
21>  Generating Code...
23>------ Build started: Project: ITK-SNAP, Configuration: Debug x64 ------
24>------ Build started: Project: Test_OrientationWidget, Configuration: Debug x64 ------
23>  Building Custom Rule E:/itksnap/src/CMakeLists.txt
24>  Building Custom Rule E:/itksnap/src/CMakeLists.txt
24>  CMake does not need to re-run because E:\itksnap\bin\CMakeFiles\generate.stamp is up-to-date.
24>  Generating ui_OrientationWidgetGUI.h
24>  Generating GUI/Renderer/OrientationWidget/Test_OrientationWidget/moc_OrientationWidgetGUI.cpp
23>  CMake does not need to re-run because E:\itksnap\bin\CMakeFiles\generate.stamp is up-to-date.
23>  main.cxx
24>  OrientationWidgetGUI.cxx
23>e:\itksnap\src\logic\rleimage\RLEImage.txx(113): warning C4018: '<' : signed/unsigned mismatch
23>          e:\itksnap\src\logic\rleimage\RLEImage.txx(101) : while compiling class template member function 'int RLEImage<TPixel>::SetPixel(std::vector<_Ty> &,__int64 &,__int64 &,const TPixel &)'
23>          with
23>          [
23>              TPixel=LabelImageWrapperTraits::ComponentType,
23>              _Ty=std::pair<unsigned short,unsigned short>
23>          ]
23>          E:\itksnap\src\Logic\RLEImage\RLEImageRegionIterator.h(71) : see reference to function template instantiation 'int RLEImage<TPixel>::SetPixel(std::vector<_Ty> &,__int64 &,__int64 &,const TPixel &)' being compiled
23>          with
23>          [
23>              TPixel=LabelImageWrapperTraits::ComponentType,
23>              _Ty=std::pair<unsigned short,unsigned short>
23>          ]
23>          E:\itksnap\src\Logic\ImageWrapper\ImageWrapper.h(97) : see reference to class template instantiation 'RLEImage<TPixel>' being compiled
23>          with
23>          [
23>              TPixel=LabelImageWrapperTraits::ComponentType
23>          ]
23>          e:\itksnap\src\logic\imagewrapper\ScalarImageWrapper.h(62) : see reference to class template instantiation 'ImageWrapper<TTraits,TBase>' being compiled
23>          with
23>          [
23>              TTraits=LabelImageWrapperTraits,
23>              TBase=ScalarImageWrapperBase
23>          ]
23>          e:\itksnap\src\logic\framework\GenericImageData.h(73) : see reference to class template instantiation 'ScalarImageWrapper<TTraits>' being compiled
23>          with
23>          [
23>              TTraits=LabelImageWrapperTraits
23>          ]
23>e:\itksnap\src\logic\rleimage\RLEImage.txx(131): warning C4018: '<' : signed/unsigned mismatch
23>e:\itksnap\src\logic\rleimage\RLEImage.txx(141): warning C4018: '<' : signed/unsigned mismatch
23>LINK : fatal error LNK1104: cannot open file 'Debug\itksnapui_qt.lib'
24>  main.cxx
24>  moc_OrientationWidgetGUI.cpp
24>  Generating Code...
24>LINK : fatal error LNK1104: cannot open file 'Debug\itksnapui_qt.lib'
25>------ Build started: Project: ALL_BUILD, Configuration: Debug x64 ------
25>  Building Custom Rule E:/itksnap/src/CMakeLists.txt
25>  CMake does not need to re-run because E:\itksnap\bin\CMakeFiles\generate.stamp is up-to-date.
26>------ Skipped Build: Project: INSTALL, Configuration: Debug x64 ------
26>Project not selected to build for this solution configuration 
27>------ Skipped Build: Project: PACKAGE, Configuration: Debug x64 ------
27>Project not selected to build for this solution configuration 
========== Build: 10 succeeded, 8 failed, 0 up-to-date, 9 skipped ==========
